[0.163s] DEBUG:colcon:Command line arguments: ['/usr/bin/colcon', 'build', '--packages-select', 'carla_mapping']
[0.163s] DEBUG:colcon:Parsed command line arguments: Namespace(log_base=None, log_level=None, verb_name='build', build_base='build', install_base='install', merge_install=False, symlink_install=False, test_result_base=None, continue_on_error=False, executor='parallel', parallel_workers=16, event_handlers=None, ignore_user_meta=False, metas=['./colcon.meta'], base_paths=['.'], packages_ignore=None, packages_ignore_regex=None, paths=None, packages_up_to=None, packages_up_to_regex=None, packages_above=None, packages_above_and_dependencies=None, packages_above_depth=None, packages_select_by_dep=None, packages_skip_by_dep=None, packages_skip_up_to=None, packages_select_build_failed=False, packages_skip_build_finished=False, packages_select_test_failures=False, packages_skip_test_passed=False, packages_select=['carla_mapping'], packages_skip=None, packages_select_regex=None, packages_skip_regex=None, packages_start=None, packages_end=None, allow_overriding=[], cmake_args=None, cmake_target=None, cmake_target_skip_unavailable=False, cmake_clean_cache=False, cmake_clean_first=False, cmake_force_configure=False, ament_cmake_args=None, catkin_cmake_args=None, catkin_skip_building_tests=False, mixin_files=None, mixin=None, verb_parser=<colcon_mixin.mixin.mixin_argument.MixinArgumentDecorator object at 0x71c7e5ae9e40>, verb_extension=<colcon_core.verb.build.BuildVerb object at 0x71c7e5ae98a0>, main=<bound method BuildVerb.main of <colcon_core.verb.build.BuildVerb object at 0x71c7e5ae98a0>>, mixin_verb=('build',))
[0.355s] Level 1:colcon.colcon_core.package_discovery:discover_packages(colcon_meta) check parameters
[0.355s] Level 1:colcon.colcon_core.package_discovery:discover_packages(recursive) check parameters
[0.355s] Level 1:colcon.colcon_core.package_discovery:discover_packages(ignore) check parameters
[0.355s] Level 1:colcon.colcon_core.package_discovery:discover_packages(path) check parameters
[0.355s] Level 1:colcon.colcon_core.package_discovery:discover_packages(colcon_meta) discover
[0.355s] Level 1:colcon.colcon_core.package_discovery:discover_packages(recursive) discover
[0.355s] INFO:colcon.colcon_core.package_discovery:Crawling recursively for packages in '/home/fibo4/open_topic_6523_ws'
[0.355s] Level 1:colcon.colcon_core.package_identification:_identify(.) by extensions ['ignore', 'ignore_ament_install']
[0.355s] Level 1:colcon.colcon_core.package_identification:_identify(.) by extension 'ignore'
[0.355s] Level 1:colcon.colcon_core.package_identification:_identify(.) by extension 'ignore_ament_install'
[0.355s] Level 1:colcon.colcon_core.package_identification:_identify(.) by extensions ['colcon_pkg']
[0.355s] Level 1:colcon.colcon_core.package_identification:_identify(.) by extension 'colcon_pkg'
[0.355s] Level 1:colcon.colcon_core.package_identification:_identify(.) by extensions ['colcon_meta']
[0.355s] Level 1:colcon.colcon_core.package_identification:_identify(.) by extension 'colcon_meta'
[0.355s] Level 1:colcon.colcon_core.package_identification:_identify(.) by extensions ['ros']
[0.355s] Level 1:colcon.colcon_core.package_identification:_identify(.) by extension 'ros'
[0.369s] Level 1:colcon.colcon_core.package_identification:_identify(.) by extensions ['cmake', 'python']
[0.369s] Level 1:colcon.colcon_core.package_identification:_identify(.) by extension 'cmake'
[0.369s] Level 1:colcon.colcon_core.package_identification:_identify(.) by extension 'python'
[0.369s] Level 1:colcon.colcon_core.package_identification:_identify(.) by extensions ['python_setup_py']
[0.369s] Level 1:colcon.colcon_core.package_identification:_identify(.) by extension 'python_setup_py'
[0.369s] Level 1:colcon.colcon_core.package_identification:_identify(build) by extensions ['ignore', 'ignore_ament_install']
[0.370s] Level 1:colcon.colcon_core.package_identification:_identify(build) by extension 'ignore'
[0.370s] Level 1:colcon.colcon_core.package_identification:_identify(build) ignored
[0.370s] Level 1:colcon.colcon_core.package_identification:_identify(install) by extensions ['ignore', 'ignore_ament_install']
[0.370s] Level 1:colcon.colcon_core.package_identification:_identify(install) by extension 'ignore'
[0.370s] Level 1:colcon.colcon_core.package_identification:_identify(install) ignored
[0.370s] Level 1:colcon.colcon_core.package_identification:_identify(log) by extensions ['ignore', 'ignore_ament_install']
[0.370s] Level 1:colcon.colcon_core.package_identification:_identify(log) by extension 'ignore'
[0.370s] Level 1:colcon.colcon_core.package_identification:_identify(log) ignored
[0.370s] Level 1:colcon.colcon_core.package_identification:_identify(src) by extensions ['ignore', 'ignore_ament_install']
[0.370s] Level 1:colcon.colcon_core.package_identification:_identify(src) by extension 'ignore'
[0.370s] Level 1:colcon.colcon_core.package_identification:_identify(src) by extension 'ignore_ament_install'
[0.370s] Level 1:colcon.colcon_core.package_identification:_identify(src) by extensions ['colcon_pkg']
[0.370s] Level 1:colcon.colcon_core.package_identification:_identify(src) by extension 'colcon_pkg'
[0.370s] Level 1:colcon.colcon_core.package_identification:_identify(src) by extensions ['colcon_meta']
[0.370s] Level 1:colcon.colcon_core.package_identification:_identify(src) by extension 'colcon_meta'
[0.370s] Level 1:colcon.colcon_core.package_identification:_identify(src) by extensions ['ros']
[0.370s] Level 1:colcon.colcon_core.package_identification:_identify(src) by extension 'ros'
[0.370s] Level 1:colcon.colcon_core.package_identification:_identify(src) by extensions ['cmake', 'python']
[0.370s] Level 1:colcon.colcon_core.package_identification:_identify(src) by extension 'cmake'
[0.370s] Level 1:colcon.colcon_core.package_identification:_identify(src) by extension 'python'
[0.370s] Level 1:colcon.colcon_core.package_identification:_identify(src) by extensions ['python_setup_py']
[0.370s] Level 1:colcon.colcon_core.package_identification:_identify(src) by extension 'python_setup_py'
[0.370s] Level 1:colcon.colcon_core.package_identification:_identify(src/carla_mapping) by extensions ['ignore', 'ignore_ament_install']
[0.370s] Level 1:colcon.colcon_core.package_identification:_identify(src/carla_mapping) by extension 'ignore'
[0.370s] Level 1:colcon.colcon_core.package_identification:_identify(src/carla_mapping) by extension 'ignore_ament_install'
[0.370s] Level 1:colcon.colcon_core.package_identification:_identify(src/carla_mapping) by extensions ['colcon_pkg']
[0.370s] Level 1:colcon.colcon_core.package_identification:_identify(src/carla_mapping) by extension 'colcon_pkg'
[0.370s] Level 1:colcon.colcon_core.package_identification:_identify(src/carla_mapping) by extensions ['colcon_meta']
[0.370s] Level 1:colcon.colcon_core.package_identification:_identify(src/carla_mapping) by extension 'colcon_meta'
[0.370s] Level 1:colcon.colcon_core.package_identification:_identify(src/carla_mapping) by extensions ['ros']
[0.370s] Level 1:colcon.colcon_core.package_identification:_identify(src/carla_mapping) by extension 'ros'
[0.373s] DEBUG:colcon.colcon_core.package_identification:Package 'src/carla_mapping' with type 'ros.ament_cmake' and name 'carla_mapping'
[0.373s] Level 1:colcon.colcon_core.package_discovery:discover_packages(recursive) using defaults
[0.373s] Level 1:colcon.colcon_core.package_discovery:discover_packages(ignore) discover
[0.373s] Level 1:colcon.colcon_core.package_discovery:discover_packages(ignore) using defaults
[0.373s] Level 1:colcon.colcon_core.package_discovery:discover_packages(path) discover
[0.373s] Level 1:colcon.colcon_core.package_discovery:discover_packages(path) using defaults
[0.397s] Level 1:colcon.colcon_core.package_discovery:discover_packages(prefix_path) check parameters
[0.397s] Level 1:colcon.colcon_core.package_discovery:discover_packages(prefix_path) discover
[0.463s] DEBUG:colcon.colcon_installed_package_information.package_discovery:Found 392 installed packages in /home/fibo4/autoware/install
[0.466s] DEBUG:colcon.colcon_installed_package_information.package_discovery:Found 19 installed packages in /home/fibo4/carla-ros-bridge/install
[0.467s] DEBUG:colcon.colcon_installed_package_information.package_discovery:Found 26 installed packages in /home/fibo4/ros2_ws/install
[0.468s] DEBUG:colcon.colcon_installed_package_information.package_discovery:Found 27 installed packages in /home/fibo4/ros2_ws/src/install
[0.470s] DEBUG:colcon.colcon_installed_package_information.package_discovery:Found 379 installed packages in /opt/ros/humble
[0.472s] Level 1:colcon.colcon_core.package_discovery:discover_packages(prefix_path) using defaults
[0.955s] Level 5:colcon.colcon_core.verb:set package 'carla_mapping' build argument 'cmake_args' from command line to 'None'
[0.955s] Level 5:colcon.colcon_core.verb:set package 'carla_mapping' build argument 'cmake_target' from command line to 'None'
[0.955s] Level 5:colcon.colcon_core.verb:set package 'carla_mapping' build argument 'cmake_target_skip_unavailable' from command line to 'False'
[0.955s] Level 5:colcon.colcon_core.verb:set package 'carla_mapping' build argument 'cmake_clean_cache' from command line to 'False'
[0.955s] Level 5:colcon.colcon_core.verb:set package 'carla_mapping' build argument 'cmake_clean_first' from command line to 'False'
[0.955s] Level 5:colcon.colcon_core.verb:set package 'carla_mapping' build argument 'cmake_force_configure' from command line to 'False'
[0.955s] Level 5:colcon.colcon_core.verb:set package 'carla_mapping' build argument 'ament_cmake_args' from command line to 'None'
[0.955s] Level 5:colcon.colcon_core.verb:set package 'carla_mapping' build argument 'catkin_cmake_args' from command line to 'None'
[0.955s] Level 5:colcon.colcon_core.verb:set package 'carla_mapping' build argument 'catkin_skip_building_tests' from command line to 'False'
[0.955s] DEBUG:colcon.colcon_core.verb:Building package 'carla_mapping' with the following arguments: {'ament_cmake_args': None, 'build_base': '/home/fibo4/open_topic_6523_ws/build/carla_mapping', 'catkin_cmake_args': None, 'catkin_skip_building_tests': False, 'cmake_args': None, 'cmake_clean_cache': False, 'cmake_clean_first': False, 'cmake_force_configure': False, 'cmake_target': None, 'cmake_target_skip_unavailable': False, 'install_base': '/home/fibo4/open_topic_6523_ws/install/carla_mapping', 'merge_install': False, 'path': '/home/fibo4/open_topic_6523_ws/src/carla_mapping', 'symlink_install': False, 'test_result_base': None}
[0.955s] INFO:colcon.colcon_core.executor:Executing jobs using 'parallel' executor
[0.957s] DEBUG:colcon.colcon_parallel_executor.executor.parallel:run_until_complete
[0.957s] INFO:colcon.colcon_ros.task.ament_cmake.build:Building ROS package in '/home/fibo4/open_topic_6523_ws/src/carla_mapping' with build type 'ament_cmake'
[0.957s] INFO:colcon.colcon_cmake.task.cmake.build:Building CMake package in '/home/fibo4/open_topic_6523_ws/src/carla_mapping'
[0.960s] INFO:colcon.colcon_core.plugin_system:Skipping extension 'colcon_core.shell.bat': Not used on non-Windows systems
[0.960s] INFO:colcon.colcon_core.shell:Skip shell extension 'powershell' for command environment: Not usable outside of PowerShell
[0.960s] DEBUG:colcon.colcon_core.shell:Skip shell extension 'dsv' for command environment
[1.000s] DEBUG:colcon.colcon_core.event_handler.log_command:Invoking command in '/home/fibo4/open_topic_6523_ws/build/carla_mapping': CMAKE_PREFIX_PATH=${CMAKE_PREFIX_PATH}:/home/fibo4/autoware/install/autoware_carla_interface:/home/fibo4/autoware/install/rqt_carla_control:/home/fibo4/autoware/install/carla_waypoint_publisher:/home/fibo4/autoware/install/carla_ackermann_control:/home/fibo4/autoware/install/carla_ros_bridge:/home/fibo4/autoware/install/carla_spawn_objects:/home/fibo4/autoware/install/carla_manual_control:/home/fibo4/autoware/install/carla_ad_agent:/home/fibo4/autoware/install/ros_compatibility:/home/fibo4/autoware/install/carla_walker_agent:/home/fibo4/autoware/install/carla_twist_to_control:/home/fibo4/autoware/install/carla_tesla_model3_description:/home/fibo4/autoware/install/carla_ros_scenario_runner:/home/fibo4/autoware/install/carla_common:/home/fibo4/autoware/install/carla_autoware_bridge:/home/fibo4/autoware/install/ad_api_visualizers:/home/fibo4/carla-ros-bridge/install/rqt_carla_control:/home/fibo4/carla-ros-bridge/install/carla_waypoint_publisher:/home/fibo4/carla-ros-bridge/install/carla_ackermann_control:/home/fibo4/carla-ros-bridge/install/carla_ros_bridge:/home/fibo4/carla-ros-bridge/install/carla_spawn_objects:/home/fibo4/carla-ros-bridge/install/carla_manual_control:/home/fibo4/carla-ros-bridge/install/carla_ad_agent:/home/fibo4/carla-ros-bridge/install/ros_compatibility:/home/fibo4/carla-ros-bridge/install/carla_walker_agent:/home/fibo4/carla-ros-bridge/install/carla_twist_to_control:/home/fibo4/carla-ros-bridge/install/carla_ros_scenario_runner:/home/fibo4/carla-ros-bridge/install/carla_common:/opt/ros/humble /usr/bin/cmake /home/fibo4/open_topic_6523_ws/src/carla_mapping -DCMAKE_INSTALL_PREFIX=/home/fibo4/open_topic_6523_ws/install/carla_mapping
[4.623s] DEBUG:colcon.colcon_core.event_handler.log_command:Invoked command in '/home/fibo4/open_topic_6523_ws/build/carla_mapping' returned '0': CMAKE_PREFIX_PATH=${CMAKE_PREFIX_PATH}:/home/fibo4/autoware/install/autoware_carla_interface:/home/fibo4/autoware/install/rqt_carla_control:/home/fibo4/autoware/install/carla_waypoint_publisher:/home/fibo4/autoware/install/carla_ackermann_control:/home/fibo4/autoware/install/carla_ros_bridge:/home/fibo4/autoware/install/carla_spawn_objects:/home/fibo4/autoware/install/carla_manual_control:/home/fibo4/autoware/install/carla_ad_agent:/home/fibo4/autoware/install/ros_compatibility:/home/fibo4/autoware/install/carla_walker_agent:/home/fibo4/autoware/install/carla_twist_to_control:/home/fibo4/autoware/install/carla_tesla_model3_description:/home/fibo4/autoware/install/carla_ros_scenario_runner:/home/fibo4/autoware/install/carla_common:/home/fibo4/autoware/install/carla_autoware_bridge:/home/fibo4/autoware/install/ad_api_visualizers:/home/fibo4/carla-ros-bridge/install/rqt_carla_control:/home/fibo4/carla-ros-bridge/install/carla_waypoint_publisher:/home/fibo4/carla-ros-bridge/install/carla_ackermann_control:/home/fibo4/carla-ros-bridge/install/carla_ros_bridge:/home/fibo4/carla-ros-bridge/install/carla_spawn_objects:/home/fibo4/carla-ros-bridge/install/carla_manual_control:/home/fibo4/carla-ros-bridge/install/carla_ad_agent:/home/fibo4/carla-ros-bridge/install/ros_compatibility:/home/fibo4/carla-ros-bridge/install/carla_walker_agent:/home/fibo4/carla-ros-bridge/install/carla_twist_to_control:/home/fibo4/carla-ros-bridge/install/carla_ros_scenario_runner:/home/fibo4/carla-ros-bridge/install/carla_common:/opt/ros/humble /usr/bin/cmake /home/fibo4/open_topic_6523_ws/src/carla_mapping -DCMAKE_INSTALL_PREFIX=/home/fibo4/open_topic_6523_ws/install/carla_mapping
[4.625s] DEBUG:colcon.colcon_core.event_handler.log_command:Invoking command in '/home/fibo4/open_topic_6523_ws/build/carla_mapping': CMAKE_PREFIX_PATH=${CMAKE_PREFIX_PATH}:/home/fibo4/autoware/install/autoware_carla_interface:/home/fibo4/autoware/install/rqt_carla_control:/home/fibo4/autoware/install/carla_waypoint_publisher:/home/fibo4/autoware/install/carla_ackermann_control:/home/fibo4/autoware/install/carla_ros_bridge:/home/fibo4/autoware/install/carla_spawn_objects:/home/fibo4/autoware/install/carla_manual_control:/home/fibo4/autoware/install/carla_ad_agent:/home/fibo4/autoware/install/ros_compatibility:/home/fibo4/autoware/install/carla_walker_agent:/home/fibo4/autoware/install/carla_twist_to_control:/home/fibo4/autoware/install/carla_tesla_model3_description:/home/fibo4/autoware/install/carla_ros_scenario_runner:/home/fibo4/autoware/install/carla_common:/home/fibo4/autoware/install/carla_autoware_bridge:/home/fibo4/autoware/install/ad_api_visualizers:/home/fibo4/carla-ros-bridge/install/rqt_carla_control:/home/fibo4/carla-ros-bridge/install/carla_waypoint_publisher:/home/fibo4/carla-ros-bridge/install/carla_ackermann_control:/home/fibo4/carla-ros-bridge/install/carla_ros_bridge:/home/fibo4/carla-ros-bridge/install/carla_spawn_objects:/home/fibo4/carla-ros-bridge/install/carla_manual_control:/home/fibo4/carla-ros-bridge/install/carla_ad_agent:/home/fibo4/carla-ros-bridge/install/ros_compatibility:/home/fibo4/carla-ros-bridge/install/carla_walker_agent:/home/fibo4/carla-ros-bridge/install/carla_twist_to_control:/home/fibo4/carla-ros-bridge/install/carla_ros_scenario_runner:/home/fibo4/carla-ros-bridge/install/carla_common:/opt/ros/humble /usr/bin/cmake --build /home/fibo4/open_topic_6523_ws/build/carla_mapping -- -j16 -l16
[5.252s] DEBUG:colcon.colcon_core.event_handler.log_command:Invoked command in '/home/fibo4/open_topic_6523_ws/build/carla_mapping' returned '0': CMAKE_PREFIX_PATH=${CMAKE_PREFIX_PATH}:/home/fibo4/autoware/install/autoware_carla_interface:/home/fibo4/autoware/install/rqt_carla_control:/home/fibo4/autoware/install/carla_waypoint_publisher:/home/fibo4/autoware/install/carla_ackermann_control:/home/fibo4/autoware/install/carla_ros_bridge:/home/fibo4/autoware/install/carla_spawn_objects:/home/fibo4/autoware/install/carla_manual_control:/home/fibo4/autoware/install/carla_ad_agent:/home/fibo4/autoware/install/ros_compatibility:/home/fibo4/autoware/install/carla_walker_agent:/home/fibo4/autoware/install/carla_twist_to_control:/home/fibo4/autoware/install/carla_tesla_model3_description:/home/fibo4/autoware/install/carla_ros_scenario_runner:/home/fibo4/autoware/install/carla_common:/home/fibo4/autoware/install/carla_autoware_bridge:/home/fibo4/autoware/install/ad_api_visualizers:/home/fibo4/carla-ros-bridge/install/rqt_carla_control:/home/fibo4/carla-ros-bridge/install/carla_waypoint_publisher:/home/fibo4/carla-ros-bridge/install/carla_ackermann_control:/home/fibo4/carla-ros-bridge/install/carla_ros_bridge:/home/fibo4/carla-ros-bridge/install/carla_spawn_objects:/home/fibo4/carla-ros-bridge/install/carla_manual_control:/home/fibo4/carla-ros-bridge/install/carla_ad_agent:/home/fibo4/carla-ros-bridge/install/ros_compatibility:/home/fibo4/carla-ros-bridge/install/carla_walker_agent:/home/fibo4/carla-ros-bridge/install/carla_twist_to_control:/home/fibo4/carla-ros-bridge/install/carla_ros_scenario_runner:/home/fibo4/carla-ros-bridge/install/carla_common:/opt/ros/humble /usr/bin/cmake --build /home/fibo4/open_topic_6523_ws/build/carla_mapping -- -j16 -l16
[5.280s] DEBUG:colcon.colcon_core.event_handler.log_command:Invoking command in '/home/fibo4/open_topic_6523_ws/build/carla_mapping': CMAKE_PREFIX_PATH=${CMAKE_PREFIX_PATH}:/home/fibo4/autoware/install/autoware_carla_interface:/home/fibo4/autoware/install/rqt_carla_control:/home/fibo4/autoware/install/carla_waypoint_publisher:/home/fibo4/autoware/install/carla_ackermann_control:/home/fibo4/autoware/install/carla_ros_bridge:/home/fibo4/autoware/install/carla_spawn_objects:/home/fibo4/autoware/install/carla_manual_control:/home/fibo4/autoware/install/carla_ad_agent:/home/fibo4/autoware/install/ros_compatibility:/home/fibo4/autoware/install/carla_walker_agent:/home/fibo4/autoware/install/carla_twist_to_control:/home/fibo4/autoware/install/carla_tesla_model3_description:/home/fibo4/autoware/install/carla_ros_scenario_runner:/home/fibo4/autoware/install/carla_common:/home/fibo4/autoware/install/carla_autoware_bridge:/home/fibo4/autoware/install/ad_api_visualizers:/home/fibo4/carla-ros-bridge/install/rqt_carla_control:/home/fibo4/carla-ros-bridge/install/carla_waypoint_publisher:/home/fibo4/carla-ros-bridge/install/carla_ackermann_control:/home/fibo4/carla-ros-bridge/install/carla_ros_bridge:/home/fibo4/carla-ros-bridge/install/carla_spawn_objects:/home/fibo4/carla-ros-bridge/install/carla_manual_control:/home/fibo4/carla-ros-bridge/install/carla_ad_agent:/home/fibo4/carla-ros-bridge/install/ros_compatibility:/home/fibo4/carla-ros-bridge/install/carla_walker_agent:/home/fibo4/carla-ros-bridge/install/carla_twist_to_control:/home/fibo4/carla-ros-bridge/install/carla_ros_scenario_runner:/home/fibo4/carla-ros-bridge/install/carla_common:/opt/ros/humble /usr/bin/cmake --install /home/fibo4/open_topic_6523_ws/build/carla_mapping
[5.378s] Level 1:colcon.colcon_core.environment:create_environment_scripts_only(carla_mapping)
[5.379s] DEBUG:colcon.colcon_core.event_handler.log_command:Invoked command in '/home/fibo4/open_topic_6523_ws/build/carla_mapping' returned '0': CMAKE_PREFIX_PATH=${CMAKE_PREFIX_PATH}:/home/fibo4/autoware/install/autoware_carla_interface:/home/fibo4/autoware/install/rqt_carla_control:/home/fibo4/autoware/install/carla_waypoint_publisher:/home/fibo4/autoware/install/carla_ackermann_control:/home/fibo4/autoware/install/carla_ros_bridge:/home/fibo4/autoware/install/carla_spawn_objects:/home/fibo4/autoware/install/carla_manual_control:/home/fibo4/autoware/install/carla_ad_agent:/home/fibo4/autoware/install/ros_compatibility:/home/fibo4/autoware/install/carla_walker_agent:/home/fibo4/autoware/install/carla_twist_to_control:/home/fibo4/autoware/install/carla_tesla_model3_description:/home/fibo4/autoware/install/carla_ros_scenario_runner:/home/fibo4/autoware/install/carla_common:/home/fibo4/autoware/install/carla_autoware_bridge:/home/fibo4/autoware/install/ad_api_visualizers:/home/fibo4/carla-ros-bridge/install/rqt_carla_control:/home/fibo4/carla-ros-bridge/install/carla_waypoint_publisher:/home/fibo4/carla-ros-bridge/install/carla_ackermann_control:/home/fibo4/carla-ros-bridge/install/carla_ros_bridge:/home/fibo4/carla-ros-bridge/install/carla_spawn_objects:/home/fibo4/carla-ros-bridge/install/carla_manual_control:/home/fibo4/carla-ros-bridge/install/carla_ad_agent:/home/fibo4/carla-ros-bridge/install/ros_compatibility:/home/fibo4/carla-ros-bridge/install/carla_walker_agent:/home/fibo4/carla-ros-bridge/install/carla_twist_to_control:/home/fibo4/carla-ros-bridge/install/carla_ros_scenario_runner:/home/fibo4/carla-ros-bridge/install/carla_common:/opt/ros/humble /usr/bin/cmake --install /home/fibo4/open_topic_6523_ws/build/carla_mapping
[5.383s] Level 1:colcon.colcon_core.environment:checking '/home/fibo4/open_topic_6523_ws/install/carla_mapping' for CMake module files
[5.383s] Level 1:colcon.colcon_core.environment:checking '/home/fibo4/open_topic_6523_ws/install/carla_mapping' for CMake config files
[5.384s] Level 1:colcon.colcon_core.shell:create_environment_hook('carla_mapping', 'cmake_prefix_path')
[5.384s] INFO:colcon.colcon_core.shell:Creating environment hook '/home/fibo4/open_topic_6523_ws/install/carla_mapping/share/carla_mapping/hook/cmake_prefix_path.ps1'
[5.384s] INFO:colcon.colcon_core.shell:Creating environment descriptor '/home/fibo4/open_topic_6523_ws/install/carla_mapping/share/carla_mapping/hook/cmake_prefix_path.dsv'
[5.385s] INFO:colcon.colcon_core.shell:Creating environment hook '/home/fibo4/open_topic_6523_ws/install/carla_mapping/share/carla_mapping/hook/cmake_prefix_path.sh'
[5.386s] Level 1:colcon.colcon_core.environment:checking '/home/fibo4/open_topic_6523_ws/install/carla_mapping/lib'
[5.386s] Level 1:colcon.colcon_core.environment:checking '/home/fibo4/open_topic_6523_ws/install/carla_mapping/bin'
[5.386s] Level 1:colcon.colcon_core.environment:checking '/home/fibo4/open_topic_6523_ws/install/carla_mapping/lib/pkgconfig/carla_mapping.pc'
[5.387s] Level 1:colcon.colcon_core.environment:checking '/home/fibo4/open_topic_6523_ws/install/carla_mapping/lib/python3.10/site-packages'
[5.387s] Level 1:colcon.colcon_core.environment:checking '/home/fibo4/open_topic_6523_ws/install/carla_mapping/bin'
[5.387s] INFO:colcon.colcon_core.shell:Creating package script '/home/fibo4/open_topic_6523_ws/install/carla_mapping/share/carla_mapping/package.ps1'
[5.388s] INFO:colcon.colcon_core.shell:Creating package descriptor '/home/fibo4/open_topic_6523_ws/install/carla_mapping/share/carla_mapping/package.dsv'
[5.389s] INFO:colcon.colcon_core.shell:Creating package script '/home/fibo4/open_topic_6523_ws/install/carla_mapping/share/carla_mapping/package.sh'
[5.390s] INFO:colcon.colcon_core.shell:Creating package script '/home/fibo4/open_topic_6523_ws/install/carla_mapping/share/carla_mapping/package.bash'
[5.390s] INFO:colcon.colcon_core.shell:Creating package script '/home/fibo4/open_topic_6523_ws/install/carla_mapping/share/carla_mapping/package.zsh'
[5.391s] Level 1:colcon.colcon_core.environment:create_file_with_runtime_dependencies(/home/fibo4/open_topic_6523_ws/install/carla_mapping/share/colcon-core/packages/carla_mapping)
[5.391s] Level 1:colcon.colcon_core.environment:create_environment_scripts_only(carla_mapping)
[5.392s] Level 1:colcon.colcon_core.environment:checking '/home/fibo4/open_topic_6523_ws/install/carla_mapping' for CMake module files
[5.392s] Level 1:colcon.colcon_core.environment:checking '/home/fibo4/open_topic_6523_ws/install/carla_mapping' for CMake config files
[5.392s] Level 1:colcon.colcon_core.shell:create_environment_hook('carla_mapping', 'cmake_prefix_path')
[5.392s] INFO:colcon.colcon_core.shell:Creating environment hook '/home/fibo4/open_topic_6523_ws/install/carla_mapping/share/carla_mapping/hook/cmake_prefix_path.ps1'
[5.393s] INFO:colcon.colcon_core.shell:Creating environment descriptor '/home/fibo4/open_topic_6523_ws/install/carla_mapping/share/carla_mapping/hook/cmake_prefix_path.dsv'
[5.393s] INFO:colcon.colcon_core.shell:Creating environment hook '/home/fibo4/open_topic_6523_ws/install/carla_mapping/share/carla_mapping/hook/cmake_prefix_path.sh'
[5.393s] Level 1:colcon.colcon_core.environment:checking '/home/fibo4/open_topic_6523_ws/install/carla_mapping/lib'
[5.393s] Level 1:colcon.colcon_core.environment:checking '/home/fibo4/open_topic_6523_ws/install/carla_mapping/bin'
[5.393s] Level 1:colcon.colcon_core.environment:checking '/home/fibo4/open_topic_6523_ws/install/carla_mapping/lib/pkgconfig/carla_mapping.pc'
[5.393s] Level 1:colcon.colcon_core.environment:checking '/home/fibo4/open_topic_6523_ws/install/carla_mapping/lib/python3.10/site-packages'
[5.394s] Level 1:colcon.colcon_core.environment:checking '/home/fibo4/open_topic_6523_ws/install/carla_mapping/bin'
[5.394s] INFO:colcon.colcon_core.shell:Creating package script '/home/fibo4/open_topic_6523_ws/install/carla_mapping/share/carla_mapping/package.ps1'
[5.394s] INFO:colcon.colcon_core.shell:Creating package descriptor '/home/fibo4/open_topic_6523_ws/install/carla_mapping/share/carla_mapping/package.dsv'
[5.394s] INFO:colcon.colcon_core.shell:Creating package script '/home/fibo4/open_topic_6523_ws/install/carla_mapping/share/carla_mapping/package.sh'
[5.395s] INFO:colcon.colcon_core.shell:Creating package script '/home/fibo4/open_topic_6523_ws/install/carla_mapping/share/carla_mapping/package.bash'
[5.395s] INFO:colcon.colcon_core.shell:Creating package script '/home/fibo4/open_topic_6523_ws/install/carla_mapping/share/carla_mapping/package.zsh'
[5.395s] Level 1:colcon.colcon_core.environment:create_file_with_runtime_dependencies(/home/fibo4/open_topic_6523_ws/install/carla_mapping/share/colcon-core/packages/carla_mapping)
[5.395s] DEBUG:colcon.colcon_parallel_executor.executor.parallel:closing loop
[5.396s] DEBUG:colcon.colcon_parallel_executor.executor.parallel:loop closed
[5.396s] DEBUG:colcon.colcon_parallel_executor.executor.parallel:run_until_complete finished with '0'
[5.396s] DEBUG:colcon.colcon_core.event_reactor:joining thread
[5.403s] INFO:colcon.colcon_core.plugin_system:Skipping extension 'colcon_notification.desktop_notification.terminal_notifier': Not used on non-Darwin systems
[5.403s] INFO:colcon.colcon_core.plugin_system:Skipping extension 'colcon_notification.desktop_notification.win32': Not used on non-Windows systems
[5.403s] INFO:colcon.colcon_notification.desktop_notification:Sending desktop notification using 'notify2'
[5.426s] DEBUG:colcon.colcon_core.event_reactor:joined thread
[5.426s] INFO:colcon.colcon_core.shell:Creating prefix script '/home/fibo4/open_topic_6523_ws/install/local_setup.ps1'
[5.427s] INFO:colcon.colcon_core.shell:Creating prefix util module '/home/fibo4/open_topic_6523_ws/install/_local_setup_util_ps1.py'
[5.428s] INFO:colcon.colcon_core.shell:Creating prefix chain script '/home/fibo4/open_topic_6523_ws/install/setup.ps1'
[5.438s] INFO:colcon.colcon_core.shell:Creating prefix script '/home/fibo4/open_topic_6523_ws/install/local_setup.sh'
[5.439s] INFO:colcon.colcon_core.shell:Creating prefix util module '/home/fibo4/open_topic_6523_ws/install/_local_setup_util_sh.py'
[5.439s] INFO:colcon.colcon_core.shell:Creating prefix chain script '/home/fibo4/open_topic_6523_ws/install/setup.sh'
[5.448s] INFO:colcon.colcon_core.shell:Creating prefix script '/home/fibo4/open_topic_6523_ws/install/local_setup.bash'
[5.448s] INFO:colcon.colcon_core.shell:Creating prefix chain script '/home/fibo4/open_topic_6523_ws/install/setup.bash'
[5.456s] INFO:colcon.colcon_core.shell:Creating prefix script '/home/fibo4/open_topic_6523_ws/install/local_setup.zsh'
[5.456s] INFO:colcon.colcon_core.shell:Creating prefix chain script '/home/fibo4/open_topic_6523_ws/install/setup.zsh'
