[0.030s] Invoking command in '/home/fibo4/open_topic_6523_ws/build/lio_sam': CMAKE_PREFIX_PATH=${CMAKE_PREFIX_PATH}:/home/fibo4/autoware/install/autoware_carla_interface:/home/fibo4/autoware/install/rqt_carla_control:/home/fibo4/autoware/install/carla_waypoint_publisher:/home/fibo4/autoware/install/carla_ackermann_control:/home/fibo4/autoware/install/carla_ros_bridge:/home/fibo4/autoware/install/carla_spawn_objects:/home/fibo4/autoware/install/carla_manual_control:/home/fibo4/autoware/install/carla_ad_agent:/home/fibo4/autoware/install/ros_compatibility:/home/fibo4/autoware/install/carla_walker_agent:/home/fibo4/autoware/install/carla_twist_to_control:/home/fibo4/autoware/install/carla_tesla_model3_description:/home/fibo4/autoware/install/carla_ros_scenario_runner:/home/fibo4/autoware/install/carla_common:/home/fibo4/autoware/install/carla_autoware_bridge:/home/fibo4/autoware/install/ad_api_visualizers:/home/fibo4/carla-ros-bridge/install/rqt_carla_control:/home/fibo4/carla-ros-bridge/install/carla_waypoint_publisher:/home/fibo4/carla-ros-bridge/install/carla_ackermann_control:/home/fibo4/carla-ros-bridge/install/carla_ros_bridge:/home/fibo4/carla-ros-bridge/install/carla_spawn_objects:/home/fibo4/carla-ros-bridge/install/carla_manual_control:/home/fibo4/carla-ros-bridge/install/carla_ad_agent:/home/fibo4/carla-ros-bridge/install/ros_compatibility:/home/fibo4/carla-ros-bridge/install/carla_walker_agent:/home/fibo4/carla-ros-bridge/install/carla_twist_to_control:/home/fibo4/carla-ros-bridge/install/carla_ros_scenario_runner:/home/fibo4/carla-ros-bridge/install/carla_common:/opt/ros/humble /usr/bin/cmake /home/fibo4/open_topic_6523_ws/src/LIO-SAM -DCMAKE_BUILD_TYPE=Release -DAMENT_CMAKE_SYMLINK_INSTALL=1 -DCMAKE_INSTALL_PREFIX=/home/fibo4/open_topic_6523_ws/install/lio_sam
[0.136s] -- The C compiler identification is GNU 11.4.0
[0.218s] -- The CXX compiler identification is GNU 11.4.0
[0.232s] -- Detecting C compiler ABI info
[0.367s] -- Detecting C compiler ABI info - done
[0.371s] -- Check for working C compiler: /usr/lib/ccache/gcc - skipped
[0.371s] -- Detecting C compile features
[0.372s] -- Detecting C compile features - done
[0.374s] -- Detecting CXX compiler ABI info
[0.505s] -- Detecting CXX compiler ABI info - done
[0.510s] -- Check for working CXX compiler: /usr/lib/ccache/g++ - skipped
[0.510s] -- Detecting CXX compile features
[0.511s] -- Detecting CXX compile features - done
[0.533s] -- Found ament_cmake: 1.3.11 (/opt/ros/humble/share/ament_cmake/cmake)
[0.831s] -- Found Python3: /usr/bin/python3 (found version "3.10.12") found components: Interpreter 
[0.924s] -- Override CMake install command with custom implementation using symlinks instead of copying resources
[1.199s] -- Found rosidl_default_generators: 1.2.0 (/opt/ros/humble/share/rosidl_default_generators/cmake)
[1.344s] -- Using all available rosidl_typesupport_c: rosidl_typesupport_fastrtps_c;rosidl_typesupport_introspection_c
[1.404s] -- Found rosidl_adapter: 3.1.6 (/opt/ros/humble/share/rosidl_adapter/cmake)
[1.632s] -- Using all available rosidl_typesupport_cpp: rosidl_typesupport_fastrtps_cpp;rosidl_typesupport_introspection_cpp
[1.779s] -- Found rclcpp: 16.0.11 (/opt/ros/humble/share/rclcpp/cmake)
[2.055s] -- Found rmw_implementation_cmake: 6.1.2 (/opt/ros/humble/share/rmw_implementation_cmake/cmake)
[2.107s] -- Found rmw_cyclonedds_cpp: 1.3.4 (/opt/ros/humble/share/rmw_cyclonedds_cpp/cmake)
[2.258s] -- Using RMW implementation 'rmw_cyclonedds_cpp' as default
[2.315s] -- Looking for pthread.h
[2.473s] -- Looking for pthread.h - found
[2.473s] -- Performing Test CMAKE_HAVE_LIBC_PTHREAD
[2.642s] -- Performing Test CMAKE_HAVE_LIBC_PTHREAD - Success
[2.642s] -- Found Threads: TRUE  
[2.758s] -- Found rclpy: 3.3.15 (/opt/ros/humble/share/rclpy/cmake)
[2.775s] -- Found cv_bridge: 3.2.1 (/opt/ros/humble/share/cv_bridge/cmake)
[2.866s] -- Found nav_msgs: 4.2.4 (/opt/ros/humble/share/nav_msgs/cmake)
[2.892s] -- Found visualization_msgs: 4.2.4 (/opt/ros/humble/share/visualization_msgs/cmake)
[2.904s] -- Found pcl_conversions: 2.4.5 (/home/fibo4/ros2_ws/src/install/pcl_conversions/share/pcl_conversions/cmake)
[2.993s] -- Checking for module 'eigen3'
[3.048s] --   Found eigen3, version 3.4.0
[3.156s] -- Found Eigen: /usr/include/eigen3 (Required is at least version "3.1") 
[3.156s] -- Eigen found (include: /usr/include/eigen3, version: 3.4.0)
[3.328s] -- Checking for module 'flann'
[3.379s] --   Found flann, version 1.9.1
[3.493s] -- Found FLANN: /usr/lib/x86_64-linux-gnu/libflann_cpp.so  
[3.493s] -- FLANN found (include: /usr/include, lib: /usr/lib/x86_64-linux-gnu/libflann_cpp.so)
[5.375s] -- Checking for module 'libusb-1.0'
[5.424s] --   Found libusb-1.0, version 1.0.25
[5.546s] -- Found libusb: /usr/lib/x86_64-linux-gnu/libusb-1.0.so  
[5.546s] -- OpenNI found (version: 1.5.4.0, include: /usr/include/ni, lib: /usr/lib/libOpenNI.so;libusb::libusb)
[5.723s] -- OpenNI2 found (version: 2.2.0.33, include: /usr/include/openni2, lib: /usr/lib/x86_64-linux-gnu/libOpenNI2.so;libusb::libusb)
[5.907s] -- Eigen found (include: /usr/include/eigen3, version: 3.4.0)
[5.917s] -- OpenNI found (version: 1.5.4.0, include: /usr/include/ni, lib: /usr/lib/libOpenNI.so;libusb::libusb)
[5.924s] -- OpenNI2 found (version: 2.2.0.33, include: /usr/include/openni2, lib: /usr/lib/x86_64-linux-gnu/libOpenNI2.so;libusb::libusb)
[6.103s] -- Found Qhull version 8.0.2
[6.285s] -- OpenNI found (version: 1.5.4.0, include: /usr/include/ni, lib: /usr/lib/libOpenNI.so;libusb::libusb)
[6.456s] -- Found PCL_COMMON: /usr/lib/x86_64-linux-gnu/libpcl_common.so  
[6.457s] -- Found PCL_KDTREE: /usr/lib/x86_64-linux-gnu/libpcl_kdtree.so  
[6.457s] -- Found PCL_OCTREE: /usr/lib/x86_64-linux-gnu/libpcl_octree.so  
[6.458s] -- Found PCL_SEARCH: /usr/lib/x86_64-linux-gnu/libpcl_search.so  
[6.458s] -- Found PCL_SAMPLE_CONSENSUS: /usr/lib/x86_64-linux-gnu/libpcl_sample_consensus.so  
[6.458s] -- Found PCL_FILTERS: /usr/lib/x86_64-linux-gnu/libpcl_filters.so  
[6.459s] -- Found PCL_2D: /usr/include/pcl-1.12  
[6.459s] -- Found PCL_GEOMETRY: /usr/include/pcl-1.12  
[6.459s] -- Found PCL_IO: /usr/lib/x86_64-linux-gnu/libpcl_io.so  
[6.460s] -- Found PCL_FEATURES: /usr/lib/x86_64-linux-gnu/libpcl_features.so  
[6.460s] -- Found PCL_ML: /usr/lib/x86_64-linux-gnu/libpcl_ml.so  
[6.461s] -- Found PCL_SEGMENTATION: /usr/lib/x86_64-linux-gnu/libpcl_segmentation.so  
[6.462s] -- Found PCL_VISUALIZATION: /usr/lib/x86_64-linux-gnu/libpcl_visualization.so  
[6.462s] -- Found PCL_SURFACE: /usr/lib/x86_64-linux-gnu/libpcl_surface.so  
[6.463s] -- Found PCL_REGISTRATION: /usr/lib/x86_64-linux-gnu/libpcl_registration.so  
[6.463s] -- Found PCL_KEYPOINTS: /usr/lib/x86_64-linux-gnu/libpcl_keypoints.so  
[6.464s] -- Found PCL_TRACKING: /usr/lib/x86_64-linux-gnu/libpcl_tracking.so  
[6.464s] -- Found PCL_RECOGNITION: /usr/lib/x86_64-linux-gnu/libpcl_recognition.so  
[6.465s] -- Found PCL_STEREO: /usr/lib/x86_64-linux-gnu/libpcl_stereo.so  
[6.465s] -- Found PCL_APPS: /usr/lib/x86_64-linux-gnu/libpcl_apps.so  
[6.466s] -- Found PCL_IN_HAND_SCANNER: /usr/include/pcl-1.12  
[6.466s] -- Found PCL_MODELER: /usr/include/pcl-1.12  
[6.466s] -- Found PCL_POINT_CLOUD_EDITOR: /usr/include/pcl-1.12  
[6.466s] -- Found PCL_OUTOFCORE: /usr/lib/x86_64-linux-gnu/libpcl_outofcore.so  
[6.467s] -- Found PCL_PEOPLE: /usr/lib/x86_64-linux-gnu/libpcl_people.so  
[6.486s] -- Found tf2: 0.25.12 (/opt/ros/humble/share/tf2/cmake)
[6.530s] -- Found tf2_geometry_msgs: 0.25.12 (/opt/ros/humble/share/tf2_geometry_msgs/cmake)
[6.614s] -- Found eigen3_cmake_module: 0.1.1 (/opt/ros/humble/share/eigen3_cmake_module/cmake)
[6.615s] -- Found Eigen3: TRUE (found version "3.4.0") 
[6.615s] -- Ensuring Eigen3 include directory is part of orocos-kdl CMake target
[6.846s] -- Found tf2_sensor_msgs: 0.25.12 (/opt/ros/humble/share/tf2_sensor_msgs/cmake)
[6.868s] -- Found tf2_eigen: 0.25.12 (/opt/ros/humble/share/tf2_eigen/cmake)
[6.872s] -- Found OpenCV: /usr (found version "4.5.4") 
[6.872s] [33mCMake Warning (dev) at CMakeLists.txt:29 (find_package):
[6.872s]   Policy CMP0074 is not set: find_package uses <PackageName>_ROOT variables.
[6.872s]   Run "cmake --help-policy CMP0074" for policy details.  Use the cmake_policy
[6.872s]   command to set the policy and suppress this warning.
[6.872s] 
[6.872s]   CMake variable PCL_ROOT is set to:
[6.872s] 
[6.872s]     /usr
[6.872s] 
[6.873s]   For compatibility, CMake is ignoring the variable.
[6.873s] This warning is for project developers.  Use -Wno-dev to suppress it.
[6.873s] [0m
[7.048s] -- Found Boost: /usr/lib/x86_64-linux-gnu/cmake/Boost-1.74.0/BoostConfig.cmake (found suitable version "1.74.0", minimum required is "1.65") found components: serialization system filesystem thread program_options date_time timer chrono regex 
[7.050s] -- GTSAM include directory:  /opt/ros/humble/lib/cmake/GTSAM/../../../include
[7.060s] -- Found Eigen: /usr/include/eigen3  
[7.060s] -- Eigen found (include: /usr/include/eigen3, version: 3.4.0)
[7.598s] -- Found OpenMP_C: -fopenmp (found version "4.5") 
[7.773s] -- Found OpenMP_CXX: -fopenmp (found version "4.5") 
[7.773s] -- Found OpenMP: TRUE (found version "4.5")  
[8.184s] -- Found ament_cmake_ros: 0.10.0 (/opt/ros/humble/share/ament_cmake_ros/cmake)
[8.585s] -- Using all available rosidl_typesupport_c: rosidl_typesupport_fastrtps_c;rosidl_typesupport_introspection_c
[9.045s] -- Using all available rosidl_typesupport_cpp: rosidl_typesupport_fastrtps_cpp;rosidl_typesupport_introspection_cpp
[9.087s] -- Found PythonInterp: /usr/bin/python3 (found suitable version "3.10.12", minimum required is "3.6") 
[9.107s] -- Found python_cmake_module: 0.10.0 (/opt/ros/humble/share/python_cmake_module/cmake)
[9.160s] -- Found PythonLibs: /usr/lib/x86_64-linux-gnu/libpython3.10.so (found suitable version "3.10.12", minimum required is "3.5") 
[9.160s] -- Using PYTHON_EXECUTABLE: /usr/bin/python3
[9.160s] -- Using PYTHON_INCLUDE_DIRS: /usr/include/python3.10
[9.160s] -- Using PYTHON_LIBRARIES: /usr/lib/x86_64-linux-gnu/libpython3.10.so
[9.197s] -- Found PythonExtra: .so  
[12.405s] -- Found ament_lint_auto: 0.12.11 (/opt/ros/humble/share/ament_lint_auto/cmake)
[12.580s] -- Added test 'copyright' to check source files copyright and LICENSE
[12.585s] -- Added test 'cppcheck' to perform static code analysis on C / C++ code
[12.586s] -- Configured cppcheck include dirs: /home/fibo4/open_topic_6523_ws/src/LIO-SAM/include/lio_sam
[12.586s] -- Configured cppcheck exclude dirs and/or files: 
[12.590s] -- Added test 'cpplint' to check C / C++ code against the Google style
[12.590s] -- Configured cpplint exclude dirs and/or files: 
[12.594s] -- Added test 'flake8' to check Python code syntax and style conventions
[12.597s] -- Added test 'lint_cmake' to check CMake code style
[12.601s] -- Added test 'pep257' to check Python code against some of the docstring style conventions in PEP 257
[12.606s] -- Added test 'uncrustify' to check C / C++ code style
[12.606s] -- Configured uncrustify additional arguments: 
[12.609s] -- Added test 'xmllint' to check XML markup files
[12.617s] -- Configuring done
[12.695s] -- Generating done
[12.720s] -- Build files have been written to: /home/fibo4/open_topic_6523_ws/build/lio_sam
