[100%] Built target cpp_node_test
[100%] Built target ament_cmake_python_copy_carla_mapping
running egg_info
writing carla_mapping.egg-info/PKG-INFO
writing dependency_links to carla_mapping.egg-info/dependency_links.txt
writing top-level names to carla_mapping.egg-info/top_level.txt
reading manifest file 'carla_mapping.egg-info/SOURCES.txt'
writing manifest file 'carla_mapping.egg-info/SOURCES.txt'
[100%] Built target ament_cmake_python_build_carla_mapping_egg
-- Install configuration: ""
-- Up-to-date: /home/fibo4/open_topic_6523_ws/install/carla_mapping/share/carla_mapping/environment/pythonpath.sh
-- Up-to-date: /home/fibo4/open_topic_6523_ws/install/carla_mapping/share/carla_mapping/environment/pythonpath.dsv
-- Up-to-date: /home/fibo4/open_topic_6523_ws/install/carla_mapping/local/lib/python3.10/dist-packages/carla_mapping-0.0.0-py3.10.egg-info
-- Installing: /home/fibo4/open_topic_6523_ws/install/carla_mapping/local/lib/python3.10/dist-packages/carla_mapping-0.0.0-py3.10.egg-info/SOURCES.txt
-- Installing: /home/fibo4/open_topic_6523_ws/install/carla_mapping/local/lib/python3.10/dist-packages/carla_mapping-0.0.0-py3.10.egg-info/dependency_links.txt
-- Installing: /home/fibo4/open_topic_6523_ws/install/carla_mapping/local/lib/python3.10/dist-packages/carla_mapping-0.0.0-py3.10.egg-info/top_level.txt
-- Installing: /home/fibo4/open_topic_6523_ws/install/carla_mapping/local/lib/python3.10/dist-packages/carla_mapping-0.0.0-py3.10.egg-info/PKG-INFO
-- Up-to-date: /home/fibo4/open_topic_6523_ws/install/carla_mapping/local/lib/python3.10/dist-packages/carla_mapping
-- Up-to-date: /home/fibo4/open_topic_6523_ws/install/carla_mapping/local/lib/python3.10/dist-packages/carla_mapping/dummy_module.py
-- Up-to-date: /home/fibo4/open_topic_6523_ws/install/carla_mapping/local/lib/python3.10/dist-packages/carla_mapping/__init__.py
Listing '/home/fibo4/open_topic_6523_ws/install/carla_mapping/local/lib/python3.10/dist-packages/carla_mapping'...
-- Up-to-date: /home/fibo4/open_topic_6523_ws/install/carla_mapping/lib/carla_mapping/dummy_script.py
-- Up-to-date: /home/fibo4/open_topic_6523_ws/install/carla_mapping/lib/carla_mapping/increase_pub_rate.py
-- Up-to-date: /home/fibo4/open_topic_6523_ws/install/carla_mapping/lib/carla_mapping/cpp_node_test
-- Up-to-date: /home/fibo4/open_topic_6523_ws/install/carla_mapping/share/carla_mapping/launch
-- Installing: /home/fibo4/open_topic_6523_ws/install/carla_mapping/share/carla_mapping/launch/lio_sam.launch.py
-- Up-to-date: /home/fibo4/open_topic_6523_ws/install/carla_mapping/share/carla_mapping/config
-- Up-to-date: /home/fibo4/open_topic_6523_ws/install/carla_mapping/share/carla_mapping/config/robot.urdf.xacro
-- Up-to-date: /home/fibo4/open_topic_6523_ws/install/carla_mapping/share/carla_mapping/config/rviz2.rviz
-- Installing: /home/fibo4/open_topic_6523_ws/install/carla_mapping/share/carla_mapping/config/params.yaml
-- Up-to-date: /home/fibo4/open_topic_6523_ws/install/carla_mapping/share/ament_index/resource_index/package_run_dependencies/carla_mapping
-- Up-to-date: /home/fibo4/open_topic_6523_ws/install/carla_mapping/share/ament_index/resource_index/parent_prefix_path/carla_mapping
-- Up-to-date: /home/fibo4/open_topic_6523_ws/install/carla_mapping/share/carla_mapping/environment/ament_prefix_path.sh
-- Up-to-date: /home/fibo4/open_topic_6523_ws/install/carla_mapping/share/carla_mapping/environment/ament_prefix_path.dsv
-- Up-to-date: /home/fibo4/open_topic_6523_ws/install/carla_mapping/share/carla_mapping/environment/path.sh
-- Up-to-date: /home/fibo4/open_topic_6523_ws/install/carla_mapping/share/carla_mapping/environment/path.dsv
-- Up-to-date: /home/fibo4/open_topic_6523_ws/install/carla_mapping/share/carla_mapping/local_setup.bash
-- Up-to-date: /home/fibo4/open_topic_6523_ws/install/carla_mapping/share/carla_mapping/local_setup.sh
-- Up-to-date: /home/fibo4/open_topic_6523_ws/install/carla_mapping/share/carla_mapping/local_setup.zsh
-- Up-to-date: /home/fibo4/open_topic_6523_ws/install/carla_mapping/share/carla_mapping/local_setup.dsv
-- Installing: /home/fibo4/open_topic_6523_ws/install/carla_mapping/share/carla_mapping/package.dsv
-- Up-to-date: /home/fibo4/open_topic_6523_ws/install/carla_mapping/share/ament_index/resource_index/packages/carla_mapping
-- Up-to-date: /home/fibo4/open_topic_6523_ws/install/carla_mapping/share/carla_mapping/cmake/carla_mappingConfig.cmake
-- Up-to-date: /home/fibo4/open_topic_6523_ws/install/carla_mapping/share/carla_mapping/cmake/carla_mappingConfig-version.cmake
-- Up-to-date: /home/fibo4/open_topic_6523_ws/install/carla_mapping/share/carla_mapping/package.xml
