[0.035s] Invoking command in '/home/fibo4/open_topic_6523_ws/build/lio_sam': CMAKE_PREFIX_PATH=${CMAKE_PREFIX_PATH}:/home/fibo4/autoware/install/autoware_carla_interface:/home/fibo4/autoware/install/rqt_carla_control:/home/fibo4/autoware/install/carla_waypoint_publisher:/home/fibo4/autoware/install/carla_ackermann_control:/home/fibo4/autoware/install/carla_ros_bridge:/home/fibo4/autoware/install/carla_spawn_objects:/home/fibo4/autoware/install/carla_manual_control:/home/fibo4/autoware/install/carla_ad_agent:/home/fibo4/autoware/install/ros_compatibility:/home/fibo4/autoware/install/carla_walker_agent:/home/fibo4/autoware/install/carla_twist_to_control:/home/fibo4/autoware/install/carla_tesla_model3_description:/home/fibo4/autoware/install/carla_ros_scenario_runner:/home/fibo4/autoware/install/carla_common:/home/fibo4/autoware/install/carla_autoware_bridge:/home/fibo4/autoware/install/ad_api_visualizers:/home/fibo4/carla-ros-bridge/install/rqt_carla_control:/home/fibo4/carla-ros-bridge/install/carla_waypoint_publisher:/home/fibo4/carla-ros-bridge/install/carla_ackermann_control:/home/fibo4/carla-ros-bridge/install/carla_ros_bridge:/home/fibo4/carla-ros-bridge/install/carla_spawn_objects:/home/fibo4/carla-ros-bridge/install/carla_manual_control:/home/fibo4/carla-ros-bridge/install/carla_ad_agent:/home/fibo4/carla-ros-bridge/install/ros_compatibility:/home/fibo4/carla-ros-bridge/install/carla_walker_agent:/home/fibo4/carla-ros-bridge/install/carla_twist_to_control:/home/fibo4/carla-ros-bridge/install/carla_ros_scenario_runner:/home/fibo4/carla-ros-bridge/install/carla_common:/opt/ros/humble /usr/bin/cmake --build /home/fibo4/open_topic_6523_ws/build/lio_sam -- -j16 -l16
[0.151s] [  2%] [34m[1mGenerating C code for ROS interfaces[0m
[0.183s] [  4%] [34m[1mGenerating C++ code for ROS interfaces[0m
[0.200s] [  4%] Built target ament_cmake_python_symlink_lio_sam
[0.517s] running egg_info
[0.517s] creating lio_sam.egg-info
[0.517s] writing lio_sam.egg-info/PKG-INFO
[0.517s] writing dependency_links to lio_sam.egg-info/dependency_links.txt
[0.517s] writing top-level names to lio_sam.egg-info/top_level.txt
[0.518s] writing manifest file 'lio_sam.egg-info/SOURCES.txt'
[0.519s] reading manifest file 'lio_sam.egg-info/SOURCES.txt'
[0.519s] writing manifest file 'lio_sam.egg-info/SOURCES.txt'
[0.526s] [  8%] [32mBuilding C object CMakeFiles/lio_sam__rosidl_generator_c.dir/rosidl_generator_c/lio_sam/srv/detail/save_map__functions.c.o[0m
[0.526s] [  8%] [32mBuilding C object CMakeFiles/lio_sam__rosidl_generator_c.dir/rosidl_generator_c/lio_sam/msg/detail/cloud_info__functions.c.o[0m
[0.541s] [  8%] Built target lio_sam__cpp
[0.557s] [  8%] Built target ament_cmake_python_build_lio_sam_egg
[0.571s] [ 12%] [34m[1mGenerating C++ introspection for ROS interfaces[0m
[0.571s] [ 12%] [34m[1mGenerating C++ type support for eProsima Fast-RTPS[0m
[0.581s] [ 14%] [34m[1mGenerating C++ type support dispatch for ROS interfaces[0m
[0.690s] [ 17%] [32m[1mLinking C shared library liblio_sam__rosidl_generator_c.so[0m
[0.774s] [ 17%] Built target lio_sam__rosidl_generator_c
[0.804s] [ 19%] [34m[1mGenerating C type support dispatch for ROS interfaces[0m
[0.807s] [ 21%] [34m[1mGenerating C type support for eProsima Fast-RTPS[0m
[0.815s] [ 23%] [34m[1mGenerating C introspection for ROS interfaces[0m
[0.936s] [ 25%] [32mBuilding CXX object CMakeFiles/lio_sam__rosidl_typesupport_cpp.dir/rosidl_typesupport_cpp/lio_sam/msg/cloud_info__type_support.cpp.o[0m
[0.941s] [ 27%] [32mBuilding CXX object CMakeFiles/lio_sam__rosidl_typesupport_introspection_cpp.dir/rosidl_typesupport_introspection_cpp/lio_sam/msg/detail/cloud_info__type_support.cpp.o[0m
[0.941s] [ 29%] [32mBuilding CXX object CMakeFiles/lio_sam__rosidl_typesupport_cpp.dir/rosidl_typesupport_cpp/lio_sam/srv/save_map__type_support.cpp.o[0m
[0.946s] [ 31%] [32mBuilding CXX object CMakeFiles/lio_sam__rosidl_typesupport_introspection_cpp.dir/rosidl_typesupport_introspection_cpp/lio_sam/srv/detail/save_map__type_support.cpp.o[0m
[0.962s] [ 34%] [32mBuilding CXX object CMakeFiles/lio_sam__rosidl_typesupport_fastrtps_cpp.dir/rosidl_typesupport_fastrtps_cpp/lio_sam/msg/detail/dds_fastrtps/cloud_info__type_support.cpp.o[0m
[0.969s] [ 36%] [32mBuilding CXX object CMakeFiles/lio_sam__rosidl_typesupport_fastrtps_cpp.dir/rosidl_typesupport_fastrtps_cpp/lio_sam/srv/detail/dds_fastrtps/save_map__type_support.cpp.o[0m
[1.147s] [ 38%] [32mBuilding CXX object CMakeFiles/lio_sam__rosidl_typesupport_c.dir/rosidl_typesupport_c/lio_sam/srv/save_map__type_support.cpp.o[0m
[1.156s] [ 40%] [32mBuilding CXX object CMakeFiles/lio_sam__rosidl_typesupport_c.dir/rosidl_typesupport_c/lio_sam/msg/cloud_info__type_support.cpp.o[0m
[1.203s] [ 42%] [32mBuilding C object CMakeFiles/lio_sam__rosidl_typesupport_introspection_c.dir/rosidl_typesupport_introspection_c/lio_sam/msg/detail/cloud_info__type_support.c.o[0m
[1.207s] [ 44%] [32mBuilding C object CMakeFiles/lio_sam__rosidl_typesupport_introspection_c.dir/rosidl_typesupport_introspection_c/lio_sam/srv/detail/save_map__type_support.c.o[0m
[1.269s] [ 46%] [32m[1mLinking CXX shared library liblio_sam__rosidl_typesupport_c.so[0m
[1.281s] [ 48%] [32mBuilding CXX object CMakeFiles/lio_sam__rosidl_typesupport_fastrtps_c.dir/rosidl_typesupport_fastrtps_c/lio_sam/msg/detail/cloud_info__type_support_c.cpp.o[0m
[1.290s] [ 51%] [32mBuilding CXX object CMakeFiles/lio_sam__rosidl_typesupport_fastrtps_c.dir/rosidl_typesupport_fastrtps_c/lio_sam/srv/detail/save_map__type_support_c.cpp.o[0m
[1.333s] [ 53%] [32m[1mLinking C shared library liblio_sam__rosidl_typesupport_introspection_c.so[0m
[1.347s] [ 55%] [32m[1mLinking CXX shared library liblio_sam__rosidl_typesupport_cpp.so[0m
[1.354s] [ 55%] Built target lio_sam__rosidl_typesupport_c
[1.408s] [ 55%] Built target lio_sam__rosidl_typesupport_introspection_c
[1.428s] [ 55%] Built target lio_sam__rosidl_typesupport_cpp
[1.465s] [ 57%] [32m[1mLinking CXX shared library liblio_sam__rosidl_typesupport_introspection_cpp.so[0m
[1.491s] [ 59%] [32mBuilding CXX object CMakeFiles/lio_sam_mapOptimization.dir/src/mapOptmization.cpp.o[0m
[1.495s] [ 61%] [32mBuilding CXX object CMakeFiles/lio_sam_imageProjection.dir/src/imageProjection.cpp.o[0m
[1.510s] [ 63%] [32mBuilding CXX object CMakeFiles/lio_sam_featureExtraction.dir/src/featureExtraction.cpp.o[0m
[1.514s] [ 65%] [32m[1mLinking CXX shared library liblio_sam__rosidl_typesupport_fastrtps_cpp.so[0m
[1.518s] [ 68%] [32mBuilding CXX object CMakeFiles/lio_sam_imuPreintegration.dir/src/imuPreintegration.cpp.o[0m
[1.573s] [ 68%] Built target lio_sam__rosidl_typesupport_introspection_cpp
[1.665s] [ 68%] Built target lio_sam__rosidl_typesupport_fastrtps_cpp
[1.695s] [ 70%] [32m[1mLinking CXX shared library liblio_sam__rosidl_typesupport_fastrtps_c.so[0m
[1.808s] [ 70%] Built target lio_sam__rosidl_typesupport_fastrtps_c
[1.883s] [ 70%] Built target lio_sam
[1.959s] [ 72%] [34m[1mGenerating Python code for ROS interfaces[0m
[2.459s] [ 72%] Built target lio_sam__py
[2.532s] [ 74%] [32mBuilding C object CMakeFiles/lio_sam__rosidl_generator_py.dir/rosidl_generator_py/lio_sam/msg/_cloud_info_s.c.o[0m
[2.539s] [ 76%] [32mBuilding C object CMakeFiles/lio_sam__rosidl_generator_py.dir/rosidl_generator_py/lio_sam/srv/_save_map_s.c.o[0m
[2.801s] [ 78%] [32m[1mLinking C shared library rosidl_generator_py/lio_sam/liblio_sam__rosidl_generator_py.so[0m
[2.897s] [ 78%] Built target lio_sam__rosidl_generator_py
[2.968s] [ 82%] [32mBuilding C object CMakeFiles/lio_sam__rosidl_typesupport_introspection_c__pyext.dir/rosidl_generator_py/lio_sam/_lio_sam_s.ep.rosidl_typesupport_introspection_c.c.o[0m
[2.968s] [ 82%] [32mBuilding C object CMakeFiles/lio_sam__rosidl_typesupport_fastrtps_c__pyext.dir/rosidl_generator_py/lio_sam/_lio_sam_s.ep.rosidl_typesupport_fastrtps_c.c.o[0m
[2.969s] [ 85%] [32mBuilding C object CMakeFiles/lio_sam__rosidl_typesupport_c__pyext.dir/rosidl_generator_py/lio_sam/_lio_sam_s.ep.rosidl_typesupport_c.c.o[0m
[3.151s] [ 87%] [32m[1mLinking C shared library rosidl_generator_py/lio_sam/lio_sam_s__rosidl_typesupport_fastrtps_c.cpython-310-x86_64-linux-gnu.so[0m
[3.181s] [ 89%] [32m[1mLinking C shared library rosidl_generator_py/lio_sam/lio_sam_s__rosidl_typesupport_introspection_c.cpython-310-x86_64-linux-gnu.so[0m
[3.183s] [ 91%] [32m[1mLinking C shared library rosidl_generator_py/lio_sam/lio_sam_s__rosidl_typesupport_c.cpython-310-x86_64-linux-gnu.so[0m
[3.251s] [ 91%] Built target lio_sam__rosidl_typesupport_fastrtps_c__pyext
[3.287s] [ 91%] Built target lio_sam__rosidl_typesupport_c__pyext
[3.287s] [ 91%] Built target lio_sam__rosidl_typesupport_introspection_c__pyext
[19.218s] [ 93%] [32m[1mLinking CXX executable lio_sam_featureExtraction[0m
[19.596s] [ 93%] Built target lio_sam_featureExtraction
[23.435s] [ 95%] [32m[1mLinking CXX executable lio_sam_imageProjection[0m
[23.834s] [ 95%] Built target lio_sam_imageProjection
[28.847s] [ 97%] [32m[1mLinking CXX executable lio_sam_imuPreintegration[0m
[29.274s] [ 97%] Built target lio_sam_imuPreintegration
[43.941s] [100%] [32m[1mLinking CXX executable lio_sam_mapOptimization[0m
[44.334s] /usr/bin/ld: warning: libtbb.so.2, needed by /usr/lib/x86_64-linux-gnu/libopencv_core.so.4.5.4d, may conflict with libtbb.so.12
[44.503s] [100%] Built target lio_sam_mapOptimization
[44.525s] Invoked command in '/home/fibo4/open_topic_6523_ws/build/lio_sam' returned '0': CMAKE_PREFIX_PATH=${CMAKE_PREFIX_PATH}:/home/fibo4/autoware/install/autoware_carla_interface:/home/fibo4/autoware/install/rqt_carla_control:/home/fibo4/autoware/install/carla_waypoint_publisher:/home/fibo4/autoware/install/carla_ackermann_control:/home/fibo4/autoware/install/carla_ros_bridge:/home/fibo4/autoware/install/carla_spawn_objects:/home/fibo4/autoware/install/carla_manual_control:/home/fibo4/autoware/install/carla_ad_agent:/home/fibo4/autoware/install/ros_compatibility:/home/fibo4/autoware/install/carla_walker_agent:/home/fibo4/autoware/install/carla_twist_to_control:/home/fibo4/autoware/install/carla_tesla_model3_description:/home/fibo4/autoware/install/carla_ros_scenario_runner:/home/fibo4/autoware/install/carla_common:/home/fibo4/autoware/install/carla_autoware_bridge:/home/fibo4/autoware/install/ad_api_visualizers:/home/fibo4/carla-ros-bridge/install/rqt_carla_control:/home/fibo4/carla-ros-bridge/install/carla_waypoint_publisher:/home/fibo4/carla-ros-bridge/install/carla_ackermann_control:/home/fibo4/carla-ros-bridge/install/carla_ros_bridge:/home/fibo4/carla-ros-bridge/install/carla_spawn_objects:/home/fibo4/carla-ros-bridge/install/carla_manual_control:/home/fibo4/carla-ros-bridge/install/carla_ad_agent:/home/fibo4/carla-ros-bridge/install/ros_compatibility:/home/fibo4/carla-ros-bridge/install/carla_walker_agent:/home/fibo4/carla-ros-bridge/install/carla_twist_to_control:/home/fibo4/carla-ros-bridge/install/carla_ros_scenario_runner:/home/fibo4/carla-ros-bridge/install/carla_common:/opt/ros/humble /usr/bin/cmake --build /home/fibo4/open_topic_6523_ws/build/lio_sam -- -j16 -l16
[44.549s] Invoking command in '/home/fibo4/open_topic_6523_ws/build/lio_sam': CMAKE_PREFIX_PATH=${CMAKE_PREFIX_PATH}:/home/fibo4/autoware/install/autoware_carla_interface:/home/fibo4/autoware/install/rqt_carla_control:/home/fibo4/autoware/install/carla_waypoint_publisher:/home/fibo4/autoware/install/carla_ackermann_control:/home/fibo4/autoware/install/carla_ros_bridge:/home/fibo4/autoware/install/carla_spawn_objects:/home/fibo4/autoware/install/carla_manual_control:/home/fibo4/autoware/install/carla_ad_agent:/home/fibo4/autoware/install/ros_compatibility:/home/fibo4/autoware/install/carla_walker_agent:/home/fibo4/autoware/install/carla_twist_to_control:/home/fibo4/autoware/install/carla_tesla_model3_description:/home/fibo4/autoware/install/carla_ros_scenario_runner:/home/fibo4/autoware/install/carla_common:/home/fibo4/autoware/install/carla_autoware_bridge:/home/fibo4/autoware/install/ad_api_visualizers:/home/fibo4/carla-ros-bridge/install/rqt_carla_control:/home/fibo4/carla-ros-bridge/install/carla_waypoint_publisher:/home/fibo4/carla-ros-bridge/install/carla_ackermann_control:/home/fibo4/carla-ros-bridge/install/carla_ros_bridge:/home/fibo4/carla-ros-bridge/install/carla_spawn_objects:/home/fibo4/carla-ros-bridge/install/carla_manual_control:/home/fibo4/carla-ros-bridge/install/carla_ad_agent:/home/fibo4/carla-ros-bridge/install/ros_compatibility:/home/fibo4/carla-ros-bridge/install/carla_walker_agent:/home/fibo4/carla-ros-bridge/install/carla_twist_to_control:/home/fibo4/carla-ros-bridge/install/carla_ros_scenario_runner:/home/fibo4/carla-ros-bridge/install/carla_common:/opt/ros/humble /usr/bin/cmake --install /home/fibo4/open_topic_6523_ws/build/lio_sam
[44.566s] -- Install configuration: "Release"
[44.566s] -- Execute custom install script
[44.567s] -- Symlinking: /home/fibo4/open_topic_6523_ws/install/lio_sam/share/ament_index/resource_index/rosidl_interfaces/lio_sam
[44.595s] -- Symlinking: /home/fibo4/open_topic_6523_ws/install/lio_sam/include/lio_sam/lio_sam/msg/cloud_info.h
[44.618s] -- Symlinking: /home/fibo4/open_topic_6523_ws/install/lio_sam/include/lio_sam/lio_sam/msg/detail/cloud_info__functions.h
[44.639s] -- Symlinking: /home/fibo4/open_topic_6523_ws/install/lio_sam/include/lio_sam/lio_sam/msg/detail/cloud_info__struct.h
[44.658s] -- Symlinking: /home/fibo4/open_topic_6523_ws/install/lio_sam/include/lio_sam/lio_sam/msg/detail/cloud_info__type_support.h
[44.680s] -- Symlinking: /home/fibo4/open_topic_6523_ws/install/lio_sam/include/lio_sam/lio_sam/msg/rosidl_generator_c__visibility_control.h
[44.700s] -- Symlinking: /home/fibo4/open_topic_6523_ws/install/lio_sam/include/lio_sam/lio_sam/srv/detail/save_map__functions.h
[44.726s] -- Symlinking: /home/fibo4/open_topic_6523_ws/install/lio_sam/include/lio_sam/lio_sam/srv/detail/save_map__struct.h
[44.745s] -- Symlinking: /home/fibo4/open_topic_6523_ws/install/lio_sam/include/lio_sam/lio_sam/srv/detail/save_map__type_support.h
[44.765s] -- Symlinking: /home/fibo4/open_topic_6523_ws/install/lio_sam/include/lio_sam/lio_sam/srv/save_map.h
[44.785s] -- Symlinking: /home/fibo4/open_topic_6523_ws/install/lio_sam/share/lio_sam/environment/library_path.sh
[44.805s] -- Symlinking: /home/fibo4/open_topic_6523_ws/install/lio_sam/share/lio_sam/environment/library_path.dsv
[44.828s] -- Symlinking: /home/fibo4/open_topic_6523_ws/install/lio_sam/include/lio_sam/lio_sam/msg/detail/cloud_info__rosidl_typesupport_fastrtps_c.h
[44.854s] -- Symlinking: /home/fibo4/open_topic_6523_ws/install/lio_sam/include/lio_sam/lio_sam/msg/rosidl_typesupport_fastrtps_c__visibility_control.h
[44.875s] -- Symlinking: /home/fibo4/open_topic_6523_ws/install/lio_sam/include/lio_sam/lio_sam/srv/detail/save_map__rosidl_typesupport_fastrtps_c.h
[44.902s] -- Symlinking: /home/fibo4/open_topic_6523_ws/install/lio_sam/include/lio_sam/lio_sam/msg/detail/cloud_info__rosidl_typesupport_introspection_c.h
[44.921s] -- Symlinking: /home/fibo4/open_topic_6523_ws/install/lio_sam/include/lio_sam/lio_sam/msg/rosidl_typesupport_introspection_c__visibility_control.h
[44.941s] -- Symlinking: /home/fibo4/open_topic_6523_ws/install/lio_sam/include/lio_sam/lio_sam/srv/detail/save_map__rosidl_typesupport_introspection_c.h
[44.961s] -- Symlinking: /home/fibo4/open_topic_6523_ws/install/lio_sam/include/lio_sam/lio_sam/msg/cloud_info.hpp
[44.982s] -- Symlinking: /home/fibo4/open_topic_6523_ws/install/lio_sam/include/lio_sam/lio_sam/msg/detail/cloud_info__builder.hpp
[45.007s] -- Symlinking: /home/fibo4/open_topic_6523_ws/install/lio_sam/include/lio_sam/lio_sam/msg/detail/cloud_info__struct.hpp
[45.029s] -- Symlinking: /home/fibo4/open_topic_6523_ws/install/lio_sam/include/lio_sam/lio_sam/msg/detail/cloud_info__traits.hpp
[45.050s] -- Symlinking: /home/fibo4/open_topic_6523_ws/install/lio_sam/include/lio_sam/lio_sam/msg/detail/cloud_info__type_support.hpp
[45.070s] -- Symlinking: /home/fibo4/open_topic_6523_ws/install/lio_sam/include/lio_sam/lio_sam/msg/rosidl_generator_cpp__visibility_control.hpp
[45.089s] -- Symlinking: /home/fibo4/open_topic_6523_ws/install/lio_sam/include/lio_sam/lio_sam/srv/detail/save_map__builder.hpp
[45.109s] -- Symlinking: /home/fibo4/open_topic_6523_ws/install/lio_sam/include/lio_sam/lio_sam/srv/detail/save_map__struct.hpp
[45.129s] -- Symlinking: /home/fibo4/open_topic_6523_ws/install/lio_sam/include/lio_sam/lio_sam/srv/detail/save_map__traits.hpp
[45.149s] -- Symlinking: /home/fibo4/open_topic_6523_ws/install/lio_sam/include/lio_sam/lio_sam/srv/detail/save_map__type_support.hpp
[45.170s] -- Symlinking: /home/fibo4/open_topic_6523_ws/install/lio_sam/include/lio_sam/lio_sam/srv/save_map.hpp
[45.188s] -- Symlinking: /home/fibo4/open_topic_6523_ws/install/lio_sam/include/lio_sam/lio_sam/msg/detail/cloud_info__rosidl_typesupport_fastrtps_cpp.hpp
[45.210s] -- Symlinking: /home/fibo4/open_topic_6523_ws/install/lio_sam/include/lio_sam/lio_sam/msg/rosidl_typesupport_fastrtps_cpp__visibility_control.h
[45.233s] -- Symlinking: /home/fibo4/open_topic_6523_ws/install/lio_sam/include/lio_sam/lio_sam/srv/detail/save_map__rosidl_typesupport_fastrtps_cpp.hpp
[45.254s] -- Symlinking: /home/fibo4/open_topic_6523_ws/install/lio_sam/include/lio_sam/lio_sam/msg/detail/cloud_info__rosidl_typesupport_introspection_cpp.hpp
[45.273s] -- Symlinking: /home/fibo4/open_topic_6523_ws/install/lio_sam/include/lio_sam/lio_sam/srv/detail/save_map__rosidl_typesupport_introspection_cpp.hpp
[45.293s] -- Symlinking: /home/fibo4/open_topic_6523_ws/install/lio_sam/share/lio_sam/environment/pythonpath.sh
[45.314s] -- Symlinking: /home/fibo4/open_topic_6523_ws/install/lio_sam/share/lio_sam/environment/pythonpath.dsv
[45.333s] -- Symlinking: /home/fibo4/open_topic_6523_ws/install/lio_sam/local/lib/python3.10/dist-packages/lio_sam-1.0.0-py3.10.egg-info/PKG-INFO
[45.353s] -- Symlinking: /home/fibo4/open_topic_6523_ws/install/lio_sam/local/lib/python3.10/dist-packages/lio_sam-1.0.0-py3.10.egg-info/SOURCES.txt
[45.377s] -- Symlinking: /home/fibo4/open_topic_6523_ws/install/lio_sam/local/lib/python3.10/dist-packages/lio_sam-1.0.0-py3.10.egg-info/dependency_links.txt
[45.404s] -- Symlinking: /home/fibo4/open_topic_6523_ws/install/lio_sam/local/lib/python3.10/dist-packages/lio_sam-1.0.0-py3.10.egg-info/top_level.txt
[45.430s] -- Symlinking: /home/fibo4/open_topic_6523_ws/install/lio_sam/local/lib/python3.10/dist-packages/lio_sam/__init__.py
[45.454s] -- Symlinking: /home/fibo4/open_topic_6523_ws/install/lio_sam/local/lib/python3.10/dist-packages/lio_sam/_lio_sam_s.ep.rosidl_typesupport_c.c
[45.474s] -- Symlinking: /home/fibo4/open_topic_6523_ws/install/lio_sam/local/lib/python3.10/dist-packages/lio_sam/_lio_sam_s.ep.rosidl_typesupport_fastrtps_c.c
[45.493s] -- Symlinking: /home/fibo4/open_topic_6523_ws/install/lio_sam/local/lib/python3.10/dist-packages/lio_sam/_lio_sam_s.ep.rosidl_typesupport_introspection_c.c
[45.510s] -- Symlinking: /home/fibo4/open_topic_6523_ws/install/lio_sam/local/lib/python3.10/dist-packages/lio_sam/liblio_sam__rosidl_generator_py.so
[45.531s] -- Symlinking: /home/fibo4/open_topic_6523_ws/install/lio_sam/local/lib/python3.10/dist-packages/lio_sam/lio_sam_s__rosidl_typesupport_c.cpython-310-x86_64-linux-gnu.so
[45.551s] -- Symlinking: /home/fibo4/open_topic_6523_ws/install/lio_sam/local/lib/python3.10/dist-packages/lio_sam/lio_sam_s__rosidl_typesupport_fastrtps_c.cpython-310-x86_64-linux-gnu.so
[45.576s] -- Symlinking: /home/fibo4/open_topic_6523_ws/install/lio_sam/local/lib/python3.10/dist-packages/lio_sam/lio_sam_s__rosidl_typesupport_introspection_c.cpython-310-x86_64-linux-gnu.so
[45.597s] -- Symlinking: /home/fibo4/open_topic_6523_ws/install/lio_sam/local/lib/python3.10/dist-packages/lio_sam/msg/__init__.py
[45.617s] -- Symlinking: /home/fibo4/open_topic_6523_ws/install/lio_sam/local/lib/python3.10/dist-packages/lio_sam/msg/_cloud_info.py
[45.637s] -- Symlinking: /home/fibo4/open_topic_6523_ws/install/lio_sam/local/lib/python3.10/dist-packages/lio_sam/msg/_cloud_info_s.c
[45.656s] -- Symlinking: /home/fibo4/open_topic_6523_ws/install/lio_sam/local/lib/python3.10/dist-packages/lio_sam/srv/__init__.py
[45.674s] -- Symlinking: /home/fibo4/open_topic_6523_ws/install/lio_sam/local/lib/python3.10/dist-packages/lio_sam/srv/_save_map.py
[45.696s] -- Symlinking: /home/fibo4/open_topic_6523_ws/install/lio_sam/local/lib/python3.10/dist-packages/lio_sam/srv/_save_map_s.c
[45.716s] -- Up-to-date symlink: /home/fibo4/open_topic_6523_ws/install/lio_sam/local/lib/python3.10/dist-packages/lio_sam/lio_sam_s__rosidl_typesupport_fastrtps_c.cpython-310-x86_64-linux-gnu.so
[45.716s] -- Up-to-date symlink: /home/fibo4/open_topic_6523_ws/install/lio_sam/local/lib/python3.10/dist-packages/lio_sam/lio_sam_s__rosidl_typesupport_introspection_c.cpython-310-x86_64-linux-gnu.so
[45.717s] -- Up-to-date symlink: /home/fibo4/open_topic_6523_ws/install/lio_sam/local/lib/python3.10/dist-packages/lio_sam/lio_sam_s__rosidl_typesupport_c.cpython-310-x86_64-linux-gnu.so
[45.717s] -- Symlinking: /home/fibo4/open_topic_6523_ws/install/lio_sam/share/lio_sam/msg/CloudInfo.idl
[45.742s] -- Symlinking: /home/fibo4/open_topic_6523_ws/install/lio_sam/share/lio_sam/srv/SaveMap.idl
[45.763s] -- Symlinking: /home/fibo4/open_topic_6523_ws/install/lio_sam/share/lio_sam/msg/CloudInfo.msg
[45.783s] -- Symlinking: /home/fibo4/open_topic_6523_ws/install/lio_sam/share/lio_sam/srv/SaveMap.srv
[45.804s] -- Symlinking: /home/fibo4/open_topic_6523_ws/install/lio_sam/share/lio_sam/srv/SaveMap_Request.msg
[45.829s] -- Symlinking: /home/fibo4/open_topic_6523_ws/install/lio_sam/share/lio_sam/srv/SaveMap_Response.msg
[45.851s] -- Symlinking: /home/fibo4/open_topic_6523_ws/install/lio_sam/share/lio_sam//launch/run.launch.py
[45.872s] -- Symlinking: /home/fibo4/open_topic_6523_ws/install/lio_sam/share/lio_sam//config/doc/demo.gif
[45.898s] -- Symlinking: /home/fibo4/open_topic_6523_ws/install/lio_sam/share/lio_sam//config/doc/device-boat.png
[45.927s] -- Symlinking: /home/fibo4/open_topic_6523_ws/install/lio_sam/share/lio_sam//config/doc/device-hand-2.png
[45.947s] -- Symlinking: /home/fibo4/open_topic_6523_ws/install/lio_sam/share/lio_sam//config/doc/device-hand.png
[45.964s] -- Symlinking: /home/fibo4/open_topic_6523_ws/install/lio_sam/share/lio_sam//config/doc/device-jackal.png
[45.983s] -- Symlinking: /home/fibo4/open_topic_6523_ws/install/lio_sam/share/lio_sam//config/doc/gps-demo.gif
[46.002s] -- Symlinking: /home/fibo4/open_topic_6523_ws/install/lio_sam/share/lio_sam//config/doc/imu-debug.gif
[46.025s] -- Symlinking: /home/fibo4/open_topic_6523_ws/install/lio_sam/share/lio_sam//config/doc/imu-transform.png
[46.046s] -- Symlinking: /home/fibo4/open_topic_6523_ws/install/lio_sam/share/lio_sam//config/doc/kitti-demo.gif
[46.065s] -- Symlinking: /home/fibo4/open_topic_6523_ws/install/lio_sam/share/lio_sam//config/doc/kitti-map.png
[46.083s] -- Symlinking: /home/fibo4/open_topic_6523_ws/install/lio_sam/share/lio_sam//config/doc/kitti2bag/README.md
[46.103s] -- Symlinking: /home/fibo4/open_topic_6523_ws/install/lio_sam/share/lio_sam//config/doc/kitti2bag/kitti2bag.py
[46.124s] -- Symlinking: /home/fibo4/open_topic_6523_ws/install/lio_sam/share/lio_sam//config/doc/loop-closure-2.gif
[46.145s] -- Symlinking: /home/fibo4/open_topic_6523_ws/install/lio_sam/share/lio_sam//config/doc/loop-closure.gif
[46.167s] -- Symlinking: /home/fibo4/open_topic_6523_ws/install/lio_sam/share/lio_sam//config/doc/ouster-demo.gif
[46.188s] -- Symlinking: /home/fibo4/open_topic_6523_ws/install/lio_sam/share/lio_sam//config/doc/ouster-device.jpg
[46.214s] -- Symlinking: /home/fibo4/open_topic_6523_ws/install/lio_sam/share/lio_sam//config/doc/paper.pdf
[46.232s] -- Symlinking: /home/fibo4/open_topic_6523_ws/install/lio_sam/share/lio_sam//config/doc/system.png
[46.257s] -- Symlinking: /home/fibo4/open_topic_6523_ws/install/lio_sam/share/lio_sam//config/params.yaml
[46.276s] -- Symlinking: /home/fibo4/open_topic_6523_ws/install/lio_sam/share/lio_sam//config/robot.urdf.xacro
[46.295s] -- Symlinking: /home/fibo4/open_topic_6523_ws/install/lio_sam/share/lio_sam//config/rviz2.rviz
[46.316s] -- Symlinking: /home/fibo4/open_topic_6523_ws/install/lio_sam/lib/lio_sam/lio_sam_imageProjection
[46.339s] -- Symlinking: /home/fibo4/open_topic_6523_ws/install/lio_sam/lib/lio_sam/lio_sam_imuPreintegration
[46.358s] -- Symlinking: /home/fibo4/open_topic_6523_ws/install/lio_sam/lib/lio_sam/lio_sam_featureExtraction
[46.383s] -- Symlinking: /home/fibo4/open_topic_6523_ws/install/lio_sam/lib/lio_sam/lio_sam_mapOptimization
[46.405s] -- Symlinking: /home/fibo4/open_topic_6523_ws/install/lio_sam/include/lio_sam/utility.hpp
[46.432s] -- Symlinking: /home/fibo4/open_topic_6523_ws/install/lio_sam/share/ament_index/resource_index/package_run_dependencies/lio_sam
[46.461s] -- Symlinking: /home/fibo4/open_topic_6523_ws/install/lio_sam/share/ament_index/resource_index/parent_prefix_path/lio_sam
[46.482s] -- Symlinking: /home/fibo4/open_topic_6523_ws/install/lio_sam/share/lio_sam/environment/ament_prefix_path.sh
[46.506s] -- Symlinking: /home/fibo4/open_topic_6523_ws/install/lio_sam/share/lio_sam/environment/ament_prefix_path.dsv
[46.526s] -- Symlinking: /home/fibo4/open_topic_6523_ws/install/lio_sam/share/lio_sam/environment/path.sh
[46.547s] -- Symlinking: /home/fibo4/open_topic_6523_ws/install/lio_sam/share/lio_sam/environment/path.dsv
[46.568s] -- Symlinking: /home/fibo4/open_topic_6523_ws/install/lio_sam/share/lio_sam/local_setup.bash
[46.589s] -- Symlinking: /home/fibo4/open_topic_6523_ws/install/lio_sam/share/lio_sam/local_setup.sh
[46.609s] -- Symlinking: /home/fibo4/open_topic_6523_ws/install/lio_sam/share/lio_sam/local_setup.zsh
[46.631s] -- Symlinking: /home/fibo4/open_topic_6523_ws/install/lio_sam/share/lio_sam/local_setup.dsv
[46.652s] -- Symlinking: /home/fibo4/open_topic_6523_ws/install/lio_sam/share/lio_sam/package.dsv
[46.673s] -- Symlinking: /home/fibo4/open_topic_6523_ws/install/lio_sam/share/ament_index/resource_index/packages/lio_sam
[46.690s] -- Symlinking: /home/fibo4/open_topic_6523_ws/install/lio_sam/share/lio_sam/cmake/rosidl_cmake-extras.cmake
[46.713s] -- Symlinking: /home/fibo4/open_topic_6523_ws/install/lio_sam/share/lio_sam/cmake/ament_cmake_export_dependencies-extras.cmake
[46.734s] -- Symlinking: /home/fibo4/open_topic_6523_ws/install/lio_sam/share/lio_sam/cmake/ament_cmake_export_include_directories-extras.cmake
[46.755s] -- Symlinking: /home/fibo4/open_topic_6523_ws/install/lio_sam/share/lio_sam/cmake/ament_cmake_export_libraries-extras.cmake
[46.774s] -- Symlinking: /home/fibo4/open_topic_6523_ws/install/lio_sam/share/lio_sam/cmake/ament_cmake_export_targets-extras.cmake
[46.798s] -- Symlinking: /home/fibo4/open_topic_6523_ws/install/lio_sam/share/lio_sam/cmake/rosidl_cmake_export_typesupport_targets-extras.cmake
[46.820s] -- Symlinking: /home/fibo4/open_topic_6523_ws/install/lio_sam/share/lio_sam/cmake/rosidl_cmake_export_typesupport_libraries-extras.cmake
[46.845s] -- Symlinking: /home/fibo4/open_topic_6523_ws/install/lio_sam/share/lio_sam/cmake/lio_samConfig.cmake
[46.865s] -- Symlinking: /home/fibo4/open_topic_6523_ws/install/lio_sam/share/lio_sam/cmake/lio_samConfig-version.cmake
[46.885s] -- Symlinking: /home/fibo4/open_topic_6523_ws/install/lio_sam/share/lio_sam/package.xml
[46.906s] -- Installing: /home/fibo4/open_topic_6523_ws/install/lio_sam/lib/liblio_sam__rosidl_generator_c.so
[46.906s] -- Set runtime path of "/home/fibo4/open_topic_6523_ws/install/lio_sam/lib/liblio_sam__rosidl_generator_c.so" to ""
[46.906s] -- Installing: /home/fibo4/open_topic_6523_ws/install/lio_sam/lib/liblio_sam__rosidl_typesupport_fastrtps_c.so
[46.906s] -- Set runtime path of "/home/fibo4/open_topic_6523_ws/install/lio_sam/lib/liblio_sam__rosidl_typesupport_fastrtps_c.so" to ""
[46.906s] -- Installing: /home/fibo4/open_topic_6523_ws/install/lio_sam/lib/liblio_sam__rosidl_typesupport_introspection_c.so
[46.906s] -- Set runtime path of "/home/fibo4/open_topic_6523_ws/install/lio_sam/lib/liblio_sam__rosidl_typesupport_introspection_c.so" to ""
[46.906s] -- Installing: /home/fibo4/open_topic_6523_ws/install/lio_sam/lib/liblio_sam__rosidl_typesupport_c.so
[46.907s] -- Set runtime path of "/home/fibo4/open_topic_6523_ws/install/lio_sam/lib/liblio_sam__rosidl_typesupport_c.so" to ""
[46.907s] -- Installing: /home/fibo4/open_topic_6523_ws/install/lio_sam/lib/liblio_sam__rosidl_typesupport_fastrtps_cpp.so
[46.907s] -- Set runtime path of "/home/fibo4/open_topic_6523_ws/install/lio_sam/lib/liblio_sam__rosidl_typesupport_fastrtps_cpp.so" to ""
[46.907s] -- Installing: /home/fibo4/open_topic_6523_ws/install/lio_sam/lib/liblio_sam__rosidl_typesupport_introspection_cpp.so
[46.907s] -- Set runtime path of "/home/fibo4/open_topic_6523_ws/install/lio_sam/lib/liblio_sam__rosidl_typesupport_introspection_cpp.so" to ""
[46.907s] -- Installing: /home/fibo4/open_topic_6523_ws/install/lio_sam/lib/liblio_sam__rosidl_typesupport_cpp.so
[46.907s] -- Set runtime path of "/home/fibo4/open_topic_6523_ws/install/lio_sam/lib/liblio_sam__rosidl_typesupport_cpp.so" to ""
[46.971s] Listing '/home/fibo4/open_topic_6523_ws/install/lio_sam/local/lib/python3.10/dist-packages/lio_sam'...
[46.972s] Compiling '/home/fibo4/open_topic_6523_ws/install/lio_sam/local/lib/python3.10/dist-packages/lio_sam/__init__.py'...
[46.972s] Listing '/home/fibo4/open_topic_6523_ws/install/lio_sam/local/lib/python3.10/dist-packages/lio_sam/msg'...
[46.972s] Compiling '/home/fibo4/open_topic_6523_ws/install/lio_sam/local/lib/python3.10/dist-packages/lio_sam/msg/__init__.py'...
[46.972s] Compiling '/home/fibo4/open_topic_6523_ws/install/lio_sam/local/lib/python3.10/dist-packages/lio_sam/msg/_cloud_info.py'...
[46.972s] Listing '/home/fibo4/open_topic_6523_ws/install/lio_sam/local/lib/python3.10/dist-packages/lio_sam/srv'...
[46.972s] Compiling '/home/fibo4/open_topic_6523_ws/install/lio_sam/local/lib/python3.10/dist-packages/lio_sam/srv/__init__.py'...
[46.972s] Compiling '/home/fibo4/open_topic_6523_ws/install/lio_sam/local/lib/python3.10/dist-packages/lio_sam/srv/_save_map.py'...
[46.975s] -- Installing: /home/fibo4/open_topic_6523_ws/install/lio_sam/lib/liblio_sam__rosidl_generator_py.so
[46.975s] -- Set runtime path of "/home/fibo4/open_topic_6523_ws/install/lio_sam/lib/liblio_sam__rosidl_generator_py.so" to ""
[46.975s] -- Installing: /home/fibo4/open_topic_6523_ws/install/lio_sam/share/lio_sam/cmake/export_lio_sam__rosidl_generator_cExport.cmake
[46.975s] -- Installing: /home/fibo4/open_topic_6523_ws/install/lio_sam/share/lio_sam/cmake/export_lio_sam__rosidl_generator_cExport-release.cmake
[46.975s] -- Installing: /home/fibo4/open_topic_6523_ws/install/lio_sam/share/lio_sam/cmake/export_lio_sam__rosidl_typesupport_fastrtps_cExport.cmake
[46.976s] -- Installing: /home/fibo4/open_topic_6523_ws/install/lio_sam/share/lio_sam/cmake/export_lio_sam__rosidl_typesupport_fastrtps_cExport-release.cmake
[46.976s] -- Installing: /home/fibo4/open_topic_6523_ws/install/lio_sam/share/lio_sam/cmake/lio_sam__rosidl_typesupport_introspection_cExport.cmake
[46.976s] -- Installing: /home/fibo4/open_topic_6523_ws/install/lio_sam/share/lio_sam/cmake/lio_sam__rosidl_typesupport_introspection_cExport-release.cmake
[46.976s] -- Installing: /home/fibo4/open_topic_6523_ws/install/lio_sam/share/lio_sam/cmake/lio_sam__rosidl_typesupport_cExport.cmake
[46.976s] -- Installing: /home/fibo4/open_topic_6523_ws/install/lio_sam/share/lio_sam/cmake/lio_sam__rosidl_typesupport_cExport-release.cmake
[46.976s] -- Installing: /home/fibo4/open_topic_6523_ws/install/lio_sam/share/lio_sam/cmake/export_lio_sam__rosidl_generator_cppExport.cmake
[46.976s] -- Installing: /home/fibo4/open_topic_6523_ws/install/lio_sam/share/lio_sam/cmake/export_lio_sam__rosidl_typesupport_fastrtps_cppExport.cmake
[46.976s] -- Installing: /home/fibo4/open_topic_6523_ws/install/lio_sam/share/lio_sam/cmake/export_lio_sam__rosidl_typesupport_fastrtps_cppExport-release.cmake
[46.976s] -- Installing: /home/fibo4/open_topic_6523_ws/install/lio_sam/share/lio_sam/cmake/lio_sam__rosidl_typesupport_introspection_cppExport.cmake
[46.976s] -- Installing: /home/fibo4/open_topic_6523_ws/install/lio_sam/share/lio_sam/cmake/lio_sam__rosidl_typesupport_introspection_cppExport-release.cmake
[46.976s] -- Installing: /home/fibo4/open_topic_6523_ws/install/lio_sam/share/lio_sam/cmake/lio_sam__rosidl_typesupport_cppExport.cmake
[46.976s] -- Installing: /home/fibo4/open_topic_6523_ws/install/lio_sam/share/lio_sam/cmake/lio_sam__rosidl_typesupport_cppExport-release.cmake
[46.976s] -- Installing: /home/fibo4/open_topic_6523_ws/install/lio_sam/share/lio_sam/cmake/export_lio_sam__rosidl_generator_pyExport.cmake
[46.976s] -- Installing: /home/fibo4/open_topic_6523_ws/install/lio_sam/share/lio_sam/cmake/export_lio_sam__rosidl_generator_pyExport-release.cmake
[46.978s] Invoked command in '/home/fibo4/open_topic_6523_ws/build/lio_sam' returned '0': CMAKE_PREFIX_PATH=${CMAKE_PREFIX_PATH}:/home/fibo4/autoware/install/autoware_carla_interface:/home/fibo4/autoware/install/rqt_carla_control:/home/fibo4/autoware/install/carla_waypoint_publisher:/home/fibo4/autoware/install/carla_ackermann_control:/home/fibo4/autoware/install/carla_ros_bridge:/home/fibo4/autoware/install/carla_spawn_objects:/home/fibo4/autoware/install/carla_manual_control:/home/fibo4/autoware/install/carla_ad_agent:/home/fibo4/autoware/install/ros_compatibility:/home/fibo4/autoware/install/carla_walker_agent:/home/fibo4/autoware/install/carla_twist_to_control:/home/fibo4/autoware/install/carla_tesla_model3_description:/home/fibo4/autoware/install/carla_ros_scenario_runner:/home/fibo4/autoware/install/carla_common:/home/fibo4/autoware/install/carla_autoware_bridge:/home/fibo4/autoware/install/ad_api_visualizers:/home/fibo4/carla-ros-bridge/install/rqt_carla_control:/home/fibo4/carla-ros-bridge/install/carla_waypoint_publisher:/home/fibo4/carla-ros-bridge/install/carla_ackermann_control:/home/fibo4/carla-ros-bridge/install/carla_ros_bridge:/home/fibo4/carla-ros-bridge/install/carla_spawn_objects:/home/fibo4/carla-ros-bridge/install/carla_manual_control:/home/fibo4/carla-ros-bridge/install/carla_ad_agent:/home/fibo4/carla-ros-bridge/install/ros_compatibility:/home/fibo4/carla-ros-bridge/install/carla_walker_agent:/home/fibo4/carla-ros-bridge/install/carla_twist_to_control:/home/fibo4/carla-ros-bridge/install/carla_ros_scenario_runner:/home/fibo4/carla-ros-bridge/install/carla_common:/opt/ros/humble /usr/bin/cmake --install /home/fibo4/open_topic_6523_ws/build/lio_sam
