[0.036s] Invoking command in '/home/fibo4/open_topic_6523_ws/build/carla_mapping': CMAKE_PREFIX_PATH=${CMAKE_PREFIX_PATH}:/home/fibo4/autoware/install/autoware_carla_interface:/home/fibo4/autoware/install/rqt_carla_control:/home/fibo4/autoware/install/carla_waypoint_publisher:/home/fibo4/autoware/install/carla_ackermann_control:/home/fibo4/autoware/install/carla_ros_bridge:/home/fibo4/autoware/install/carla_spawn_objects:/home/fibo4/autoware/install/carla_manual_control:/home/fibo4/autoware/install/carla_ad_agent:/home/fibo4/autoware/install/ros_compatibility:/home/fibo4/autoware/install/carla_walker_agent:/home/fibo4/autoware/install/carla_twist_to_control:/home/fibo4/autoware/install/carla_tesla_model3_description:/home/fibo4/autoware/install/carla_ros_scenario_runner:/home/fibo4/autoware/install/carla_common:/home/fibo4/autoware/install/carla_autoware_bridge:/home/fibo4/autoware/install/ad_api_visualizers:/home/fibo4/carla-ros-bridge/install/rqt_carla_control:/home/fibo4/carla-ros-bridge/install/carla_waypoint_publisher:/home/fibo4/carla-ros-bridge/install/carla_ackermann_control:/home/fibo4/carla-ros-bridge/install/carla_ros_bridge:/home/fibo4/carla-ros-bridge/install/carla_spawn_objects:/home/fibo4/carla-ros-bridge/install/carla_manual_control:/home/fibo4/carla-ros-bridge/install/carla_ad_agent:/home/fibo4/carla-ros-bridge/install/ros_compatibility:/home/fibo4/carla-ros-bridge/install/carla_walker_agent:/home/fibo4/carla-ros-bridge/install/carla_twist_to_control:/home/fibo4/carla-ros-bridge/install/carla_ros_scenario_runner:/home/fibo4/carla-ros-bridge/install/carla_common:/opt/ros/humble /usr/bin/cmake --build /home/fibo4/open_topic_6523_ws/build/carla_mapping -- -j16 -l16
[0.212s] [100%] Built target cpp_node_test
[0.230s] [100%] Built target ament_cmake_python_copy_carla_mapping
[0.597s] running egg_info
[0.597s] writing carla_mapping.egg-info/PKG-INFO
[0.598s] writing dependency_links to carla_mapping.egg-info/dependency_links.txt
[0.598s] writing top-level names to carla_mapping.egg-info/top_level.txt
[0.599s] reading manifest file 'carla_mapping.egg-info/SOURCES.txt'
[0.599s] writing manifest file 'carla_mapping.egg-info/SOURCES.txt'
[0.646s] [100%] Built target ament_cmake_python_build_carla_mapping_egg
[0.673s] Invoked command in '/home/fibo4/open_topic_6523_ws/build/carla_mapping' returned '0': CMAKE_PREFIX_PATH=${CMAKE_PREFIX_PATH}:/home/fibo4/autoware/install/autoware_carla_interface:/home/fibo4/autoware/install/rqt_carla_control:/home/fibo4/autoware/install/carla_waypoint_publisher:/home/fibo4/autoware/install/carla_ackermann_control:/home/fibo4/autoware/install/carla_ros_bridge:/home/fibo4/autoware/install/carla_spawn_objects:/home/fibo4/autoware/install/carla_manual_control:/home/fibo4/autoware/install/carla_ad_agent:/home/fibo4/autoware/install/ros_compatibility:/home/fibo4/autoware/install/carla_walker_agent:/home/fibo4/autoware/install/carla_twist_to_control:/home/fibo4/autoware/install/carla_tesla_model3_description:/home/fibo4/autoware/install/carla_ros_scenario_runner:/home/fibo4/autoware/install/carla_common:/home/fibo4/autoware/install/carla_autoware_bridge:/home/fibo4/autoware/install/ad_api_visualizers:/home/fibo4/carla-ros-bridge/install/rqt_carla_control:/home/fibo4/carla-ros-bridge/install/carla_waypoint_publisher:/home/fibo4/carla-ros-bridge/install/carla_ackermann_control:/home/fibo4/carla-ros-bridge/install/carla_ros_bridge:/home/fibo4/carla-ros-bridge/install/carla_spawn_objects:/home/fibo4/carla-ros-bridge/install/carla_manual_control:/home/fibo4/carla-ros-bridge/install/carla_ad_agent:/home/fibo4/carla-ros-bridge/install/ros_compatibility:/home/fibo4/carla-ros-bridge/install/carla_walker_agent:/home/fibo4/carla-ros-bridge/install/carla_twist_to_control:/home/fibo4/carla-ros-bridge/install/carla_ros_scenario_runner:/home/fibo4/carla-ros-bridge/install/carla_common:/opt/ros/humble /usr/bin/cmake --build /home/fibo4/open_topic_6523_ws/build/carla_mapping -- -j16 -l16
[0.696s] Invoking command in '/home/fibo4/open_topic_6523_ws/build/carla_mapping': CMAKE_PREFIX_PATH=${CMAKE_PREFIX_PATH}:/home/fibo4/autoware/install/autoware_carla_interface:/home/fibo4/autoware/install/rqt_carla_control:/home/fibo4/autoware/install/carla_waypoint_publisher:/home/fibo4/autoware/install/carla_ackermann_control:/home/fibo4/autoware/install/carla_ros_bridge:/home/fibo4/autoware/install/carla_spawn_objects:/home/fibo4/autoware/install/carla_manual_control:/home/fibo4/autoware/install/carla_ad_agent:/home/fibo4/autoware/install/ros_compatibility:/home/fibo4/autoware/install/carla_walker_agent:/home/fibo4/autoware/install/carla_twist_to_control:/home/fibo4/autoware/install/carla_tesla_model3_description:/home/fibo4/autoware/install/carla_ros_scenario_runner:/home/fibo4/autoware/install/carla_common:/home/fibo4/autoware/install/carla_autoware_bridge:/home/fibo4/autoware/install/ad_api_visualizers:/home/fibo4/carla-ros-bridge/install/rqt_carla_control:/home/fibo4/carla-ros-bridge/install/carla_waypoint_publisher:/home/fibo4/carla-ros-bridge/install/carla_ackermann_control:/home/fibo4/carla-ros-bridge/install/carla_ros_bridge:/home/fibo4/carla-ros-bridge/install/carla_spawn_objects:/home/fibo4/carla-ros-bridge/install/carla_manual_control:/home/fibo4/carla-ros-bridge/install/carla_ad_agent:/home/fibo4/carla-ros-bridge/install/ros_compatibility:/home/fibo4/carla-ros-bridge/install/carla_walker_agent:/home/fibo4/carla-ros-bridge/install/carla_twist_to_control:/home/fibo4/carla-ros-bridge/install/carla_ros_scenario_runner:/home/fibo4/carla-ros-bridge/install/carla_common:/opt/ros/humble /usr/bin/cmake --install /home/fibo4/open_topic_6523_ws/build/carla_mapping
[0.719s] -- Install configuration: ""
[0.719s] -- Up-to-date: /home/fibo4/open_topic_6523_ws/install/carla_mapping/share/carla_mapping/environment/pythonpath.sh
[0.719s] -- Up-to-date: /home/fibo4/open_topic_6523_ws/install/carla_mapping/share/carla_mapping/environment/pythonpath.dsv
[0.719s] -- Up-to-date: /home/fibo4/open_topic_6523_ws/install/carla_mapping/local/lib/python3.10/dist-packages/carla_mapping-0.0.0-py3.10.egg-info
[0.719s] -- Installing: /home/fibo4/open_topic_6523_ws/install/carla_mapping/local/lib/python3.10/dist-packages/carla_mapping-0.0.0-py3.10.egg-info/SOURCES.txt
[0.719s] -- Installing: /home/fibo4/open_topic_6523_ws/install/carla_mapping/local/lib/python3.10/dist-packages/carla_mapping-0.0.0-py3.10.egg-info/dependency_links.txt
[0.719s] -- Installing: /home/fibo4/open_topic_6523_ws/install/carla_mapping/local/lib/python3.10/dist-packages/carla_mapping-0.0.0-py3.10.egg-info/top_level.txt
[0.719s] -- Installing: /home/fibo4/open_topic_6523_ws/install/carla_mapping/local/lib/python3.10/dist-packages/carla_mapping-0.0.0-py3.10.egg-info/PKG-INFO
[0.719s] -- Up-to-date: /home/fibo4/open_topic_6523_ws/install/carla_mapping/local/lib/python3.10/dist-packages/carla_mapping
[0.720s] -- Up-to-date: /home/fibo4/open_topic_6523_ws/install/carla_mapping/local/lib/python3.10/dist-packages/carla_mapping/dummy_module.py
[0.720s] -- Up-to-date: /home/fibo4/open_topic_6523_ws/install/carla_mapping/local/lib/python3.10/dist-packages/carla_mapping/__init__.py
[0.796s] Listing '/home/fibo4/open_topic_6523_ws/install/carla_mapping/local/lib/python3.10/dist-packages/carla_mapping'...
[0.799s] -- Up-to-date: /home/fibo4/open_topic_6523_ws/install/carla_mapping/lib/carla_mapping/dummy_script.py
[0.799s] -- Installing: /home/fibo4/open_topic_6523_ws/install/carla_mapping/lib/carla_mapping/increase_pub_rate.py
[0.800s] -- Up-to-date: /home/fibo4/open_topic_6523_ws/install/carla_mapping/lib/carla_mapping/cpp_node_test
[0.800s] -- Up-to-date: /home/fibo4/open_topic_6523_ws/install/carla_mapping/share/carla_mapping/launch
[0.800s] -- Up-to-date: /home/fibo4/open_topic_6523_ws/install/carla_mapping/share/carla_mapping/launch/lio_sam.launch.py
[0.800s] -- Up-to-date: /home/fibo4/open_topic_6523_ws/install/carla_mapping/share/carla_mapping/config
[0.800s] -- Up-to-date: /home/fibo4/open_topic_6523_ws/install/carla_mapping/share/carla_mapping/config/robot.urdf.xacro
[0.800s] -- Up-to-date: /home/fibo4/open_topic_6523_ws/install/carla_mapping/share/carla_mapping/config/rviz2.rviz
[0.800s] -- Up-to-date: /home/fibo4/open_topic_6523_ws/install/carla_mapping/share/carla_mapping/config/params.yaml
[0.800s] -- Up-to-date: /home/fibo4/open_topic_6523_ws/install/carla_mapping/share/ament_index/resource_index/package_run_dependencies/carla_mapping
[0.801s] -- Up-to-date: /home/fibo4/open_topic_6523_ws/install/carla_mapping/share/ament_index/resource_index/parent_prefix_path/carla_mapping
[0.801s] -- Up-to-date: /home/fibo4/open_topic_6523_ws/install/carla_mapping/share/carla_mapping/environment/ament_prefix_path.sh
[0.801s] -- Up-to-date: /home/fibo4/open_topic_6523_ws/install/carla_mapping/share/carla_mapping/environment/ament_prefix_path.dsv
[0.801s] -- Up-to-date: /home/fibo4/open_topic_6523_ws/install/carla_mapping/share/carla_mapping/environment/path.sh
[0.801s] -- Up-to-date: /home/fibo4/open_topic_6523_ws/install/carla_mapping/share/carla_mapping/environment/path.dsv
[0.801s] -- Up-to-date: /home/fibo4/open_topic_6523_ws/install/carla_mapping/share/carla_mapping/local_setup.bash
[0.801s] -- Up-to-date: /home/fibo4/open_topic_6523_ws/install/carla_mapping/share/carla_mapping/local_setup.sh
[0.801s] -- Up-to-date: /home/fibo4/open_topic_6523_ws/install/carla_mapping/share/carla_mapping/local_setup.zsh
[0.801s] -- Up-to-date: /home/fibo4/open_topic_6523_ws/install/carla_mapping/share/carla_mapping/local_setup.dsv
[0.801s] -- Installing: /home/fibo4/open_topic_6523_ws/install/carla_mapping/share/carla_mapping/package.dsv
[0.801s] -- Up-to-date: /home/fibo4/open_topic_6523_ws/install/carla_mapping/share/ament_index/resource_index/packages/carla_mapping
[0.801s] -- Up-to-date: /home/fibo4/open_topic_6523_ws/install/carla_mapping/share/carla_mapping/cmake/carla_mappingConfig.cmake
[0.801s] -- Up-to-date: /home/fibo4/open_topic_6523_ws/install/carla_mapping/share/carla_mapping/cmake/carla_mappingConfig-version.cmake
[0.801s] -- Up-to-date: /home/fibo4/open_topic_6523_ws/install/carla_mapping/share/carla_mapping/package.xml
[0.802s] Invoked command in '/home/fibo4/open_topic_6523_ws/build/carla_mapping' returned '0': CMAKE_PREFIX_PATH=${CMAKE_PREFIX_PATH}:/home/fibo4/autoware/install/autoware_carla_interface:/home/fibo4/autoware/install/rqt_carla_control:/home/fibo4/autoware/install/carla_waypoint_publisher:/home/fibo4/autoware/install/carla_ackermann_control:/home/fibo4/autoware/install/carla_ros_bridge:/home/fibo4/autoware/install/carla_spawn_objects:/home/fibo4/autoware/install/carla_manual_control:/home/fibo4/autoware/install/carla_ad_agent:/home/fibo4/autoware/install/ros_compatibility:/home/fibo4/autoware/install/carla_walker_agent:/home/fibo4/autoware/install/carla_twist_to_control:/home/fibo4/autoware/install/carla_tesla_model3_description:/home/fibo4/autoware/install/carla_ros_scenario_runner:/home/fibo4/autoware/install/carla_common:/home/fibo4/autoware/install/carla_autoware_bridge:/home/fibo4/autoware/install/ad_api_visualizers:/home/fibo4/carla-ros-bridge/install/rqt_carla_control:/home/fibo4/carla-ros-bridge/install/carla_waypoint_publisher:/home/fibo4/carla-ros-bridge/install/carla_ackermann_control:/home/fibo4/carla-ros-bridge/install/carla_ros_bridge:/home/fibo4/carla-ros-bridge/install/carla_spawn_objects:/home/fibo4/carla-ros-bridge/install/carla_manual_control:/home/fibo4/carla-ros-bridge/install/carla_ad_agent:/home/fibo4/carla-ros-bridge/install/ros_compatibility:/home/fibo4/carla-ros-bridge/install/carla_walker_agent:/home/fibo4/carla-ros-bridge/install/carla_twist_to_control:/home/fibo4/carla-ros-bridge/install/carla_ros_scenario_runner:/home/fibo4/carla-ros-bridge/install/carla_common:/opt/ros/humble /usr/bin/cmake --install /home/fibo4/open_topic_6523_ws/build/carla_mapping
