[0.041s] Invoking command in '/home/fibo4/open_topic_6523_ws/build/lio_sam': CMAKE_PREFIX_PATH=${CMAKE_PREFIX_PATH}:/home/fibo4/autoware/install/autoware_carla_interface:/home/fibo4/autoware/install/rqt_carla_control:/home/fibo4/autoware/install/carla_waypoint_publisher:/home/fibo4/autoware/install/carla_ackermann_control:/home/fibo4/autoware/install/carla_ros_bridge:/home/fibo4/autoware/install/carla_spawn_objects:/home/fibo4/autoware/install/carla_manual_control:/home/fibo4/autoware/install/carla_ad_agent:/home/fibo4/autoware/install/ros_compatibility:/home/fibo4/autoware/install/carla_walker_agent:/home/fibo4/autoware/install/carla_twist_to_control:/home/fibo4/autoware/install/carla_tesla_model3_description:/home/fibo4/autoware/install/carla_ros_scenario_runner:/home/fibo4/autoware/install/carla_common:/home/fibo4/autoware/install/carla_autoware_bridge:/home/fibo4/autoware/install/ad_api_visualizers:/home/fibo4/carla-ros-bridge/install/rqt_carla_control:/home/fibo4/carla-ros-bridge/install/carla_waypoint_publisher:/home/fibo4/carla-ros-bridge/install/carla_ackermann_control:/home/fibo4/carla-ros-bridge/install/carla_ros_bridge:/home/fibo4/carla-ros-bridge/install/carla_spawn_objects:/home/fibo4/carla-ros-bridge/install/carla_manual_control:/home/fibo4/carla-ros-bridge/install/carla_ad_agent:/home/fibo4/carla-ros-bridge/install/ros_compatibility:/home/fibo4/carla-ros-bridge/install/carla_walker_agent:/home/fibo4/carla-ros-bridge/install/carla_twist_to_control:/home/fibo4/carla-ros-bridge/install/carla_ros_scenario_runner:/home/fibo4/carla-ros-bridge/install/carla_common:/opt/ros/humble /usr/bin/cmake /home/fibo4/open_topic_6523_ws/src/LIO-SAM -DCMAKE_BUILD_TYPE=Release -DAMENT_CMAKE_SYMLINK_INSTALL=1 -DCMAKE_INSTALL_PREFIX=/home/fibo4/open_topic_6523_ws/install/lio_sam
[0.206s] -- The C compiler identification is GNU 11.4.0
[0.316s] -- The CXX compiler identification is GNU 11.4.0
[0.337s] -- Detecting C compiler ABI info
[0.497s] -- Detecting C compiler ABI info - done
[0.502s] -- Check for working C compiler: /usr/lib/ccache/gcc - skipped
[0.502s] -- Detecting C compile features
[0.503s] -- Detecting C compile features - done
[0.505s] -- Detecting CXX compiler ABI info
[0.672s] -- Detecting CXX compiler ABI info - done
[0.678s] -- Check for working CXX compiler: /usr/lib/ccache/g++ - skipped
[0.678s] -- Detecting CXX compile features
[0.679s] -- Detecting CXX compile features - done
[0.711s] -- Found ament_cmake: 1.3.11 (/opt/ros/humble/share/ament_cmake/cmake)
[1.090s] -- Found Python3: /usr/bin/python3 (found version "3.10.12") found components: Interpreter 
[1.203s] -- Override CMake install command with custom implementation using symlinks instead of copying resources
[1.562s] -- Found rosidl_default_generators: 1.2.0 (/opt/ros/humble/share/rosidl_default_generators/cmake)
[1.743s] -- Using all available rosidl_typesupport_c: rosidl_typesupport_fastrtps_c;rosidl_typesupport_introspection_c
[1.814s] -- Found rosidl_adapter: 3.1.6 (/opt/ros/humble/share/rosidl_adapter/cmake)
[2.131s] -- Using all available rosidl_typesupport_cpp: rosidl_typesupport_fastrtps_cpp;rosidl_typesupport_introspection_cpp
[2.308s] -- Found rclcpp: 16.0.11 (/opt/ros/humble/share/rclcpp/cmake)
[2.680s] -- Found rmw_implementation_cmake: 6.1.2 (/opt/ros/humble/share/rmw_implementation_cmake/cmake)
[2.733s] -- Found rmw_cyclonedds_cpp: 1.3.4 (/opt/ros/humble/share/rmw_cyclonedds_cpp/cmake)
[2.902s] -- Using RMW implementation 'rmw_cyclonedds_cpp' as default
[2.985s] -- Looking for pthread.h
[3.138s] -- Looking for pthread.h - found
[3.138s] -- Performing Test CMAKE_HAVE_LIBC_PTHREAD
[3.306s] -- Performing Test CMAKE_HAVE_LIBC_PTHREAD - Success
[3.307s] -- Found Threads: TRUE  
[3.474s] -- Found rclpy: 3.3.15 (/opt/ros/humble/share/rclpy/cmake)
[3.498s] -- Found cv_bridge: 3.2.1 (/opt/ros/humble/share/cv_bridge/cmake)
[3.629s] -- Found nav_msgs: 4.2.4 (/opt/ros/humble/share/nav_msgs/cmake)
[3.674s] -- Found visualization_msgs: 4.2.4 (/opt/ros/humble/share/visualization_msgs/cmake)
[3.697s] -- Found pcl_conversions: 2.4.5 (/home/fibo4/ros2_ws/install/pcl_conversions/share/pcl_conversions/cmake)
[3.854s] -- Checking for module 'eigen3'
[3.911s] --   Found eigen3, version 3.4.0
[4.062s] -- Found Eigen: /usr/include/eigen3 (Required is at least version "3.1") 
[4.062s] -- Eigen found (include: /usr/include/eigen3, version: 3.4.0)
[4.289s] -- Checking for module 'flann'
[4.345s] --   Found flann, version 1.9.1
[4.486s] -- Found FLANN: /usr/lib/x86_64-linux-gnu/libflann_cpp.so  
[4.486s] -- FLANN found (include: /usr/include, lib: /usr/lib/x86_64-linux-gnu/libflann_cpp.so)
[6.824s] -- Checking for module 'libusb-1.0'
[6.878s] --   Found libusb-1.0, version 1.0.25
[6.998s] -- Found libusb: /usr/lib/x86_64-linux-gnu/libusb-1.0.so  
[6.999s] -- OpenNI found (version: 1.5.4.0, include: /usr/include/ni, lib: /usr/lib/libOpenNI.so;libusb::libusb)
[7.193s] -- OpenNI2 found (version: 2.2.0.33, include: /usr/include/openni2, lib: /usr/lib/x86_64-linux-gnu/libOpenNI2.so;libusb::libusb)
[7.435s] -- Eigen found (include: /usr/include/eigen3, version: 3.4.0)
[7.447s] -- OpenNI found (version: 1.5.4.0, include: /usr/include/ni, lib: /usr/lib/libOpenNI.so;libusb::libusb)
[7.459s] -- OpenNI2 found (version: 2.2.0.33, include: /usr/include/openni2, lib: /usr/lib/x86_64-linux-gnu/libOpenNI2.so;libusb::libusb)
[7.709s] -- Found Qhull version 8.0.2
[7.938s] -- OpenNI found (version: 1.5.4.0, include: /usr/include/ni, lib: /usr/lib/libOpenNI.so;libusb::libusb)
[8.154s] -- Found PCL_COMMON: /usr/lib/x86_64-linux-gnu/libpcl_common.so  
[8.154s] -- Found PCL_KDTREE: /usr/lib/x86_64-linux-gnu/libpcl_kdtree.so  
[8.154s] -- Found PCL_OCTREE: /usr/lib/x86_64-linux-gnu/libpcl_octree.so  
[8.154s] -- Found PCL_SEARCH: /usr/lib/x86_64-linux-gnu/libpcl_search.so  
[8.155s] -- Found PCL_SAMPLE_CONSENSUS: /usr/lib/x86_64-linux-gnu/libpcl_sample_consensus.so  
[8.155s] -- Found PCL_FILTERS: /usr/lib/x86_64-linux-gnu/libpcl_filters.so  
[8.156s] -- Found PCL_2D: /usr/include/pcl-1.12  
[8.156s] -- Found PCL_GEOMETRY: /usr/include/pcl-1.12  
[8.156s] -- Found PCL_IO: /usr/lib/x86_64-linux-gnu/libpcl_io.so  
[8.157s] -- Found PCL_FEATURES: /usr/lib/x86_64-linux-gnu/libpcl_features.so  
[8.158s] -- Found PCL_ML: /usr/lib/x86_64-linux-gnu/libpcl_ml.so  
[8.158s] -- Found PCL_SEGMENTATION: /usr/lib/x86_64-linux-gnu/libpcl_segmentation.so  
[8.159s] -- Found PCL_VISUALIZATION: /usr/lib/x86_64-linux-gnu/libpcl_visualization.so  
[8.160s] -- Found PCL_SURFACE: /usr/lib/x86_64-linux-gnu/libpcl_surface.so  
[8.161s] -- Found PCL_REGISTRATION: /usr/lib/x86_64-linux-gnu/libpcl_registration.so  
[8.161s] -- Found PCL_KEYPOINTS: /usr/lib/x86_64-linux-gnu/libpcl_keypoints.so  
[8.162s] -- Found PCL_TRACKING: /usr/lib/x86_64-linux-gnu/libpcl_tracking.so  
[8.163s] -- Found PCL_RECOGNITION: /usr/lib/x86_64-linux-gnu/libpcl_recognition.so  
[8.163s] -- Found PCL_STEREO: /usr/lib/x86_64-linux-gnu/libpcl_stereo.so  
[8.164s] -- Found PCL_APPS: /usr/lib/x86_64-linux-gnu/libpcl_apps.so  
[8.165s] -- Found PCL_IN_HAND_SCANNER: /usr/include/pcl-1.12  
[8.165s] -- Found PCL_MODELER: /usr/include/pcl-1.12  
[8.166s] -- Found PCL_POINT_CLOUD_EDITOR: /usr/include/pcl-1.12  
[8.166s] -- Found PCL_OUTOFCORE: /usr/lib/x86_64-linux-gnu/libpcl_outofcore.so  
[8.167s] -- Found PCL_PEOPLE: /usr/lib/x86_64-linux-gnu/libpcl_people.so  
[8.193s] -- Found tf2: 0.25.12 (/opt/ros/humble/share/tf2/cmake)
[8.245s] -- Found tf2_geometry_msgs: 0.25.12 (/opt/ros/humble/share/tf2_geometry_msgs/cmake)
[8.358s] -- Found eigen3_cmake_module: 0.1.1 (/opt/ros/humble/share/eigen3_cmake_module/cmake)
[8.359s] -- Found Eigen3: TRUE (found version "3.4.0") 
[8.359s] -- Ensuring Eigen3 include directory is part of orocos-kdl CMake target
[8.693s] -- Found tf2_sensor_msgs: 0.25.12 (/opt/ros/humble/share/tf2_sensor_msgs/cmake)
[8.718s] -- Found tf2_eigen: 0.25.12 (/opt/ros/humble/share/tf2_eigen/cmake)
[8.724s] -- Found OpenCV: /usr (found version "4.5.4") 
[8.724s] [33mCMake Warning (dev) at CMakeLists.txt:29 (find_package):
[8.724s]   Policy CMP0074 is not set: find_package uses <PackageName>_ROOT variables.
[8.724s]   Run "cmake --help-policy CMP0074" for policy details.  Use the cmake_policy
[8.724s]   command to set the policy and suppress this warning.
[8.724s] 
[8.724s]   CMake variable PCL_ROOT is set to:
[8.724s] 
[8.724s]     /usr
[8.724s] 
[8.724s]   For compatibility, CMake is ignoring the variable.
[8.724s] This warning is for project developers.  Use -Wno-dev to suppress it.
[8.725s] [0m
[8.897s] -- Found Boost: /usr/lib/x86_64-linux-gnu/cmake/Boost-1.74.0/BoostConfig.cmake (found suitable version "1.74.0", minimum required is "1.65") found components: serialization system filesystem thread program_options date_time timer chrono regex 
[8.899s] -- GTSAM include directory:  /opt/ros/humble/lib/cmake/GTSAM/../../../include
[8.913s] -- Found Eigen: /usr/include/eigen3  
[8.913s] -- Eigen found (include: /usr/include/eigen3, version: 3.4.0)
[9.436s] -- Found OpenMP_C: -fopenmp (found version "4.5") 
[9.612s] -- Found OpenMP_CXX: -fopenmp (found version "4.5") 
[9.613s] -- Found OpenMP: TRUE (found version "4.5")  
[10.168s] -- Found ament_cmake_ros: 0.10.0 (/opt/ros/humble/share/ament_cmake_ros/cmake)
[10.692s] -- Using all available rosidl_typesupport_c: rosidl_typesupport_fastrtps_c;rosidl_typesupport_introspection_c
[11.397s] -- Using all available rosidl_typesupport_cpp: rosidl_typesupport_fastrtps_cpp;rosidl_typesupport_introspection_cpp
[11.486s] -- Found PythonInterp: /usr/bin/python3 (found suitable version "3.10.12", minimum required is "3.6") 
[11.539s] -- Found python_cmake_module: 0.10.0 (/opt/ros/humble/share/python_cmake_module/cmake)
[11.635s] -- Found PythonLibs: /usr/lib/x86_64-linux-gnu/libpython3.10.so (found suitable version "3.10.12", minimum required is "3.5") 
[11.635s] -- Using PYTHON_EXECUTABLE: /usr/bin/python3
[11.636s] -- Using PYTHON_INCLUDE_DIRS: /usr/include/python3.10
[11.636s] -- Using PYTHON_LIBRARIES: /usr/lib/x86_64-linux-gnu/libpython3.10.so
[11.704s] -- Found PythonExtra: .so  
[15.485s] -- Found ament_lint_auto: 0.12.11 (/opt/ros/humble/share/ament_lint_auto/cmake)
[15.723s] -- Added test 'copyright' to check source files copyright and LICENSE
[15.733s] -- Added test 'cppcheck' to perform static code analysis on C / C++ code
[15.734s] -- Configured cppcheck include dirs: /home/fibo4/open_topic_6523_ws/src/LIO-SAM/include/lio_sam
[15.734s] -- Configured cppcheck exclude dirs and/or files: 
[15.742s] -- Added test 'cpplint' to check C / C++ code against the Google style
[15.742s] -- Configured cpplint exclude dirs and/or files: 
[15.748s] -- Added test 'flake8' to check Python code syntax and style conventions
[15.753s] -- Added test 'lint_cmake' to check CMake code style
[15.758s] -- Added test 'pep257' to check Python code against some of the docstring style conventions in PEP 257
[15.764s] -- Added test 'uncrustify' to check C / C++ code style
[15.764s] -- Configured uncrustify additional arguments: 
[15.769s] -- Added test 'xmllint' to check XML markup files
[15.780s] -- Configuring done
[15.909s] -- Generating done
[15.946s] -- Build files have been written to: /home/fibo4/open_topic_6523_ws/build/lio_sam
[15.971s] Invoked command in '/home/fibo4/open_topic_6523_ws/build/lio_sam' returned '0': CMAKE_PREFIX_PATH=${CMAKE_PREFIX_PATH}:/home/fibo4/autoware/install/autoware_carla_interface:/home/fibo4/autoware/install/rqt_carla_control:/home/fibo4/autoware/install/carla_waypoint_publisher:/home/fibo4/autoware/install/carla_ackermann_control:/home/fibo4/autoware/install/carla_ros_bridge:/home/fibo4/autoware/install/carla_spawn_objects:/home/fibo4/autoware/install/carla_manual_control:/home/fibo4/autoware/install/carla_ad_agent:/home/fibo4/autoware/install/ros_compatibility:/home/fibo4/autoware/install/carla_walker_agent:/home/fibo4/autoware/install/carla_twist_to_control:/home/fibo4/autoware/install/carla_tesla_model3_description:/home/fibo4/autoware/install/carla_ros_scenario_runner:/home/fibo4/autoware/install/carla_common:/home/fibo4/autoware/install/carla_autoware_bridge:/home/fibo4/autoware/install/ad_api_visualizers:/home/fibo4/carla-ros-bridge/install/rqt_carla_control:/home/fibo4/carla-ros-bridge/install/carla_waypoint_publisher:/home/fibo4/carla-ros-bridge/install/carla_ackermann_control:/home/fibo4/carla-ros-bridge/install/carla_ros_bridge:/home/fibo4/carla-ros-bridge/install/carla_spawn_objects:/home/fibo4/carla-ros-bridge/install/carla_manual_control:/home/fibo4/carla-ros-bridge/install/carla_ad_agent:/home/fibo4/carla-ros-bridge/install/ros_compatibility:/home/fibo4/carla-ros-bridge/install/carla_walker_agent:/home/fibo4/carla-ros-bridge/install/carla_twist_to_control:/home/fibo4/carla-ros-bridge/install/carla_ros_scenario_runner:/home/fibo4/carla-ros-bridge/install/carla_common:/opt/ros/humble /usr/bin/cmake /home/fibo4/open_topic_6523_ws/src/LIO-SAM -DCMAKE_BUILD_TYPE=Release -DAMENT_CMAKE_SYMLINK_INSTALL=1 -DCMAKE_INSTALL_PREFIX=/home/fibo4/open_topic_6523_ws/install/lio_sam
[15.973s] Invoking command in '/home/fibo4/open_topic_6523_ws/build/lio_sam': CMAKE_PREFIX_PATH=${CMAKE_PREFIX_PATH}:/home/fibo4/autoware/install/autoware_carla_interface:/home/fibo4/autoware/install/rqt_carla_control:/home/fibo4/autoware/install/carla_waypoint_publisher:/home/fibo4/autoware/install/carla_ackermann_control:/home/fibo4/autoware/install/carla_ros_bridge:/home/fibo4/autoware/install/carla_spawn_objects:/home/fibo4/autoware/install/carla_manual_control:/home/fibo4/autoware/install/carla_ad_agent:/home/fibo4/autoware/install/ros_compatibility:/home/fibo4/autoware/install/carla_walker_agent:/home/fibo4/autoware/install/carla_twist_to_control:/home/fibo4/autoware/install/carla_tesla_model3_description:/home/fibo4/autoware/install/carla_ros_scenario_runner:/home/fibo4/autoware/install/carla_common:/home/fibo4/autoware/install/carla_autoware_bridge:/home/fibo4/autoware/install/ad_api_visualizers:/home/fibo4/carla-ros-bridge/install/rqt_carla_control:/home/fibo4/carla-ros-bridge/install/carla_waypoint_publisher:/home/fibo4/carla-ros-bridge/install/carla_ackermann_control:/home/fibo4/carla-ros-bridge/install/carla_ros_bridge:/home/fibo4/carla-ros-bridge/install/carla_spawn_objects:/home/fibo4/carla-ros-bridge/install/carla_manual_control:/home/fibo4/carla-ros-bridge/install/carla_ad_agent:/home/fibo4/carla-ros-bridge/install/ros_compatibility:/home/fibo4/carla-ros-bridge/install/carla_walker_agent:/home/fibo4/carla-ros-bridge/install/carla_twist_to_control:/home/fibo4/carla-ros-bridge/install/carla_ros_scenario_runner:/home/fibo4/carla-ros-bridge/install/carla_common:/opt/ros/humble /usr/bin/cmake --build /home/fibo4/open_topic_6523_ws/build/lio_sam -- -j16 -l16
[16.102s] [  2%] [34m[1mGenerating C code for ROS interfaces[0m
[16.144s] [  4%] [34m[1mGenerating C++ code for ROS interfaces[0m
[16.165s] [  4%] Built target ament_cmake_python_symlink_lio_sam
[16.621s] [  4%] Built target lio_sam__cpp
[16.657s] [  6%] [34m[1mGenerating C++ introspection for ROS interfaces[0m
[16.658s] [  8%] [34m[1mGenerating C++ type support dispatch for ROS interfaces[0m
[16.659s] [ 10%] [34m[1mGenerating C++ type support for eProsima Fast-RTPS[0m
[16.673s] running egg_info
[16.674s] creating lio_sam.egg-info
[16.674s] writing lio_sam.egg-info/PKG-INFO
[16.675s] writing dependency_links to lio_sam.egg-info/dependency_links.txt
[16.675s] writing top-level names to lio_sam.egg-info/top_level.txt
[16.675s] writing manifest file 'lio_sam.egg-info/SOURCES.txt'
[16.677s] reading manifest file 'lio_sam.egg-info/SOURCES.txt'
[16.678s] writing manifest file 'lio_sam.egg-info/SOURCES.txt'
[16.689s] [ 12%] [32mBuilding C object CMakeFiles/lio_sam__rosidl_generator_c.dir/rosidl_generator_c/lio_sam/srv/detail/save_map__functions.c.o[0m
[16.691s] [ 14%] [32mBuilding C object CMakeFiles/lio_sam__rosidl_generator_c.dir/rosidl_generator_c/lio_sam/msg/detail/cloud_info__functions.c.o[0m
[16.741s] [ 14%] Built target ament_cmake_python_build_lio_sam_egg
[16.780s] [ 17%] [32m[1mLinking C shared library liblio_sam__rosidl_generator_c.so[0m
[16.882s] [ 17%] Built target lio_sam__rosidl_generator_c
[16.921s] [ 19%] [34m[1mGenerating C introspection for ROS interfaces[0m
[16.927s] [ 21%] [34m[1mGenerating C type support for eProsima Fast-RTPS[0m
[16.931s] [ 23%] [34m[1mGenerating C type support dispatch for ROS interfaces[0m
[17.157s] [ 25%] [32mBuilding CXX object CMakeFiles/lio_sam__rosidl_typesupport_introspection_cpp.dir/rosidl_typesupport_introspection_cpp/lio_sam/srv/detail/save_map__type_support.cpp.o[0m
[17.157s] [ 27%] [32mBuilding CXX object CMakeFiles/lio_sam__rosidl_typesupport_introspection_cpp.dir/rosidl_typesupport_introspection_cpp/lio_sam/msg/detail/cloud_info__type_support.cpp.o[0m
[17.205s] [ 29%] [32mBuilding CXX object CMakeFiles/lio_sam__rosidl_typesupport_fastrtps_cpp.dir/rosidl_typesupport_fastrtps_cpp/lio_sam/srv/detail/dds_fastrtps/save_map__type_support.cpp.o[0m
[17.207s] [ 31%] [32mBuilding CXX object CMakeFiles/lio_sam__rosidl_typesupport_fastrtps_cpp.dir/rosidl_typesupport_fastrtps_cpp/lio_sam/msg/detail/dds_fastrtps/cloud_info__type_support.cpp.o[0m
[17.218s] [ 34%] [32m[1mLinking CXX shared library liblio_sam__rosidl_typesupport_introspection_cpp.so[0m
[17.225s] [ 36%] [32mBuilding CXX object CMakeFiles/lio_sam__rosidl_typesupport_cpp.dir/rosidl_typesupport_cpp/lio_sam/srv/save_map__type_support.cpp.o[0m
[17.228s] [ 38%] [32mBuilding CXX object CMakeFiles/lio_sam__rosidl_typesupport_cpp.dir/rosidl_typesupport_cpp/lio_sam/msg/cloud_info__type_support.cpp.o[0m
[17.283s] [ 40%] [32m[1mLinking CXX shared library liblio_sam__rosidl_typesupport_cpp.so[0m
[17.360s] [ 40%] Built target lio_sam__rosidl_typesupport_introspection_cpp
[17.382s] [ 42%] [32m[1mLinking CXX shared library liblio_sam__rosidl_typesupport_fastrtps_cpp.so[0m
[17.399s] [ 42%] Built target lio_sam__rosidl_typesupport_cpp
[17.459s] [ 44%] [32mBuilding CXX object CMakeFiles/lio_sam__rosidl_typesupport_c.dir/rosidl_typesupport_c/lio_sam/msg/cloud_info__type_support.cpp.o[0m
[17.459s] [ 46%] [32mBuilding CXX object CMakeFiles/lio_sam__rosidl_typesupport_c.dir/rosidl_typesupport_c/lio_sam/srv/save_map__type_support.cpp.o[0m
[17.472s] [ 48%] [32mBuilding C object CMakeFiles/lio_sam__rosidl_typesupport_introspection_c.dir/rosidl_typesupport_introspection_c/lio_sam/msg/detail/cloud_info__type_support.c.o[0m
[17.479s] [ 51%] [32mBuilding C object CMakeFiles/lio_sam__rosidl_typesupport_introspection_c.dir/rosidl_typesupport_introspection_c/lio_sam/srv/detail/save_map__type_support.c.o[0m
[17.491s] [ 53%] [32mBuilding CXX object CMakeFiles/lio_sam_featureExtraction.dir/src/featureExtraction.cpp.o[0m
[17.500s] [ 55%] [32mBuilding CXX object CMakeFiles/lio_sam_imuPreintegration.dir/src/imuPreintegration.cpp.o[0m
[17.505s] [ 57%] [32mBuilding CXX object CMakeFiles/lio_sam_imageProjection.dir/src/imageProjection.cpp.o[0m
[17.511s] [ 59%] [32mBuilding CXX object CMakeFiles/lio_sam_mapOptimization.dir/src/mapOptmization.cpp.o[0m
[17.515s] [ 61%] [32m[1mLinking CXX shared library liblio_sam__rosidl_typesupport_c.so[0m
[17.543s] [ 63%] [32mBuilding CXX object CMakeFiles/lio_sam__rosidl_typesupport_fastrtps_c.dir/rosidl_typesupport_fastrtps_c/lio_sam/srv/detail/save_map__type_support_c.cpp.o[0m
[17.550s] [ 65%] [32mBuilding CXX object CMakeFiles/lio_sam__rosidl_typesupport_fastrtps_c.dir/rosidl_typesupport_fastrtps_c/lio_sam/msg/detail/cloud_info__type_support_c.cpp.o[0m
[17.561s] [ 68%] [32m[1mLinking C shared library liblio_sam__rosidl_typesupport_introspection_c.so[0m
[17.589s] [ 68%] Built target lio_sam__rosidl_typesupport_fastrtps_cpp
[17.647s] [ 68%] Built target lio_sam__rosidl_typesupport_c
[17.671s] [ 68%] Built target lio_sam__rosidl_typesupport_introspection_c
[17.688s] [ 70%] [32m[1mLinking CXX shared library liblio_sam__rosidl_typesupport_fastrtps_c.so[0m
[17.819s] [ 70%] Built target lio_sam__rosidl_typesupport_fastrtps_c
[17.896s] [ 70%] Built target lio_sam
[17.969s] [ 72%] [34m[1mGenerating Python code for ROS interfaces[0m
[18.687s] [ 72%] Built target lio_sam__py
[18.766s] [ 74%] [32mBuilding C object CMakeFiles/lio_sam__rosidl_generator_py.dir/rosidl_generator_py/lio_sam/msg/_cloud_info_s.c.o[0m
[18.774s] [ 76%] [32mBuilding C object CMakeFiles/lio_sam__rosidl_generator_py.dir/rosidl_generator_py/lio_sam/srv/_save_map_s.c.o[0m
[18.827s] [ 78%] [32m[1mLinking C shared library rosidl_generator_py/lio_sam/liblio_sam__rosidl_generator_py.so[0m
[18.938s] [ 78%] Built target lio_sam__rosidl_generator_py
[19.021s] [ 80%] [32mBuilding C object CMakeFiles/lio_sam__rosidl_typesupport_fastrtps_c__pyext.dir/rosidl_generator_py/lio_sam/_lio_sam_s.ep.rosidl_typesupport_fastrtps_c.c.o[0m
[19.025s] [ 82%] [32mBuilding C object CMakeFiles/lio_sam__rosidl_typesupport_introspection_c__pyext.dir/rosidl_generator_py/lio_sam/_lio_sam_s.ep.rosidl_typesupport_introspection_c.c.o[0m
[19.028s] [ 85%] [32mBuilding C object CMakeFiles/lio_sam__rosidl_typesupport_c__pyext.dir/rosidl_generator_py/lio_sam/_lio_sam_s.ep.rosidl_typesupport_c.c.o[0m
[19.074s] [ 87%] [32m[1mLinking C shared library rosidl_generator_py/lio_sam/lio_sam_s__rosidl_typesupport_fastrtps_c.cpython-310-x86_64-linux-gnu.so[0m
[19.078s] [ 89%] [32m[1mLinking C shared library rosidl_generator_py/lio_sam/lio_sam_s__rosidl_typesupport_introspection_c.cpython-310-x86_64-linux-gnu.so[0m
[19.081s] [ 91%] [32m[1mLinking C shared library rosidl_generator_py/lio_sam/lio_sam_s__rosidl_typesupport_c.cpython-310-x86_64-linux-gnu.so[0m
[19.199s] [ 91%] Built target lio_sam__rosidl_typesupport_introspection_c__pyext
[19.199s] [ 91%] Built target lio_sam__rosidl_typesupport_c__pyext
[19.199s] [ 91%] Built target lio_sam__rosidl_typesupport_fastrtps_c__pyext
[530.645s] [ 93%] [32m[1mLinking CXX executable lio_sam_featureExtraction[0m
[531.147s] [ 93%] Built target lio_sam_featureExtraction
[535.837s] [ 95%] [32m[1mLinking CXX executable lio_sam_imageProjection[0m
[536.260s] [ 95%] Built target lio_sam_imageProjection
[539.703s] [ 97%] [32m[1mLinking CXX executable lio_sam_imuPreintegration[0m
[540.141s] [ 97%] Built target lio_sam_imuPreintegration
[555.819s] [100%] [32m[1mLinking CXX executable lio_sam_mapOptimization[0m
[556.203s] /usr/bin/ld: warning: libtbb.so.2, needed by /usr/lib/x86_64-linux-gnu/libopencv_core.so.4.5.4d, may conflict with libtbb.so.12
[556.383s] [100%] Built target lio_sam_mapOptimization
[556.405s] Invoked command in '/home/fibo4/open_topic_6523_ws/build/lio_sam' returned '0': CMAKE_PREFIX_PATH=${CMAKE_PREFIX_PATH}:/home/fibo4/autoware/install/autoware_carla_interface:/home/fibo4/autoware/install/rqt_carla_control:/home/fibo4/autoware/install/carla_waypoint_publisher:/home/fibo4/autoware/install/carla_ackermann_control:/home/fibo4/autoware/install/carla_ros_bridge:/home/fibo4/autoware/install/carla_spawn_objects:/home/fibo4/autoware/install/carla_manual_control:/home/fibo4/autoware/install/carla_ad_agent:/home/fibo4/autoware/install/ros_compatibility:/home/fibo4/autoware/install/carla_walker_agent:/home/fibo4/autoware/install/carla_twist_to_control:/home/fibo4/autoware/install/carla_tesla_model3_description:/home/fibo4/autoware/install/carla_ros_scenario_runner:/home/fibo4/autoware/install/carla_common:/home/fibo4/autoware/install/carla_autoware_bridge:/home/fibo4/autoware/install/ad_api_visualizers:/home/fibo4/carla-ros-bridge/install/rqt_carla_control:/home/fibo4/carla-ros-bridge/install/carla_waypoint_publisher:/home/fibo4/carla-ros-bridge/install/carla_ackermann_control:/home/fibo4/carla-ros-bridge/install/carla_ros_bridge:/home/fibo4/carla-ros-bridge/install/carla_spawn_objects:/home/fibo4/carla-ros-bridge/install/carla_manual_control:/home/fibo4/carla-ros-bridge/install/carla_ad_agent:/home/fibo4/carla-ros-bridge/install/ros_compatibility:/home/fibo4/carla-ros-bridge/install/carla_walker_agent:/home/fibo4/carla-ros-bridge/install/carla_twist_to_control:/home/fibo4/carla-ros-bridge/install/carla_ros_scenario_runner:/home/fibo4/carla-ros-bridge/install/carla_common:/opt/ros/humble /usr/bin/cmake --build /home/fibo4/open_topic_6523_ws/build/lio_sam -- -j16 -l16
[556.407s] Invoking command in '/home/fibo4/open_topic_6523_ws/build/lio_sam': CMAKE_PREFIX_PATH=${CMAKE_PREFIX_PATH}:/home/fibo4/autoware/install/autoware_carla_interface:/home/fibo4/autoware/install/rqt_carla_control:/home/fibo4/autoware/install/carla_waypoint_publisher:/home/fibo4/autoware/install/carla_ackermann_control:/home/fibo4/autoware/install/carla_ros_bridge:/home/fibo4/autoware/install/carla_spawn_objects:/home/fibo4/autoware/install/carla_manual_control:/home/fibo4/autoware/install/carla_ad_agent:/home/fibo4/autoware/install/ros_compatibility:/home/fibo4/autoware/install/carla_walker_agent:/home/fibo4/autoware/install/carla_twist_to_control:/home/fibo4/autoware/install/carla_tesla_model3_description:/home/fibo4/autoware/install/carla_ros_scenario_runner:/home/fibo4/autoware/install/carla_common:/home/fibo4/autoware/install/carla_autoware_bridge:/home/fibo4/autoware/install/ad_api_visualizers:/home/fibo4/carla-ros-bridge/install/rqt_carla_control:/home/fibo4/carla-ros-bridge/install/carla_waypoint_publisher:/home/fibo4/carla-ros-bridge/install/carla_ackermann_control:/home/fibo4/carla-ros-bridge/install/carla_ros_bridge:/home/fibo4/carla-ros-bridge/install/carla_spawn_objects:/home/fibo4/carla-ros-bridge/install/carla_manual_control:/home/fibo4/carla-ros-bridge/install/carla_ad_agent:/home/fibo4/carla-ros-bridge/install/ros_compatibility:/home/fibo4/carla-ros-bridge/install/carla_walker_agent:/home/fibo4/carla-ros-bridge/install/carla_twist_to_control:/home/fibo4/carla-ros-bridge/install/carla_ros_scenario_runner:/home/fibo4/carla-ros-bridge/install/carla_common:/opt/ros/humble /usr/bin/cmake --install /home/fibo4/open_topic_6523_ws/build/lio_sam
[556.429s] -- Install configuration: "Release"
[556.429s] -- Execute custom install script
[556.430s] -- Symlinking: /home/fibo4/open_topic_6523_ws/install/lio_sam/share/ament_index/resource_index/rosidl_interfaces/lio_sam
[556.452s] -- Symlinking: /home/fibo4/open_topic_6523_ws/install/lio_sam/include/lio_sam/lio_sam/msg/cloud_info.h
[556.471s] -- Symlinking: /home/fibo4/open_topic_6523_ws/install/lio_sam/include/lio_sam/lio_sam/msg/detail/cloud_info__functions.h
[556.494s] -- Symlinking: /home/fibo4/open_topic_6523_ws/install/lio_sam/include/lio_sam/lio_sam/msg/detail/cloud_info__struct.h
[556.513s] -- Symlinking: /home/fibo4/open_topic_6523_ws/install/lio_sam/include/lio_sam/lio_sam/msg/detail/cloud_info__type_support.h
[556.532s] -- Symlinking: /home/fibo4/open_topic_6523_ws/install/lio_sam/include/lio_sam/lio_sam/msg/rosidl_generator_c__visibility_control.h
[556.551s] -- Symlinking: /home/fibo4/open_topic_6523_ws/install/lio_sam/include/lio_sam/lio_sam/srv/detail/save_map__functions.h
[556.571s] -- Symlinking: /home/fibo4/open_topic_6523_ws/install/lio_sam/include/lio_sam/lio_sam/srv/detail/save_map__struct.h
[556.590s] -- Symlinking: /home/fibo4/open_topic_6523_ws/install/lio_sam/include/lio_sam/lio_sam/srv/detail/save_map__type_support.h
[556.609s] -- Symlinking: /home/fibo4/open_topic_6523_ws/install/lio_sam/include/lio_sam/lio_sam/srv/save_map.h
[556.631s] -- Symlinking: /home/fibo4/open_topic_6523_ws/install/lio_sam/share/lio_sam/environment/library_path.sh
[556.652s] -- Symlinking: /home/fibo4/open_topic_6523_ws/install/lio_sam/share/lio_sam/environment/library_path.dsv
[556.671s] -- Symlinking: /home/fibo4/open_topic_6523_ws/install/lio_sam/include/lio_sam/lio_sam/msg/detail/cloud_info__rosidl_typesupport_fastrtps_c.h
[556.691s] -- Symlinking: /home/fibo4/open_topic_6523_ws/install/lio_sam/include/lio_sam/lio_sam/msg/rosidl_typesupport_fastrtps_c__visibility_control.h
[556.711s] -- Symlinking: /home/fibo4/open_topic_6523_ws/install/lio_sam/include/lio_sam/lio_sam/srv/detail/save_map__rosidl_typesupport_fastrtps_c.h
[556.731s] -- Symlinking: /home/fibo4/open_topic_6523_ws/install/lio_sam/include/lio_sam/lio_sam/msg/detail/cloud_info__rosidl_typesupport_introspection_c.h
[556.757s] -- Symlinking: /home/fibo4/open_topic_6523_ws/install/lio_sam/include/lio_sam/lio_sam/msg/rosidl_typesupport_introspection_c__visibility_control.h
[556.777s] -- Symlinking: /home/fibo4/open_topic_6523_ws/install/lio_sam/include/lio_sam/lio_sam/srv/detail/save_map__rosidl_typesupport_introspection_c.h
[556.797s] -- Symlinking: /home/fibo4/open_topic_6523_ws/install/lio_sam/include/lio_sam/lio_sam/msg/cloud_info.hpp
[556.818s] -- Symlinking: /home/fibo4/open_topic_6523_ws/install/lio_sam/include/lio_sam/lio_sam/msg/detail/cloud_info__builder.hpp
[556.838s] -- Symlinking: /home/fibo4/open_topic_6523_ws/install/lio_sam/include/lio_sam/lio_sam/msg/detail/cloud_info__struct.hpp
[556.858s] -- Symlinking: /home/fibo4/open_topic_6523_ws/install/lio_sam/include/lio_sam/lio_sam/msg/detail/cloud_info__traits.hpp
[556.883s] -- Symlinking: /home/fibo4/open_topic_6523_ws/install/lio_sam/include/lio_sam/lio_sam/msg/detail/cloud_info__type_support.hpp
[556.905s] -- Symlinking: /home/fibo4/open_topic_6523_ws/install/lio_sam/include/lio_sam/lio_sam/msg/rosidl_generator_cpp__visibility_control.hpp
[556.922s] -- Symlinking: /home/fibo4/open_topic_6523_ws/install/lio_sam/include/lio_sam/lio_sam/srv/detail/save_map__builder.hpp
[556.947s] -- Symlinking: /home/fibo4/open_topic_6523_ws/install/lio_sam/include/lio_sam/lio_sam/srv/detail/save_map__struct.hpp
[556.969s] -- Symlinking: /home/fibo4/open_topic_6523_ws/install/lio_sam/include/lio_sam/lio_sam/srv/detail/save_map__traits.hpp
[556.994s] -- Symlinking: /home/fibo4/open_topic_6523_ws/install/lio_sam/include/lio_sam/lio_sam/srv/detail/save_map__type_support.hpp
[557.018s] -- Symlinking: /home/fibo4/open_topic_6523_ws/install/lio_sam/include/lio_sam/lio_sam/srv/save_map.hpp
[557.038s] -- Symlinking: /home/fibo4/open_topic_6523_ws/install/lio_sam/include/lio_sam/lio_sam/msg/detail/cloud_info__rosidl_typesupport_fastrtps_cpp.hpp
[557.059s] -- Symlinking: /home/fibo4/open_topic_6523_ws/install/lio_sam/include/lio_sam/lio_sam/msg/rosidl_typesupport_fastrtps_cpp__visibility_control.h
[557.077s] -- Symlinking: /home/fibo4/open_topic_6523_ws/install/lio_sam/include/lio_sam/lio_sam/srv/detail/save_map__rosidl_typesupport_fastrtps_cpp.hpp
[557.095s] -- Symlinking: /home/fibo4/open_topic_6523_ws/install/lio_sam/include/lio_sam/lio_sam/msg/detail/cloud_info__rosidl_typesupport_introspection_cpp.hpp
[557.118s] -- Symlinking: /home/fibo4/open_topic_6523_ws/install/lio_sam/include/lio_sam/lio_sam/srv/detail/save_map__rosidl_typesupport_introspection_cpp.hpp
[557.140s] -- Symlinking: /home/fibo4/open_topic_6523_ws/install/lio_sam/share/lio_sam/environment/pythonpath.sh
[557.164s] -- Symlinking: /home/fibo4/open_topic_6523_ws/install/lio_sam/share/lio_sam/environment/pythonpath.dsv
[557.184s] -- Symlinking: /home/fibo4/open_topic_6523_ws/install/lio_sam/local/lib/python3.10/dist-packages/lio_sam-1.0.0-py3.10.egg-info/PKG-INFO
[557.205s] -- Symlinking: /home/fibo4/open_topic_6523_ws/install/lio_sam/local/lib/python3.10/dist-packages/lio_sam-1.0.0-py3.10.egg-info/SOURCES.txt
[557.223s] -- Symlinking: /home/fibo4/open_topic_6523_ws/install/lio_sam/local/lib/python3.10/dist-packages/lio_sam-1.0.0-py3.10.egg-info/dependency_links.txt
[557.244s] -- Symlinking: /home/fibo4/open_topic_6523_ws/install/lio_sam/local/lib/python3.10/dist-packages/lio_sam-1.0.0-py3.10.egg-info/top_level.txt
[557.266s] -- Symlinking: /home/fibo4/open_topic_6523_ws/install/lio_sam/local/lib/python3.10/dist-packages/lio_sam/__init__.py
[557.286s] -- Symlinking: /home/fibo4/open_topic_6523_ws/install/lio_sam/local/lib/python3.10/dist-packages/lio_sam/_lio_sam_s.ep.rosidl_typesupport_c.c
[557.305s] -- Symlinking: /home/fibo4/open_topic_6523_ws/install/lio_sam/local/lib/python3.10/dist-packages/lio_sam/_lio_sam_s.ep.rosidl_typesupport_fastrtps_c.c
[557.325s] -- Symlinking: /home/fibo4/open_topic_6523_ws/install/lio_sam/local/lib/python3.10/dist-packages/lio_sam/_lio_sam_s.ep.rosidl_typesupport_introspection_c.c
[557.344s] -- Symlinking: /home/fibo4/open_topic_6523_ws/install/lio_sam/local/lib/python3.10/dist-packages/lio_sam/liblio_sam__rosidl_generator_py.so
[557.363s] -- Symlinking: /home/fibo4/open_topic_6523_ws/install/lio_sam/local/lib/python3.10/dist-packages/lio_sam/lio_sam_s__rosidl_typesupport_c.cpython-310-x86_64-linux-gnu.so
[557.382s] -- Symlinking: /home/fibo4/open_topic_6523_ws/install/lio_sam/local/lib/python3.10/dist-packages/lio_sam/lio_sam_s__rosidl_typesupport_fastrtps_c.cpython-310-x86_64-linux-gnu.so
[557.404s] -- Symlinking: /home/fibo4/open_topic_6523_ws/install/lio_sam/local/lib/python3.10/dist-packages/lio_sam/lio_sam_s__rosidl_typesupport_introspection_c.cpython-310-x86_64-linux-gnu.so
[557.424s] -- Symlinking: /home/fibo4/open_topic_6523_ws/install/lio_sam/local/lib/python3.10/dist-packages/lio_sam/msg/__init__.py
[557.446s] -- Symlinking: /home/fibo4/open_topic_6523_ws/install/lio_sam/local/lib/python3.10/dist-packages/lio_sam/msg/_cloud_info.py
[557.466s] -- Symlinking: /home/fibo4/open_topic_6523_ws/install/lio_sam/local/lib/python3.10/dist-packages/lio_sam/msg/_cloud_info_s.c
[557.485s] -- Symlinking: /home/fibo4/open_topic_6523_ws/install/lio_sam/local/lib/python3.10/dist-packages/lio_sam/srv/__init__.py
[557.504s] -- Symlinking: /home/fibo4/open_topic_6523_ws/install/lio_sam/local/lib/python3.10/dist-packages/lio_sam/srv/_save_map.py
[557.525s] -- Symlinking: /home/fibo4/open_topic_6523_ws/install/lio_sam/local/lib/python3.10/dist-packages/lio_sam/srv/_save_map_s.c
[557.545s] -- Up-to-date symlink: /home/fibo4/open_topic_6523_ws/install/lio_sam/local/lib/python3.10/dist-packages/lio_sam/lio_sam_s__rosidl_typesupport_fastrtps_c.cpython-310-x86_64-linux-gnu.so
[557.545s] -- Up-to-date symlink: /home/fibo4/open_topic_6523_ws/install/lio_sam/local/lib/python3.10/dist-packages/lio_sam/lio_sam_s__rosidl_typesupport_introspection_c.cpython-310-x86_64-linux-gnu.so
[557.545s] -- Up-to-date symlink: /home/fibo4/open_topic_6523_ws/install/lio_sam/local/lib/python3.10/dist-packages/lio_sam/lio_sam_s__rosidl_typesupport_c.cpython-310-x86_64-linux-gnu.so
[557.546s] -- Symlinking: /home/fibo4/open_topic_6523_ws/install/lio_sam/share/lio_sam/msg/CloudInfo.idl
[557.569s] -- Symlinking: /home/fibo4/open_topic_6523_ws/install/lio_sam/share/lio_sam/srv/SaveMap.idl
[557.589s] -- Symlinking: /home/fibo4/open_topic_6523_ws/install/lio_sam/share/lio_sam/msg/CloudInfo.msg
[557.607s] -- Symlinking: /home/fibo4/open_topic_6523_ws/install/lio_sam/share/lio_sam/srv/SaveMap.srv
[557.625s] -- Symlinking: /home/fibo4/open_topic_6523_ws/install/lio_sam/share/lio_sam/srv/SaveMap_Request.msg
[557.645s] -- Symlinking: /home/fibo4/open_topic_6523_ws/install/lio_sam/share/lio_sam/srv/SaveMap_Response.msg
[557.667s] -- Symlinking: /home/fibo4/open_topic_6523_ws/install/lio_sam/share/lio_sam//launch/run.launch.py
[557.687s] -- Symlinking: /home/fibo4/open_topic_6523_ws/install/lio_sam/share/lio_sam//config/doc/demo.gif
[557.704s] -- Symlinking: /home/fibo4/open_topic_6523_ws/install/lio_sam/share/lio_sam//config/doc/device-boat.png
[557.723s] -- Symlinking: /home/fibo4/open_topic_6523_ws/install/lio_sam/share/lio_sam//config/doc/device-hand-2.png
[557.743s] -- Symlinking: /home/fibo4/open_topic_6523_ws/install/lio_sam/share/lio_sam//config/doc/device-hand.png
[557.764s] -- Symlinking: /home/fibo4/open_topic_6523_ws/install/lio_sam/share/lio_sam//config/doc/device-jackal.png
[557.783s] -- Symlinking: /home/fibo4/open_topic_6523_ws/install/lio_sam/share/lio_sam//config/doc/gps-demo.gif
[557.804s] -- Symlinking: /home/fibo4/open_topic_6523_ws/install/lio_sam/share/lio_sam//config/doc/imu-debug.gif
[557.823s] -- Symlinking: /home/fibo4/open_topic_6523_ws/install/lio_sam/share/lio_sam//config/doc/imu-transform.png
[557.840s] -- Symlinking: /home/fibo4/open_topic_6523_ws/install/lio_sam/share/lio_sam//config/doc/kitti-demo.gif
[557.859s] -- Symlinking: /home/fibo4/open_topic_6523_ws/install/lio_sam/share/lio_sam//config/doc/kitti-map.png
[557.878s] -- Symlinking: /home/fibo4/open_topic_6523_ws/install/lio_sam/share/lio_sam//config/doc/kitti2bag/README.md
[557.897s] -- Symlinking: /home/fibo4/open_topic_6523_ws/install/lio_sam/share/lio_sam//config/doc/kitti2bag/kitti2bag.py
[557.916s] -- Symlinking: /home/fibo4/open_topic_6523_ws/install/lio_sam/share/lio_sam//config/doc/loop-closure-2.gif
[557.939s] -- Symlinking: /home/fibo4/open_topic_6523_ws/install/lio_sam/share/lio_sam//config/doc/loop-closure.gif
[557.961s] -- Symlinking: /home/fibo4/open_topic_6523_ws/install/lio_sam/share/lio_sam//config/doc/ouster-demo.gif
[557.981s] -- Symlinking: /home/fibo4/open_topic_6523_ws/install/lio_sam/share/lio_sam//config/doc/ouster-device.jpg
[558.002s] -- Symlinking: /home/fibo4/open_topic_6523_ws/install/lio_sam/share/lio_sam//config/doc/paper.pdf
[558.021s] -- Symlinking: /home/fibo4/open_topic_6523_ws/install/lio_sam/share/lio_sam//config/doc/system.png
[558.042s] -- Symlinking: /home/fibo4/open_topic_6523_ws/install/lio_sam/share/lio_sam//config/params.yaml
[558.062s] -- Symlinking: /home/fibo4/open_topic_6523_ws/install/lio_sam/share/lio_sam//config/robot.urdf.xacro
[558.081s] -- Symlinking: /home/fibo4/open_topic_6523_ws/install/lio_sam/share/lio_sam//config/rviz2.rviz
[558.102s] -- Symlinking: /home/fibo4/open_topic_6523_ws/install/lio_sam/lib/lio_sam/lio_sam_imageProjection
[558.122s] -- Symlinking: /home/fibo4/open_topic_6523_ws/install/lio_sam/lib/lio_sam/lio_sam_imuPreintegration
[558.150s] -- Symlinking: /home/fibo4/open_topic_6523_ws/install/lio_sam/lib/lio_sam/lio_sam_featureExtraction
[558.169s] -- Symlinking: /home/fibo4/open_topic_6523_ws/install/lio_sam/lib/lio_sam/lio_sam_mapOptimization
[558.189s] -- Symlinking: /home/fibo4/open_topic_6523_ws/install/lio_sam/include/lio_sam/utility.hpp
[558.208s] -- Symlinking: /home/fibo4/open_topic_6523_ws/install/lio_sam/share/ament_index/resource_index/package_run_dependencies/lio_sam
[558.228s] -- Symlinking: /home/fibo4/open_topic_6523_ws/install/lio_sam/share/ament_index/resource_index/parent_prefix_path/lio_sam
[558.250s] -- Symlinking: /home/fibo4/open_topic_6523_ws/install/lio_sam/share/lio_sam/environment/ament_prefix_path.sh
[558.271s] -- Symlinking: /home/fibo4/open_topic_6523_ws/install/lio_sam/share/lio_sam/environment/ament_prefix_path.dsv
[558.292s] -- Symlinking: /home/fibo4/open_topic_6523_ws/install/lio_sam/share/lio_sam/environment/path.sh
[558.312s] -- Symlinking: /home/fibo4/open_topic_6523_ws/install/lio_sam/share/lio_sam/environment/path.dsv
[558.332s] -- Symlinking: /home/fibo4/open_topic_6523_ws/install/lio_sam/share/lio_sam/local_setup.bash
[558.352s] -- Symlinking: /home/fibo4/open_topic_6523_ws/install/lio_sam/share/lio_sam/local_setup.sh
[558.379s] -- Symlinking: /home/fibo4/open_topic_6523_ws/install/lio_sam/share/lio_sam/local_setup.zsh
[558.398s] -- Symlinking: /home/fibo4/open_topic_6523_ws/install/lio_sam/share/lio_sam/local_setup.dsv
[558.420s] -- Symlinking: /home/fibo4/open_topic_6523_ws/install/lio_sam/share/lio_sam/package.dsv
[558.440s] -- Symlinking: /home/fibo4/open_topic_6523_ws/install/lio_sam/share/ament_index/resource_index/packages/lio_sam
[558.458s] -- Symlinking: /home/fibo4/open_topic_6523_ws/install/lio_sam/share/lio_sam/cmake/rosidl_cmake-extras.cmake
[558.480s] -- Symlinking: /home/fibo4/open_topic_6523_ws/install/lio_sam/share/lio_sam/cmake/ament_cmake_export_dependencies-extras.cmake
[558.501s] -- Symlinking: /home/fibo4/open_topic_6523_ws/install/lio_sam/share/lio_sam/cmake/ament_cmake_export_include_directories-extras.cmake
[558.523s] -- Symlinking: /home/fibo4/open_topic_6523_ws/install/lio_sam/share/lio_sam/cmake/ament_cmake_export_libraries-extras.cmake
[558.543s] -- Symlinking: /home/fibo4/open_topic_6523_ws/install/lio_sam/share/lio_sam/cmake/ament_cmake_export_targets-extras.cmake
[558.568s] -- Symlinking: /home/fibo4/open_topic_6523_ws/install/lio_sam/share/lio_sam/cmake/rosidl_cmake_export_typesupport_targets-extras.cmake
[558.589s] -- Symlinking: /home/fibo4/open_topic_6523_ws/install/lio_sam/share/lio_sam/cmake/rosidl_cmake_export_typesupport_libraries-extras.cmake
[558.608s] -- Symlinking: /home/fibo4/open_topic_6523_ws/install/lio_sam/share/lio_sam/cmake/lio_samConfig.cmake
[558.628s] -- Symlinking: /home/fibo4/open_topic_6523_ws/install/lio_sam/share/lio_sam/cmake/lio_samConfig-version.cmake
[558.646s] -- Symlinking: /home/fibo4/open_topic_6523_ws/install/lio_sam/share/lio_sam/package.xml
[558.668s] -- Installing: /home/fibo4/open_topic_6523_ws/install/lio_sam/lib/liblio_sam__rosidl_generator_c.so
[558.668s] -- Set runtime path of "/home/fibo4/open_topic_6523_ws/install/lio_sam/lib/liblio_sam__rosidl_generator_c.so" to ""
[558.668s] -- Installing: /home/fibo4/open_topic_6523_ws/install/lio_sam/lib/liblio_sam__rosidl_typesupport_fastrtps_c.so
[558.668s] -- Set runtime path of "/home/fibo4/open_topic_6523_ws/install/lio_sam/lib/liblio_sam__rosidl_typesupport_fastrtps_c.so" to ""
[558.668s] -- Installing: /home/fibo4/open_topic_6523_ws/install/lio_sam/lib/liblio_sam__rosidl_typesupport_introspection_c.so
[558.669s] -- Set runtime path of "/home/fibo4/open_topic_6523_ws/install/lio_sam/lib/liblio_sam__rosidl_typesupport_introspection_c.so" to ""
[558.669s] -- Installing: /home/fibo4/open_topic_6523_ws/install/lio_sam/lib/liblio_sam__rosidl_typesupport_c.so
[558.669s] -- Set runtime path of "/home/fibo4/open_topic_6523_ws/install/lio_sam/lib/liblio_sam__rosidl_typesupport_c.so" to ""
[558.669s] -- Installing: /home/fibo4/open_topic_6523_ws/install/lio_sam/lib/liblio_sam__rosidl_typesupport_fastrtps_cpp.so
[558.669s] -- Set runtime path of "/home/fibo4/open_topic_6523_ws/install/lio_sam/lib/liblio_sam__rosidl_typesupport_fastrtps_cpp.so" to ""
[558.669s] -- Installing: /home/fibo4/open_topic_6523_ws/install/lio_sam/lib/liblio_sam__rosidl_typesupport_introspection_cpp.so
[558.669s] -- Set runtime path of "/home/fibo4/open_topic_6523_ws/install/lio_sam/lib/liblio_sam__rosidl_typesupport_introspection_cpp.so" to ""
[558.669s] -- Installing: /home/fibo4/open_topic_6523_ws/install/lio_sam/lib/liblio_sam__rosidl_typesupport_cpp.so
[558.669s] -- Set runtime path of "/home/fibo4/open_topic_6523_ws/install/lio_sam/lib/liblio_sam__rosidl_typesupport_cpp.so" to ""
[558.784s] Listing '/home/fibo4/open_topic_6523_ws/install/lio_sam/local/lib/python3.10/dist-packages/lio_sam'...
[558.784s] Compiling '/home/fibo4/open_topic_6523_ws/install/lio_sam/local/lib/python3.10/dist-packages/lio_sam/__init__.py'...
[558.784s] Listing '/home/fibo4/open_topic_6523_ws/install/lio_sam/local/lib/python3.10/dist-packages/lio_sam/msg'...
[558.784s] Compiling '/home/fibo4/open_topic_6523_ws/install/lio_sam/local/lib/python3.10/dist-packages/lio_sam/msg/__init__.py'...
[558.784s] Compiling '/home/fibo4/open_topic_6523_ws/install/lio_sam/local/lib/python3.10/dist-packages/lio_sam/msg/_cloud_info.py'...
[558.784s] Listing '/home/fibo4/open_topic_6523_ws/install/lio_sam/local/lib/python3.10/dist-packages/lio_sam/srv'...
[558.784s] Compiling '/home/fibo4/open_topic_6523_ws/install/lio_sam/local/lib/python3.10/dist-packages/lio_sam/srv/__init__.py'...
[558.784s] Compiling '/home/fibo4/open_topic_6523_ws/install/lio_sam/local/lib/python3.10/dist-packages/lio_sam/srv/_save_map.py'...
[558.787s] -- Installing: /home/fibo4/open_topic_6523_ws/install/lio_sam/lib/liblio_sam__rosidl_generator_py.so
[558.787s] -- Set runtime path of "/home/fibo4/open_topic_6523_ws/install/lio_sam/lib/liblio_sam__rosidl_generator_py.so" to ""
[558.787s] -- Installing: /home/fibo4/open_topic_6523_ws/install/lio_sam/share/lio_sam/cmake/export_lio_sam__rosidl_generator_cExport.cmake
[558.788s] -- Installing: /home/fibo4/open_topic_6523_ws/install/lio_sam/share/lio_sam/cmake/export_lio_sam__rosidl_generator_cExport-release.cmake
[558.788s] -- Installing: /home/fibo4/open_topic_6523_ws/install/lio_sam/share/lio_sam/cmake/export_lio_sam__rosidl_typesupport_fastrtps_cExport.cmake
[558.788s] -- Installing: /home/fibo4/open_topic_6523_ws/install/lio_sam/share/lio_sam/cmake/export_lio_sam__rosidl_typesupport_fastrtps_cExport-release.cmake
[558.788s] -- Installing: /home/fibo4/open_topic_6523_ws/install/lio_sam/share/lio_sam/cmake/lio_sam__rosidl_typesupport_introspection_cExport.cmake
[558.788s] -- Installing: /home/fibo4/open_topic_6523_ws/install/lio_sam/share/lio_sam/cmake/lio_sam__rosidl_typesupport_introspection_cExport-release.cmake
[558.788s] -- Installing: /home/fibo4/open_topic_6523_ws/install/lio_sam/share/lio_sam/cmake/lio_sam__rosidl_typesupport_cExport.cmake
[558.788s] -- Installing: /home/fibo4/open_topic_6523_ws/install/lio_sam/share/lio_sam/cmake/lio_sam__rosidl_typesupport_cExport-release.cmake
[558.788s] -- Installing: /home/fibo4/open_topic_6523_ws/install/lio_sam/share/lio_sam/cmake/export_lio_sam__rosidl_generator_cppExport.cmake
[558.788s] -- Installing: /home/fibo4/open_topic_6523_ws/install/lio_sam/share/lio_sam/cmake/export_lio_sam__rosidl_typesupport_fastrtps_cppExport.cmake
[558.788s] -- Installing: /home/fibo4/open_topic_6523_ws/install/lio_sam/share/lio_sam/cmake/export_lio_sam__rosidl_typesupport_fastrtps_cppExport-release.cmake
[558.789s] -- Installing: /home/fibo4/open_topic_6523_ws/install/lio_sam/share/lio_sam/cmake/lio_sam__rosidl_typesupport_introspection_cppExport.cmake
[558.789s] -- Installing: /home/fibo4/open_topic_6523_ws/install/lio_sam/share/lio_sam/cmake/lio_sam__rosidl_typesupport_introspection_cppExport-release.cmake
[558.789s] -- Installing: /home/fibo4/open_topic_6523_ws/install/lio_sam/share/lio_sam/cmake/lio_sam__rosidl_typesupport_cppExport.cmake
[558.789s] -- Installing: /home/fibo4/open_topic_6523_ws/install/lio_sam/share/lio_sam/cmake/lio_sam__rosidl_typesupport_cppExport-release.cmake
[558.789s] -- Installing: /home/fibo4/open_topic_6523_ws/install/lio_sam/share/lio_sam/cmake/export_lio_sam__rosidl_generator_pyExport.cmake
[558.789s] -- Installing: /home/fibo4/open_topic_6523_ws/install/lio_sam/share/lio_sam/cmake/export_lio_sam__rosidl_generator_pyExport-release.cmake
[558.791s] Invoked command in '/home/fibo4/open_topic_6523_ws/build/lio_sam' returned '0': CMAKE_PREFIX_PATH=${CMAKE_PREFIX_PATH}:/home/fibo4/autoware/install/autoware_carla_interface:/home/fibo4/autoware/install/rqt_carla_control:/home/fibo4/autoware/install/carla_waypoint_publisher:/home/fibo4/autoware/install/carla_ackermann_control:/home/fibo4/autoware/install/carla_ros_bridge:/home/fibo4/autoware/install/carla_spawn_objects:/home/fibo4/autoware/install/carla_manual_control:/home/fibo4/autoware/install/carla_ad_agent:/home/fibo4/autoware/install/ros_compatibility:/home/fibo4/autoware/install/carla_walker_agent:/home/fibo4/autoware/install/carla_twist_to_control:/home/fibo4/autoware/install/carla_tesla_model3_description:/home/fibo4/autoware/install/carla_ros_scenario_runner:/home/fibo4/autoware/install/carla_common:/home/fibo4/autoware/install/carla_autoware_bridge:/home/fibo4/autoware/install/ad_api_visualizers:/home/fibo4/carla-ros-bridge/install/rqt_carla_control:/home/fibo4/carla-ros-bridge/install/carla_waypoint_publisher:/home/fibo4/carla-ros-bridge/install/carla_ackermann_control:/home/fibo4/carla-ros-bridge/install/carla_ros_bridge:/home/fibo4/carla-ros-bridge/install/carla_spawn_objects:/home/fibo4/carla-ros-bridge/install/carla_manual_control:/home/fibo4/carla-ros-bridge/install/carla_ad_agent:/home/fibo4/carla-ros-bridge/install/ros_compatibility:/home/fibo4/carla-ros-bridge/install/carla_walker_agent:/home/fibo4/carla-ros-bridge/install/carla_twist_to_control:/home/fibo4/carla-ros-bridge/install/carla_ros_scenario_runner:/home/fibo4/carla-ros-bridge/install/carla_common:/opt/ros/humble /usr/bin/cmake --install /home/fibo4/open_topic_6523_ws/build/lio_sam
