-- Found ament_cmake: 1.3.11 (/opt/ros/humble/share/ament_cmake/cmake)
-- Found rclcpp: 16.0.11 (/opt/ros/humble/share/rclcpp/cmake)
-- Found rosidl_generator_c: 3.1.6 (/opt/ros/humble/share/rosidl_generator_c/cmake)
-- Found rosidl_adapter: 3.1.6 (/opt/ros/humble/share/rosidl_adapter/cmake)
-- Found rosidl_generator_cpp: 3.1.6 (/opt/ros/humble/share/rosidl_generator_cpp/cmake)
-- Using all available rosidl_typesupport_c: rosidl_typesupport_fastrtps_c;rosidl_typesupport_introspection_c
-- Using all available rosidl_typesupport_cpp: rosidl_typesupport_fastrtps_cpp;rosidl_typesupport_introspection_cpp
-- Found rmw_implementation_cmake: 6.1.2 (/opt/ros/humble/share/rmw_implementation_cmake/cmake)
-- Found rmw_cyclonedds_cpp: 1.3.4 (/opt/ros/humble/share/rmw_cyclonedds_cpp/cmake)
-- Using RMW implementation 'rmw_cyclonedds_cpp' as default
-- Found rclpy: 3.3.15 (/opt/ros/humble/share/rclpy/cmake)
-- Configuring done
-- Generating done
-- Build files have been written to: /home/fibo4/open_topic_6523_ws/build/carla_mapping
[35m[1mConsolidate compiler generated dependencies of target cpp_node_test[0m
[100%] Built target cpp_node_test
[100%] Built target ament_cmake_python_copy_carla_mapping
running egg_info
writing carla_mapping.egg-info/PKG-INFO
writing dependency_links to carla_mapping.egg-info/dependency_links.txt
writing top-level names to carla_mapping.egg-info/top_level.txt
reading manifest file 'carla_mapping.egg-info/SOURCES.txt'
writing manifest file 'carla_mapping.egg-info/SOURCES.txt'
[100%] Built target ament_cmake_python_build_carla_mapping_egg
-- Install configuration: ""
-- Up-to-date: /home/fibo4/open_topic_6523_ws/install/carla_mapping/share/carla_mapping/environment/pythonpath.sh
-- Installing: /home/fibo4/open_topic_6523_ws/install/carla_mapping/share/carla_mapping/environment/pythonpath.dsv
-- Up-to-date: /home/fibo4/open_topic_6523_ws/install/carla_mapping/local/lib/python3.10/dist-packages/carla_mapping-0.0.0-py3.10.egg-info
-- Installing: /home/fibo4/open_topic_6523_ws/install/carla_mapping/local/lib/python3.10/dist-packages/carla_mapping-0.0.0-py3.10.egg-info/SOURCES.txt
-- Installing: /home/fibo4/open_topic_6523_ws/install/carla_mapping/local/lib/python3.10/dist-packages/carla_mapping-0.0.0-py3.10.egg-info/dependency_links.txt
-- Installing: /home/fibo4/open_topic_6523_ws/install/carla_mapping/local/lib/python3.10/dist-packages/carla_mapping-0.0.0-py3.10.egg-info/top_level.txt
-- Installing: /home/fibo4/open_topic_6523_ws/install/carla_mapping/local/lib/python3.10/dist-packages/carla_mapping-0.0.0-py3.10.egg-info/PKG-INFO
-- Up-to-date: /home/fibo4/open_topic_6523_ws/install/carla_mapping/local/lib/python3.10/dist-packages/carla_mapping
-- Up-to-date: /home/fibo4/open_topic_6523_ws/install/carla_mapping/local/lib/python3.10/dist-packages/carla_mapping/dummy_module.py
-- Up-to-date: /home/fibo4/open_topic_6523_ws/install/carla_mapping/local/lib/python3.10/dist-packages/carla_mapping/__init__.py
Listing '/home/fibo4/open_topic_6523_ws/install/carla_mapping/local/lib/python3.10/dist-packages/carla_mapping'...
-- Up-to-date: /home/fibo4/open_topic_6523_ws/install/carla_mapping/lib/carla_mapping/dummy_script.py
-- Up-to-date: /home/fibo4/open_topic_6523_ws/install/carla_mapping/lib/carla_mapping/cpp_node_test
-- Installing: /home/fibo4/open_topic_6523_ws/install/carla_mapping/share/carla_mapping/launch
-- Installing: /home/fibo4/open_topic_6523_ws/install/carla_mapping/share/carla_mapping/launch/lio_sam.launch.py
-- Up-to-date: /home/fibo4/open_topic_6523_ws/install/carla_mapping/share/ament_index/resource_index/package_run_dependencies/carla_mapping
-- Installing: /home/fibo4/open_topic_6523_ws/install/carla_mapping/share/ament_index/resource_index/parent_prefix_path/carla_mapping
-- Up-to-date: /home/fibo4/open_topic_6523_ws/install/carla_mapping/share/carla_mapping/environment/ament_prefix_path.sh
-- Installing: /home/fibo4/open_topic_6523_ws/install/carla_mapping/share/carla_mapping/environment/ament_prefix_path.dsv
-- Up-to-date: /home/fibo4/open_topic_6523_ws/install/carla_mapping/share/carla_mapping/environment/path.sh
-- Installing: /home/fibo4/open_topic_6523_ws/install/carla_mapping/share/carla_mapping/environment/path.dsv
-- Up-to-date: /home/fibo4/open_topic_6523_ws/install/carla_mapping/share/carla_mapping/local_setup.bash
-- Up-to-date: /home/fibo4/open_topic_6523_ws/install/carla_mapping/share/carla_mapping/local_setup.sh
-- Up-to-date: /home/fibo4/open_topic_6523_ws/install/carla_mapping/share/carla_mapping/local_setup.zsh
-- Installing: /home/fibo4/open_topic_6523_ws/install/carla_mapping/share/carla_mapping/local_setup.dsv
-- Installing: /home/fibo4/open_topic_6523_ws/install/carla_mapping/share/carla_mapping/package.dsv
-- Up-to-date: /home/fibo4/open_topic_6523_ws/install/carla_mapping/share/ament_index/resource_index/packages/carla_mapping
-- Up-to-date: /home/fibo4/open_topic_6523_ws/install/carla_mapping/share/carla_mapping/cmake/carla_mappingConfig.cmake
-- Up-to-date: /home/fibo4/open_topic_6523_ws/install/carla_mapping/share/carla_mapping/cmake/carla_mappingConfig-version.cmake
-- Up-to-date: /home/fibo4/open_topic_6523_ws/install/carla_mapping/share/carla_mapping/package.xml
