-- The C compiler identification is GNU 11.4.0
-- The CXX compiler identification is GNU 11.4.0
-- Detecting C compiler ABI info
-- Detecting C compiler ABI info - done
-- Check for working C compiler: /usr/lib/ccache/gcc - skipped
-- Detecting C compile features
-- Detecting C compile features - done
-- Detecting CXX compiler ABI info
-- Detecting CXX compiler ABI info - done
-- Check for working CXX compiler: /usr/lib/ccache/g++ - skipped
-- Detecting CXX compile features
-- Detecting CXX compile features - done
-- Found ament_cmake: 1.3.11 (/opt/ros/humble/share/ament_cmake/cmake)
-- Found Python3: /usr/bin/python3 (found version "3.10.12") found components: Interpreter 
-- Override CMake install command with custom implementation using symlinks instead of copying resources
-- Found rclcpp: 16.0.11 (/opt/ros/humble/share/rclcpp/cmake)
-- Found rosidl_generator_c: 3.1.6 (/opt/ros/humble/share/rosidl_generator_c/cmake)
-- Found rosidl_adapter: 3.1.6 (/opt/ros/humble/share/rosidl_adapter/cmake)
-- Found rosidl_generator_cpp: 3.1.6 (/opt/ros/humble/share/rosidl_generator_cpp/cmake)
-- Using all available rosidl_typesupport_c: rosidl_typesupport_fastrtps_c;rosidl_typesupport_introspection_c
-- Using all available rosidl_typesupport_cpp: rosidl_typesupport_fastrtps_cpp;rosidl_typesupport_introspection_cpp
-- Found rmw_implementation_cmake: 6.1.2 (/opt/ros/humble/share/rmw_implementation_cmake/cmake)
-- Found rmw_cyclonedds_cpp: 1.3.4 (/opt/ros/humble/share/rmw_cyclonedds_cpp/cmake)
-- Using RMW implementation 'rmw_cyclonedds_cpp' as default
-- Looking for pthread.h
-- Looking for pthread.h - found
-- Performing Test CMAKE_HAVE_LIBC_PTHREAD
-- Performing Test CMAKE_HAVE_LIBC_PTHREAD - Success
-- Found Threads: TRUE  
-- Found rclpy: 3.3.15 (/opt/ros/humble/share/rclpy/cmake)
-- Configuring done
-- Generating done
-- Build files have been written to: /home/fibo4/open_topic_6523_ws/build/carla_mapping
[ 50%] [32mBuilding CXX object CMakeFiles/cpp_node_test.dir/src/cpp_node.cpp.o[0m
[ 50%] Built target ament_cmake_python_symlink_carla_mapping
[100%] [32m[1mLinking CXX executable cpp_node_test[0m
[100%] Built target cpp_node_test
running egg_info
creating carla_mapping.egg-info
writing carla_mapping.egg-info/PKG-INFO
writing dependency_links to carla_mapping.egg-info/dependency_links.txt
writing top-level names to carla_mapping.egg-info/top_level.txt
writing manifest file 'carla_mapping.egg-info/SOURCES.txt'
reading manifest file 'carla_mapping.egg-info/SOURCES.txt'
writing manifest file 'carla_mapping.egg-info/SOURCES.txt'
[100%] Built target ament_cmake_python_build_carla_mapping_egg
-- Install configuration: "Release"
-- Execute custom install script
-- Symlinking: /home/fibo4/open_topic_6523_ws/install/carla_mapping/share/carla_mapping/environment/pythonpath.sh
-- Symlinking: /home/fibo4/open_topic_6523_ws/install/carla_mapping/share/carla_mapping/environment/pythonpath.dsv
-- Symlinking: /home/fibo4/open_topic_6523_ws/install/carla_mapping/local/lib/python3.10/dist-packages/carla_mapping-0.0.0-py3.10.egg-info/PKG-INFO
-- Symlinking: /home/fibo4/open_topic_6523_ws/install/carla_mapping/local/lib/python3.10/dist-packages/carla_mapping-0.0.0-py3.10.egg-info/SOURCES.txt
-- Symlinking: /home/fibo4/open_topic_6523_ws/install/carla_mapping/local/lib/python3.10/dist-packages/carla_mapping-0.0.0-py3.10.egg-info/dependency_links.txt
-- Symlinking: /home/fibo4/open_topic_6523_ws/install/carla_mapping/local/lib/python3.10/dist-packages/carla_mapping-0.0.0-py3.10.egg-info/top_level.txt
-- Symlinking: /home/fibo4/open_topic_6523_ws/install/carla_mapping/local/lib/python3.10/dist-packages/carla_mapping/__init__.py
-- Symlinking: /home/fibo4/open_topic_6523_ws/install/carla_mapping/local/lib/python3.10/dist-packages/carla_mapping/dummy_module.py
-- Symlinking: /home/fibo4/open_topic_6523_ws/install/carla_mapping/lib/carla_mapping/dummy_script.py
-- Symlinking: /home/fibo4/open_topic_6523_ws/install/carla_mapping/lib/carla_mapping/increase_pub_rate.py
-- Symlinking: /home/fibo4/open_topic_6523_ws/install/carla_mapping/lib/carla_mapping/cpp_node_test
-- Symlinking: /home/fibo4/open_topic_6523_ws/install/carla_mapping/share/carla_mapping/launch/lio_sam.launch.py
-- Symlinking: /home/fibo4/open_topic_6523_ws/install/carla_mapping/share/carla_mapping/config/params.yaml
-- Symlinking: /home/fibo4/open_topic_6523_ws/install/carla_mapping/share/carla_mapping/config/robot.urdf.xacro
-- Symlinking: /home/fibo4/open_topic_6523_ws/install/carla_mapping/share/carla_mapping/config/rviz2.rviz
-- Symlinking: /home/fibo4/open_topic_6523_ws/install/carla_mapping/share/ament_index/resource_index/package_run_dependencies/carla_mapping
-- Symlinking: /home/fibo4/open_topic_6523_ws/install/carla_mapping/share/ament_index/resource_index/parent_prefix_path/carla_mapping
-- Symlinking: /home/fibo4/open_topic_6523_ws/install/carla_mapping/share/carla_mapping/environment/ament_prefix_path.sh
-- Symlinking: /home/fibo4/open_topic_6523_ws/install/carla_mapping/share/carla_mapping/environment/ament_prefix_path.dsv
-- Symlinking: /home/fibo4/open_topic_6523_ws/install/carla_mapping/share/carla_mapping/environment/path.sh
-- Symlinking: /home/fibo4/open_topic_6523_ws/install/carla_mapping/share/carla_mapping/environment/path.dsv
-- Symlinking: /home/fibo4/open_topic_6523_ws/install/carla_mapping/share/carla_mapping/local_setup.bash
-- Symlinking: /home/fibo4/open_topic_6523_ws/install/carla_mapping/share/carla_mapping/local_setup.sh
-- Symlinking: /home/fibo4/open_topic_6523_ws/install/carla_mapping/share/carla_mapping/local_setup.zsh
-- Symlinking: /home/fibo4/open_topic_6523_ws/install/carla_mapping/share/carla_mapping/local_setup.dsv
-- Symlinking: /home/fibo4/open_topic_6523_ws/install/carla_mapping/share/carla_mapping/package.dsv
-- Symlinking: /home/fibo4/open_topic_6523_ws/install/carla_mapping/share/ament_index/resource_index/packages/carla_mapping
-- Symlinking: /home/fibo4/open_topic_6523_ws/install/carla_mapping/share/carla_mapping/cmake/carla_mappingConfig.cmake
-- Symlinking: /home/fibo4/open_topic_6523_ws/install/carla_mapping/share/carla_mapping/cmake/carla_mappingConfig-version.cmake
-- Symlinking: /home/fibo4/open_topic_6523_ws/install/carla_mapping/share/carla_mapping/package.xml
Listing '/home/fibo4/open_topic_6523_ws/install/carla_mapping/local/lib/python3.10/dist-packages/carla_mapping'...
Compiling '/home/fibo4/open_topic_6523_ws/install/carla_mapping/local/lib/python3.10/dist-packages/carla_mapping/__init__.py'...
Compiling '/home/fibo4/open_topic_6523_ws/install/carla_mapping/local/lib/python3.10/dist-packages/carla_mapping/dummy_module.py'...
