[0.183s] DEBUG:colcon:Command line arguments: ['/usr/bin/colcon', 'build', '--symlink-install', '--cmake-args', '-DCMAKE_BUILD_TYPE=Release']
[0.183s] DEBUG:colcon:Parsed command line arguments: Namespace(log_base=None, log_level=None, verb_name='build', build_base='build', install_base='install', merge_install=False, symlink_install=True, test_result_base=None, continue_on_error=False, executor='parallel', parallel_workers=16, event_handlers=None, ignore_user_meta=False, metas=['./colcon.meta'], base_paths=['.'], packages_ignore=None, packages_ignore_regex=None, paths=None, packages_up_to=None, packages_up_to_regex=None, packages_above=None, packages_above_and_dependencies=None, packages_above_depth=None, packages_select_by_dep=None, packages_skip_by_dep=None, packages_skip_up_to=None, packages_select_build_failed=False, packages_skip_build_finished=False, packages_select_test_failures=False, packages_skip_test_passed=False, packages_select=None, packages_skip=None, packages_select_regex=None, packages_skip_regex=None, packages_start=None, packages_end=None, allow_overriding=[], cmake_args=['-DCMAKE_BUILD_TYPE=Release'], cmake_target=None, cmake_target_skip_unavailable=False, cmake_clean_cache=False, cmake_clean_first=False, cmake_force_configure=False, ament_cmake_args=None, catkin_cmake_args=None, catkin_skip_building_tests=False, mixin_files=None, mixin=None, verb_parser=<colcon_mixin.mixin.mixin_argument.MixinArgumentDecorator object at 0x76b55e7c9480>, verb_extension=<colcon_core.verb.build.BuildVerb object at 0x76b55e7c8ee0>, main=<bound method BuildVerb.main of <colcon_core.verb.build.BuildVerb object at 0x76b55e7c8ee0>>, mixin_verb=('build',))
[0.406s] Level 1:colcon.colcon_core.package_discovery:discover_packages(colcon_meta) check parameters
[0.406s] Level 1:colcon.colcon_core.package_discovery:discover_packages(recursive) check parameters
[0.406s] Level 1:colcon.colcon_core.package_discovery:discover_packages(ignore) check parameters
[0.406s] Level 1:colcon.colcon_core.package_discovery:discover_packages(path) check parameters
[0.406s] Level 1:colcon.colcon_core.package_discovery:discover_packages(colcon_meta) discover
[0.406s] Level 1:colcon.colcon_core.package_discovery:discover_packages(recursive) discover
[0.406s] INFO:colcon.colcon_core.package_discovery:Crawling recursively for packages in '/home/fibo4/open_topic_6523_ws'
[0.406s] Level 1:colcon.colcon_core.package_identification:_identify(.) by extensions ['ignore', 'ignore_ament_install']
[0.406s] Level 1:colcon.colcon_core.package_identification:_identify(.) by extension 'ignore'
[0.406s] Level 1:colcon.colcon_core.package_identification:_identify(.) by extension 'ignore_ament_install'
[0.407s] Level 1:colcon.colcon_core.package_identification:_identify(.) by extensions ['colcon_pkg']
[0.407s] Level 1:colcon.colcon_core.package_identification:_identify(.) by extension 'colcon_pkg'
[0.407s] Level 1:colcon.colcon_core.package_identification:_identify(.) by extensions ['colcon_meta']
[0.407s] Level 1:colcon.colcon_core.package_identification:_identify(.) by extension 'colcon_meta'
[0.407s] Level 1:colcon.colcon_core.package_identification:_identify(.) by extensions ['ros']
[0.407s] Level 1:colcon.colcon_core.package_identification:_identify(.) by extension 'ros'
[0.418s] Level 1:colcon.colcon_core.package_identification:_identify(.) by extensions ['cmake', 'python']
[0.419s] Level 1:colcon.colcon_core.package_identification:_identify(.) by extension 'cmake'
[0.419s] Level 1:colcon.colcon_core.package_identification:_identify(.) by extension 'python'
[0.419s] Level 1:colcon.colcon_core.package_identification:_identify(.) by extensions ['python_setup_py']
[0.419s] Level 1:colcon.colcon_core.package_identification:_identify(.) by extension 'python_setup_py'
[0.419s] Level 1:colcon.colcon_core.package_identification:_identify(build) by extensions ['ignore', 'ignore_ament_install']
[0.419s] Level 1:colcon.colcon_core.package_identification:_identify(build) by extension 'ignore'
[0.419s] Level 1:colcon.colcon_core.package_identification:_identify(build) ignored
[0.419s] Level 1:colcon.colcon_core.package_identification:_identify(install) by extensions ['ignore', 'ignore_ament_install']
[0.419s] Level 1:colcon.colcon_core.package_identification:_identify(install) by extension 'ignore'
[0.419s] Level 1:colcon.colcon_core.package_identification:_identify(install) ignored
[0.419s] Level 1:colcon.colcon_core.package_identification:_identify(log) by extensions ['ignore', 'ignore_ament_install']
[0.419s] Level 1:colcon.colcon_core.package_identification:_identify(log) by extension 'ignore'
[0.419s] Level 1:colcon.colcon_core.package_identification:_identify(log) ignored
[0.419s] Level 1:colcon.colcon_core.package_identification:_identify(src) by extensions ['ignore', 'ignore_ament_install']
[0.419s] Level 1:colcon.colcon_core.package_identification:_identify(src) by extension 'ignore'
[0.419s] Level 1:colcon.colcon_core.package_identification:_identify(src) by extension 'ignore_ament_install'
[0.420s] Level 1:colcon.colcon_core.package_identification:_identify(src) by extensions ['colcon_pkg']
[0.420s] Level 1:colcon.colcon_core.package_identification:_identify(src) by extension 'colcon_pkg'
[0.420s] Level 1:colcon.colcon_core.package_identification:_identify(src) by extensions ['colcon_meta']
[0.420s] Level 1:colcon.colcon_core.package_identification:_identify(src) by extension 'colcon_meta'
[0.420s] Level 1:colcon.colcon_core.package_identification:_identify(src) by extensions ['ros']
[0.420s] Level 1:colcon.colcon_core.package_identification:_identify(src) by extension 'ros'
[0.420s] Level 1:colcon.colcon_core.package_identification:_identify(src) by extensions ['cmake', 'python']
[0.420s] Level 1:colcon.colcon_core.package_identification:_identify(src) by extension 'cmake'
[0.420s] Level 1:colcon.colcon_core.package_identification:_identify(src) by extension 'python'
[0.420s] Level 1:colcon.colcon_core.package_identification:_identify(src) by extensions ['python_setup_py']
[0.420s] Level 1:colcon.colcon_core.package_identification:_identify(src) by extension 'python_setup_py'
[0.420s] Level 1:colcon.colcon_core.package_identification:_identify(src/LIO-SAM) by extensions ['ignore', 'ignore_ament_install']
[0.420s] Level 1:colcon.colcon_core.package_identification:_identify(src/LIO-SAM) by extension 'ignore'
[0.420s] Level 1:colcon.colcon_core.package_identification:_identify(src/LIO-SAM) by extension 'ignore_ament_install'
[0.420s] Level 1:colcon.colcon_core.package_identification:_identify(src/LIO-SAM) by extensions ['colcon_pkg']
[0.420s] Level 1:colcon.colcon_core.package_identification:_identify(src/LIO-SAM) by extension 'colcon_pkg'
[0.420s] Level 1:colcon.colcon_core.package_identification:_identify(src/LIO-SAM) by extensions ['colcon_meta']
[0.420s] Level 1:colcon.colcon_core.package_identification:_identify(src/LIO-SAM) by extension 'colcon_meta'
[0.420s] Level 1:colcon.colcon_core.package_identification:_identify(src/LIO-SAM) by extensions ['ros']
[0.420s] Level 1:colcon.colcon_core.package_identification:_identify(src/LIO-SAM) by extension 'ros'
[0.423s] DEBUG:colcon.colcon_core.package_identification:Package 'src/LIO-SAM' with type 'ros.ament_cmake' and name 'lio_sam'
[0.423s] Level 1:colcon.colcon_core.package_identification:_identify(src/carla_mapping) by extensions ['ignore', 'ignore_ament_install']
[0.424s] Level 1:colcon.colcon_core.package_identification:_identify(src/carla_mapping) by extension 'ignore'
[0.424s] Level 1:colcon.colcon_core.package_identification:_identify(src/carla_mapping) by extension 'ignore_ament_install'
[0.424s] Level 1:colcon.colcon_core.package_identification:_identify(src/carla_mapping) by extensions ['colcon_pkg']
[0.424s] Level 1:colcon.colcon_core.package_identification:_identify(src/carla_mapping) by extension 'colcon_pkg'
[0.424s] Level 1:colcon.colcon_core.package_identification:_identify(src/carla_mapping) by extensions ['colcon_meta']
[0.424s] Level 1:colcon.colcon_core.package_identification:_identify(src/carla_mapping) by extension 'colcon_meta'
[0.424s] Level 1:colcon.colcon_core.package_identification:_identify(src/carla_mapping) by extensions ['ros']
[0.424s] Level 1:colcon.colcon_core.package_identification:_identify(src/carla_mapping) by extension 'ros'
[0.424s] DEBUG:colcon.colcon_core.package_identification:Package 'src/carla_mapping' with type 'ros.ament_cmake' and name 'carla_mapping'
[0.425s] Level 1:colcon.colcon_core.package_discovery:discover_packages(recursive) using defaults
[0.425s] Level 1:colcon.colcon_core.package_discovery:discover_packages(ignore) discover
[0.425s] Level 1:colcon.colcon_core.package_discovery:discover_packages(ignore) using defaults
[0.425s] Level 1:colcon.colcon_core.package_discovery:discover_packages(path) discover
[0.425s] Level 1:colcon.colcon_core.package_discovery:discover_packages(path) using defaults
[0.461s] Level 1:colcon.colcon_core.package_discovery:discover_packages(prefix_path) check parameters
[0.461s] Level 1:colcon.colcon_core.package_discovery:discover_packages(prefix_path) discover
[0.466s] WARNING:colcon.colcon_ros.prefix_path.ament:The path '/home/fibo4/open_topic_6523_ws/install/lio_sam' in the environment variable AMENT_PREFIX_PATH doesn't exist
[0.466s] WARNING:colcon.colcon_ros.prefix_path.ament:The path '/home/fibo4/open_topic_6523_ws/install/carla_mapping' in the environment variable AMENT_PREFIX_PATH doesn't exist
[0.524s] WARNING:colcon.colcon_ros.prefix_path.catkin:The path '/home/fibo4/open_topic_6523_ws/install/lio_sam' in the environment variable CMAKE_PREFIX_PATH doesn't exist
[0.525s] WARNING:colcon.colcon_ros.prefix_path.catkin:The path '/home/fibo4/open_topic_6523_ws/install/carla_mapping' in the environment variable CMAKE_PREFIX_PATH doesn't exist
[0.527s] DEBUG:colcon.colcon_installed_package_information.package_discovery:Found 0 installed packages in /home/fibo4/open_topic_6523_ws/install
[0.676s] DEBUG:colcon.colcon_installed_package_information.package_discovery:Found 392 installed packages in /home/fibo4/autoware/install
[0.684s] DEBUG:colcon.colcon_installed_package_information.package_discovery:Found 19 installed packages in /home/fibo4/carla-ros-bridge/install
[0.686s] DEBUG:colcon.colcon_installed_package_information.package_discovery:Found 26 installed packages in /home/fibo4/ros2_ws/install
[0.687s] DEBUG:colcon.colcon_installed_package_information.package_discovery:Found 379 installed packages in /opt/ros/humble
[0.689s] Level 1:colcon.colcon_core.package_discovery:discover_packages(prefix_path) using defaults
[0.903s] Level 5:colcon.colcon_core.verb:set package 'carla_mapping' build argument 'cmake_args' from command line to '['-DCMAKE_BUILD_TYPE=Release']'
[0.904s] Level 5:colcon.colcon_core.verb:set package 'carla_mapping' build argument 'cmake_target' from command line to 'None'
[0.904s] Level 5:colcon.colcon_core.verb:set package 'carla_mapping' build argument 'cmake_target_skip_unavailable' from command line to 'False'
[0.904s] Level 5:colcon.colcon_core.verb:set package 'carla_mapping' build argument 'cmake_clean_cache' from command line to 'False'
[0.904s] Level 5:colcon.colcon_core.verb:set package 'carla_mapping' build argument 'cmake_clean_first' from command line to 'False'
[0.904s] Level 5:colcon.colcon_core.verb:set package 'carla_mapping' build argument 'cmake_force_configure' from command line to 'False'
[0.904s] Level 5:colcon.colcon_core.verb:set package 'carla_mapping' build argument 'ament_cmake_args' from command line to 'None'
[0.904s] Level 5:colcon.colcon_core.verb:set package 'carla_mapping' build argument 'catkin_cmake_args' from command line to 'None'
[0.904s] Level 5:colcon.colcon_core.verb:set package 'carla_mapping' build argument 'catkin_skip_building_tests' from command line to 'False'
[0.904s] DEBUG:colcon.colcon_core.verb:Building package 'carla_mapping' with the following arguments: {'ament_cmake_args': None, 'build_base': '/home/fibo4/open_topic_6523_ws/build/carla_mapping', 'catkin_cmake_args': None, 'catkin_skip_building_tests': False, 'cmake_args': ['-DCMAKE_BUILD_TYPE=Release'], 'cmake_clean_cache': False, 'cmake_clean_first': False, 'cmake_force_configure': False, 'cmake_target': None, 'cmake_target_skip_unavailable': False, 'install_base': '/home/fibo4/open_topic_6523_ws/install/carla_mapping', 'merge_install': False, 'path': '/home/fibo4/open_topic_6523_ws/src/carla_mapping', 'symlink_install': True, 'test_result_base': None}
[0.904s] Level 5:colcon.colcon_core.verb:set package 'lio_sam' build argument 'cmake_args' from command line to '['-DCMAKE_BUILD_TYPE=Release']'
[0.904s] Level 5:colcon.colcon_core.verb:set package 'lio_sam' build argument 'cmake_target' from command line to 'None'
[0.904s] Level 5:colcon.colcon_core.verb:set package 'lio_sam' build argument 'cmake_target_skip_unavailable' from command line to 'False'
[0.904s] Level 5:colcon.colcon_core.verb:set package 'lio_sam' build argument 'cmake_clean_cache' from command line to 'False'
[0.904s] Level 5:colcon.colcon_core.verb:set package 'lio_sam' build argument 'cmake_clean_first' from command line to 'False'
[0.904s] Level 5:colcon.colcon_core.verb:set package 'lio_sam' build argument 'cmake_force_configure' from command line to 'False'
[0.904s] Level 5:colcon.colcon_core.verb:set package 'lio_sam' build argument 'ament_cmake_args' from command line to 'None'
[0.904s] Level 5:colcon.colcon_core.verb:set package 'lio_sam' build argument 'catkin_cmake_args' from command line to 'None'
[0.904s] Level 5:colcon.colcon_core.verb:set package 'lio_sam' build argument 'catkin_skip_building_tests' from command line to 'False'
[0.904s] DEBUG:colcon.colcon_core.verb:Building package 'lio_sam' with the following arguments: {'ament_cmake_args': None, 'build_base': '/home/fibo4/open_topic_6523_ws/build/lio_sam', 'catkin_cmake_args': None, 'catkin_skip_building_tests': False, 'cmake_args': ['-DCMAKE_BUILD_TYPE=Release'], 'cmake_clean_cache': False, 'cmake_clean_first': False, 'cmake_force_configure': False, 'cmake_target': None, 'cmake_target_skip_unavailable': False, 'install_base': '/home/fibo4/open_topic_6523_ws/install/lio_sam', 'merge_install': False, 'path': '/home/fibo4/open_topic_6523_ws/src/LIO-SAM', 'symlink_install': True, 'test_result_base': None}
[0.905s] INFO:colcon.colcon_core.executor:Executing jobs using 'parallel' executor
[0.906s] DEBUG:colcon.colcon_parallel_executor.executor.parallel:run_until_complete
[0.906s] INFO:colcon.colcon_ros.task.ament_cmake.build:Building ROS package in '/home/fibo4/open_topic_6523_ws/src/carla_mapping' with build type 'ament_cmake'
[0.906s] INFO:colcon.colcon_cmake.task.cmake.build:Building CMake package in '/home/fibo4/open_topic_6523_ws/src/carla_mapping'
[0.911s] INFO:colcon.colcon_core.plugin_system:Skipping extension 'colcon_core.shell.bat': Not used on non-Windows systems
[0.911s] INFO:colcon.colcon_core.shell:Skip shell extension 'powershell' for command environment: Not usable outside of PowerShell
[0.911s] DEBUG:colcon.colcon_core.shell:Skip shell extension 'dsv' for command environment
[0.929s] INFO:colcon.colcon_ros.task.ament_cmake.build:Building ROS package in '/home/fibo4/open_topic_6523_ws/src/LIO-SAM' with build type 'ament_cmake'
[0.930s] INFO:colcon.colcon_cmake.task.cmake.build:Building CMake package in '/home/fibo4/open_topic_6523_ws/src/LIO-SAM'
[0.930s] INFO:colcon.colcon_core.shell:Skip shell extension 'powershell' for command environment: Not usable outside of PowerShell
[0.930s] DEBUG:colcon.colcon_core.shell:Skip shell extension 'dsv' for command environment
[0.961s] DEBUG:colcon.colcon_core.event_handler.log_command:Invoking command in '/home/fibo4/open_topic_6523_ws/build/carla_mapping': CMAKE_PREFIX_PATH=${CMAKE_PREFIX_PATH}:/home/fibo4/autoware/install/autoware_carla_interface:/home/fibo4/autoware/install/rqt_carla_control:/home/fibo4/autoware/install/carla_waypoint_publisher:/home/fibo4/autoware/install/carla_ackermann_control:/home/fibo4/autoware/install/carla_ros_bridge:/home/fibo4/autoware/install/carla_spawn_objects:/home/fibo4/autoware/install/carla_manual_control:/home/fibo4/autoware/install/carla_ad_agent:/home/fibo4/autoware/install/ros_compatibility:/home/fibo4/autoware/install/carla_walker_agent:/home/fibo4/autoware/install/carla_twist_to_control:/home/fibo4/autoware/install/carla_tesla_model3_description:/home/fibo4/autoware/install/carla_ros_scenario_runner:/home/fibo4/autoware/install/carla_common:/home/fibo4/autoware/install/carla_autoware_bridge:/home/fibo4/autoware/install/ad_api_visualizers:/home/fibo4/carla-ros-bridge/install/rqt_carla_control:/home/fibo4/carla-ros-bridge/install/carla_waypoint_publisher:/home/fibo4/carla-ros-bridge/install/carla_ackermann_control:/home/fibo4/carla-ros-bridge/install/carla_ros_bridge:/home/fibo4/carla-ros-bridge/install/carla_spawn_objects:/home/fibo4/carla-ros-bridge/install/carla_manual_control:/home/fibo4/carla-ros-bridge/install/carla_ad_agent:/home/fibo4/carla-ros-bridge/install/ros_compatibility:/home/fibo4/carla-ros-bridge/install/carla_walker_agent:/home/fibo4/carla-ros-bridge/install/carla_twist_to_control:/home/fibo4/carla-ros-bridge/install/carla_ros_scenario_runner:/home/fibo4/carla-ros-bridge/install/carla_common:/opt/ros/humble /usr/bin/cmake /home/fibo4/open_topic_6523_ws/src/carla_mapping -DCMAKE_BUILD_TYPE=Release -DAMENT_CMAKE_SYMLINK_INSTALL=1 -DCMAKE_INSTALL_PREFIX=/home/fibo4/open_topic_6523_ws/install/carla_mapping
[0.971s] DEBUG:colcon.colcon_core.event_handler.log_command:Invoking command in '/home/fibo4/open_topic_6523_ws/build/lio_sam': CMAKE_PREFIX_PATH=${CMAKE_PREFIX_PATH}:/home/fibo4/autoware/install/autoware_carla_interface:/home/fibo4/autoware/install/rqt_carla_control:/home/fibo4/autoware/install/carla_waypoint_publisher:/home/fibo4/autoware/install/carla_ackermann_control:/home/fibo4/autoware/install/carla_ros_bridge:/home/fibo4/autoware/install/carla_spawn_objects:/home/fibo4/autoware/install/carla_manual_control:/home/fibo4/autoware/install/carla_ad_agent:/home/fibo4/autoware/install/ros_compatibility:/home/fibo4/autoware/install/carla_walker_agent:/home/fibo4/autoware/install/carla_twist_to_control:/home/fibo4/autoware/install/carla_tesla_model3_description:/home/fibo4/autoware/install/carla_ros_scenario_runner:/home/fibo4/autoware/install/carla_common:/home/fibo4/autoware/install/carla_autoware_bridge:/home/fibo4/autoware/install/ad_api_visualizers:/home/fibo4/carla-ros-bridge/install/rqt_carla_control:/home/fibo4/carla-ros-bridge/install/carla_waypoint_publisher:/home/fibo4/carla-ros-bridge/install/carla_ackermann_control:/home/fibo4/carla-ros-bridge/install/carla_ros_bridge:/home/fibo4/carla-ros-bridge/install/carla_spawn_objects:/home/fibo4/carla-ros-bridge/install/carla_manual_control:/home/fibo4/carla-ros-bridge/install/carla_ad_agent:/home/fibo4/carla-ros-bridge/install/ros_compatibility:/home/fibo4/carla-ros-bridge/install/carla_walker_agent:/home/fibo4/carla-ros-bridge/install/carla_twist_to_control:/home/fibo4/carla-ros-bridge/install/carla_ros_scenario_runner:/home/fibo4/carla-ros-bridge/install/carla_common:/opt/ros/humble /usr/bin/cmake /home/fibo4/open_topic_6523_ws/src/LIO-SAM -DCMAKE_BUILD_TYPE=Release -DAMENT_CMAKE_SYMLINK_INSTALL=1 -DCMAKE_INSTALL_PREFIX=/home/fibo4/open_topic_6523_ws/install/lio_sam
[4.718s] DEBUG:colcon.colcon_core.event_handler.log_command:Invoked command in '/home/fibo4/open_topic_6523_ws/build/carla_mapping' returned '0': CMAKE_PREFIX_PATH=${CMAKE_PREFIX_PATH}:/home/fibo4/autoware/install/autoware_carla_interface:/home/fibo4/autoware/install/rqt_carla_control:/home/fibo4/autoware/install/carla_waypoint_publisher:/home/fibo4/autoware/install/carla_ackermann_control:/home/fibo4/autoware/install/carla_ros_bridge:/home/fibo4/autoware/install/carla_spawn_objects:/home/fibo4/autoware/install/carla_manual_control:/home/fibo4/autoware/install/carla_ad_agent:/home/fibo4/autoware/install/ros_compatibility:/home/fibo4/autoware/install/carla_walker_agent:/home/fibo4/autoware/install/carla_twist_to_control:/home/fibo4/autoware/install/carla_tesla_model3_description:/home/fibo4/autoware/install/carla_ros_scenario_runner:/home/fibo4/autoware/install/carla_common:/home/fibo4/autoware/install/carla_autoware_bridge:/home/fibo4/autoware/install/ad_api_visualizers:/home/fibo4/carla-ros-bridge/install/rqt_carla_control:/home/fibo4/carla-ros-bridge/install/carla_waypoint_publisher:/home/fibo4/carla-ros-bridge/install/carla_ackermann_control:/home/fibo4/carla-ros-bridge/install/carla_ros_bridge:/home/fibo4/carla-ros-bridge/install/carla_spawn_objects:/home/fibo4/carla-ros-bridge/install/carla_manual_control:/home/fibo4/carla-ros-bridge/install/carla_ad_agent:/home/fibo4/carla-ros-bridge/install/ros_compatibility:/home/fibo4/carla-ros-bridge/install/carla_walker_agent:/home/fibo4/carla-ros-bridge/install/carla_twist_to_control:/home/fibo4/carla-ros-bridge/install/carla_ros_scenario_runner:/home/fibo4/carla-ros-bridge/install/carla_common:/opt/ros/humble /usr/bin/cmake /home/fibo4/open_topic_6523_ws/src/carla_mapping -DCMAKE_BUILD_TYPE=Release -DAMENT_CMAKE_SYMLINK_INSTALL=1 -DCMAKE_INSTALL_PREFIX=/home/fibo4/open_topic_6523_ws/install/carla_mapping
[4.719s] DEBUG:colcon.colcon_core.event_handler.log_command:Invoking command in '/home/fibo4/open_topic_6523_ws/build/carla_mapping': CMAKE_PREFIX_PATH=${CMAKE_PREFIX_PATH}:/home/fibo4/autoware/install/autoware_carla_interface:/home/fibo4/autoware/install/rqt_carla_control:/home/fibo4/autoware/install/carla_waypoint_publisher:/home/fibo4/autoware/install/carla_ackermann_control:/home/fibo4/autoware/install/carla_ros_bridge:/home/fibo4/autoware/install/carla_spawn_objects:/home/fibo4/autoware/install/carla_manual_control:/home/fibo4/autoware/install/carla_ad_agent:/home/fibo4/autoware/install/ros_compatibility:/home/fibo4/autoware/install/carla_walker_agent:/home/fibo4/autoware/install/carla_twist_to_control:/home/fibo4/autoware/install/carla_tesla_model3_description:/home/fibo4/autoware/install/carla_ros_scenario_runner:/home/fibo4/autoware/install/carla_common:/home/fibo4/autoware/install/carla_autoware_bridge:/home/fibo4/autoware/install/ad_api_visualizers:/home/fibo4/carla-ros-bridge/install/rqt_carla_control:/home/fibo4/carla-ros-bridge/install/carla_waypoint_publisher:/home/fibo4/carla-ros-bridge/install/carla_ackermann_control:/home/fibo4/carla-ros-bridge/install/carla_ros_bridge:/home/fibo4/carla-ros-bridge/install/carla_spawn_objects:/home/fibo4/carla-ros-bridge/install/carla_manual_control:/home/fibo4/carla-ros-bridge/install/carla_ad_agent:/home/fibo4/carla-ros-bridge/install/ros_compatibility:/home/fibo4/carla-ros-bridge/install/carla_walker_agent:/home/fibo4/carla-ros-bridge/install/carla_twist_to_control:/home/fibo4/carla-ros-bridge/install/carla_ros_scenario_runner:/home/fibo4/carla-ros-bridge/install/carla_common:/opt/ros/humble /usr/bin/cmake --build /home/fibo4/open_topic_6523_ws/build/carla_mapping -- -j16 -l16
[5.467s] DEBUG:colcon.colcon_core.event_handler.log_command:Invoked command in '/home/fibo4/open_topic_6523_ws/build/carla_mapping' returned '0': CMAKE_PREFIX_PATH=${CMAKE_PREFIX_PATH}:/home/fibo4/autoware/install/autoware_carla_interface:/home/fibo4/autoware/install/rqt_carla_control:/home/fibo4/autoware/install/carla_waypoint_publisher:/home/fibo4/autoware/install/carla_ackermann_control:/home/fibo4/autoware/install/carla_ros_bridge:/home/fibo4/autoware/install/carla_spawn_objects:/home/fibo4/autoware/install/carla_manual_control:/home/fibo4/autoware/install/carla_ad_agent:/home/fibo4/autoware/install/ros_compatibility:/home/fibo4/autoware/install/carla_walker_agent:/home/fibo4/autoware/install/carla_twist_to_control:/home/fibo4/autoware/install/carla_tesla_model3_description:/home/fibo4/autoware/install/carla_ros_scenario_runner:/home/fibo4/autoware/install/carla_common:/home/fibo4/autoware/install/carla_autoware_bridge:/home/fibo4/autoware/install/ad_api_visualizers:/home/fibo4/carla-ros-bridge/install/rqt_carla_control:/home/fibo4/carla-ros-bridge/install/carla_waypoint_publisher:/home/fibo4/carla-ros-bridge/install/carla_ackermann_control:/home/fibo4/carla-ros-bridge/install/carla_ros_bridge:/home/fibo4/carla-ros-bridge/install/carla_spawn_objects:/home/fibo4/carla-ros-bridge/install/carla_manual_control:/home/fibo4/carla-ros-bridge/install/carla_ad_agent:/home/fibo4/carla-ros-bridge/install/ros_compatibility:/home/fibo4/carla-ros-bridge/install/carla_walker_agent:/home/fibo4/carla-ros-bridge/install/carla_twist_to_control:/home/fibo4/carla-ros-bridge/install/carla_ros_scenario_runner:/home/fibo4/carla-ros-bridge/install/carla_common:/opt/ros/humble /usr/bin/cmake --build /home/fibo4/open_topic_6523_ws/build/carla_mapping -- -j16 -l16
[5.492s] DEBUG:colcon.colcon_core.event_handler.log_command:Invoking command in '/home/fibo4/open_topic_6523_ws/build/carla_mapping': CMAKE_PREFIX_PATH=${CMAKE_PREFIX_PATH}:/home/fibo4/autoware/install/autoware_carla_interface:/home/fibo4/autoware/install/rqt_carla_control:/home/fibo4/autoware/install/carla_waypoint_publisher:/home/fibo4/autoware/install/carla_ackermann_control:/home/fibo4/autoware/install/carla_ros_bridge:/home/fibo4/autoware/install/carla_spawn_objects:/home/fibo4/autoware/install/carla_manual_control:/home/fibo4/autoware/install/carla_ad_agent:/home/fibo4/autoware/install/ros_compatibility:/home/fibo4/autoware/install/carla_walker_agent:/home/fibo4/autoware/install/carla_twist_to_control:/home/fibo4/autoware/install/carla_tesla_model3_description:/home/fibo4/autoware/install/carla_ros_scenario_runner:/home/fibo4/autoware/install/carla_common:/home/fibo4/autoware/install/carla_autoware_bridge:/home/fibo4/autoware/install/ad_api_visualizers:/home/fibo4/carla-ros-bridge/install/rqt_carla_control:/home/fibo4/carla-ros-bridge/install/carla_waypoint_publisher:/home/fibo4/carla-ros-bridge/install/carla_ackermann_control:/home/fibo4/carla-ros-bridge/install/carla_ros_bridge:/home/fibo4/carla-ros-bridge/install/carla_spawn_objects:/home/fibo4/carla-ros-bridge/install/carla_manual_control:/home/fibo4/carla-ros-bridge/install/carla_ad_agent:/home/fibo4/carla-ros-bridge/install/ros_compatibility:/home/fibo4/carla-ros-bridge/install/carla_walker_agent:/home/fibo4/carla-ros-bridge/install/carla_twist_to_control:/home/fibo4/carla-ros-bridge/install/carla_ros_scenario_runner:/home/fibo4/carla-ros-bridge/install/carla_common:/opt/ros/humble /usr/bin/cmake --install /home/fibo4/open_topic_6523_ws/build/carla_mapping
[6.410s] Level 1:colcon.colcon_core.environment:create_environment_scripts_only(carla_mapping)
[6.411s] DEBUG:colcon.colcon_core.event_handler.log_command:Invoked command in '/home/fibo4/open_topic_6523_ws/build/carla_mapping' returned '0': CMAKE_PREFIX_PATH=${CMAKE_PREFIX_PATH}:/home/fibo4/autoware/install/autoware_carla_interface:/home/fibo4/autoware/install/rqt_carla_control:/home/fibo4/autoware/install/carla_waypoint_publisher:/home/fibo4/autoware/install/carla_ackermann_control:/home/fibo4/autoware/install/carla_ros_bridge:/home/fibo4/autoware/install/carla_spawn_objects:/home/fibo4/autoware/install/carla_manual_control:/home/fibo4/autoware/install/carla_ad_agent:/home/fibo4/autoware/install/ros_compatibility:/home/fibo4/autoware/install/carla_walker_agent:/home/fibo4/autoware/install/carla_twist_to_control:/home/fibo4/autoware/install/carla_tesla_model3_description:/home/fibo4/autoware/install/carla_ros_scenario_runner:/home/fibo4/autoware/install/carla_common:/home/fibo4/autoware/install/carla_autoware_bridge:/home/fibo4/autoware/install/ad_api_visualizers:/home/fibo4/carla-ros-bridge/install/rqt_carla_control:/home/fibo4/carla-ros-bridge/install/carla_waypoint_publisher:/home/fibo4/carla-ros-bridge/install/carla_ackermann_control:/home/fibo4/carla-ros-bridge/install/carla_ros_bridge:/home/fibo4/carla-ros-bridge/install/carla_spawn_objects:/home/fibo4/carla-ros-bridge/install/carla_manual_control:/home/fibo4/carla-ros-bridge/install/carla_ad_agent:/home/fibo4/carla-ros-bridge/install/ros_compatibility:/home/fibo4/carla-ros-bridge/install/carla_walker_agent:/home/fibo4/carla-ros-bridge/install/carla_twist_to_control:/home/fibo4/carla-ros-bridge/install/carla_ros_scenario_runner:/home/fibo4/carla-ros-bridge/install/carla_common:/opt/ros/humble /usr/bin/cmake --install /home/fibo4/open_topic_6523_ws/build/carla_mapping
[6.416s] Level 1:colcon.colcon_core.environment:checking '/home/fibo4/open_topic_6523_ws/install/carla_mapping' for CMake module files
[6.417s] Level 1:colcon.colcon_core.environment:checking '/home/fibo4/open_topic_6523_ws/install/carla_mapping' for CMake config files
[6.417s] Level 1:colcon.colcon_core.shell:create_environment_hook('carla_mapping', 'cmake_prefix_path')
[6.418s] INFO:colcon.colcon_core.shell:Creating environment hook '/home/fibo4/open_topic_6523_ws/install/carla_mapping/share/carla_mapping/hook/cmake_prefix_path.ps1'
[6.419s] INFO:colcon.colcon_core.shell:Creating environment descriptor '/home/fibo4/open_topic_6523_ws/install/carla_mapping/share/carla_mapping/hook/cmake_prefix_path.dsv'
[6.420s] INFO:colcon.colcon_core.shell:Creating environment hook '/home/fibo4/open_topic_6523_ws/install/carla_mapping/share/carla_mapping/hook/cmake_prefix_path.sh'
[6.421s] Level 1:colcon.colcon_core.environment:checking '/home/fibo4/open_topic_6523_ws/install/carla_mapping/lib'
[6.421s] Level 1:colcon.colcon_core.environment:checking '/home/fibo4/open_topic_6523_ws/install/carla_mapping/bin'
[6.421s] Level 1:colcon.colcon_core.environment:checking '/home/fibo4/open_topic_6523_ws/install/carla_mapping/lib/pkgconfig/carla_mapping.pc'
[6.421s] Level 1:colcon.colcon_core.environment:checking '/home/fibo4/open_topic_6523_ws/install/carla_mapping/lib/python3.10/site-packages'
[6.421s] Level 1:colcon.colcon_core.environment:checking '/home/fibo4/open_topic_6523_ws/install/carla_mapping/bin'
[6.422s] INFO:colcon.colcon_core.shell:Creating package script '/home/fibo4/open_topic_6523_ws/install/carla_mapping/share/carla_mapping/package.ps1'
[6.422s] INFO:colcon.colcon_core.shell:Creating package descriptor '/home/fibo4/open_topic_6523_ws/install/carla_mapping/share/carla_mapping/package.dsv'
[6.423s] INFO:colcon.colcon_core.shell:Creating package script '/home/fibo4/open_topic_6523_ws/install/carla_mapping/share/carla_mapping/package.sh'
[6.423s] INFO:colcon.colcon_core.shell:Creating package script '/home/fibo4/open_topic_6523_ws/install/carla_mapping/share/carla_mapping/package.bash'
[6.424s] INFO:colcon.colcon_core.shell:Creating package script '/home/fibo4/open_topic_6523_ws/install/carla_mapping/share/carla_mapping/package.zsh'
[6.425s] Level 1:colcon.colcon_core.environment:create_file_with_runtime_dependencies(/home/fibo4/open_topic_6523_ws/install/carla_mapping/share/colcon-core/packages/carla_mapping)
[6.425s] Level 1:colcon.colcon_core.environment:create_environment_scripts_only(carla_mapping)
[6.425s] Level 1:colcon.colcon_core.environment:checking '/home/fibo4/open_topic_6523_ws/install/carla_mapping' for CMake module files
[6.425s] Level 1:colcon.colcon_core.environment:checking '/home/fibo4/open_topic_6523_ws/install/carla_mapping' for CMake config files
[6.426s] Level 1:colcon.colcon_core.shell:create_environment_hook('carla_mapping', 'cmake_prefix_path')
[6.426s] INFO:colcon.colcon_core.shell:Creating environment hook '/home/fibo4/open_topic_6523_ws/install/carla_mapping/share/carla_mapping/hook/cmake_prefix_path.ps1'
[6.426s] INFO:colcon.colcon_core.shell:Creating environment descriptor '/home/fibo4/open_topic_6523_ws/install/carla_mapping/share/carla_mapping/hook/cmake_prefix_path.dsv'
[6.426s] INFO:colcon.colcon_core.shell:Creating environment hook '/home/fibo4/open_topic_6523_ws/install/carla_mapping/share/carla_mapping/hook/cmake_prefix_path.sh'
[6.427s] Level 1:colcon.colcon_core.environment:checking '/home/fibo4/open_topic_6523_ws/install/carla_mapping/lib'
[6.427s] Level 1:colcon.colcon_core.environment:checking '/home/fibo4/open_topic_6523_ws/install/carla_mapping/bin'
[6.427s] Level 1:colcon.colcon_core.environment:checking '/home/fibo4/open_topic_6523_ws/install/carla_mapping/lib/pkgconfig/carla_mapping.pc'
[6.427s] Level 1:colcon.colcon_core.environment:checking '/home/fibo4/open_topic_6523_ws/install/carla_mapping/lib/python3.10/site-packages'
[6.427s] Level 1:colcon.colcon_core.environment:checking '/home/fibo4/open_topic_6523_ws/install/carla_mapping/bin'
[6.427s] INFO:colcon.colcon_core.shell:Creating package script '/home/fibo4/open_topic_6523_ws/install/carla_mapping/share/carla_mapping/package.ps1'
[6.427s] INFO:colcon.colcon_core.shell:Creating package descriptor '/home/fibo4/open_topic_6523_ws/install/carla_mapping/share/carla_mapping/package.dsv'
[6.428s] INFO:colcon.colcon_core.shell:Creating package script '/home/fibo4/open_topic_6523_ws/install/carla_mapping/share/carla_mapping/package.sh'
[6.428s] INFO:colcon.colcon_core.shell:Creating package script '/home/fibo4/open_topic_6523_ws/install/carla_mapping/share/carla_mapping/package.bash'
[6.428s] INFO:colcon.colcon_core.shell:Creating package script '/home/fibo4/open_topic_6523_ws/install/carla_mapping/share/carla_mapping/package.zsh'
[6.428s] Level 1:colcon.colcon_core.environment:create_file_with_runtime_dependencies(/home/fibo4/open_topic_6523_ws/install/carla_mapping/share/colcon-core/packages/carla_mapping)
[16.902s] DEBUG:colcon.colcon_core.event_handler.log_command:Invoked command in '/home/fibo4/open_topic_6523_ws/build/lio_sam' returned '0': CMAKE_PREFIX_PATH=${CMAKE_PREFIX_PATH}:/home/fibo4/autoware/install/autoware_carla_interface:/home/fibo4/autoware/install/rqt_carla_control:/home/fibo4/autoware/install/carla_waypoint_publisher:/home/fibo4/autoware/install/carla_ackermann_control:/home/fibo4/autoware/install/carla_ros_bridge:/home/fibo4/autoware/install/carla_spawn_objects:/home/fibo4/autoware/install/carla_manual_control:/home/fibo4/autoware/install/carla_ad_agent:/home/fibo4/autoware/install/ros_compatibility:/home/fibo4/autoware/install/carla_walker_agent:/home/fibo4/autoware/install/carla_twist_to_control:/home/fibo4/autoware/install/carla_tesla_model3_description:/home/fibo4/autoware/install/carla_ros_scenario_runner:/home/fibo4/autoware/install/carla_common:/home/fibo4/autoware/install/carla_autoware_bridge:/home/fibo4/autoware/install/ad_api_visualizers:/home/fibo4/carla-ros-bridge/install/rqt_carla_control:/home/fibo4/carla-ros-bridge/install/carla_waypoint_publisher:/home/fibo4/carla-ros-bridge/install/carla_ackermann_control:/home/fibo4/carla-ros-bridge/install/carla_ros_bridge:/home/fibo4/carla-ros-bridge/install/carla_spawn_objects:/home/fibo4/carla-ros-bridge/install/carla_manual_control:/home/fibo4/carla-ros-bridge/install/carla_ad_agent:/home/fibo4/carla-ros-bridge/install/ros_compatibility:/home/fibo4/carla-ros-bridge/install/carla_walker_agent:/home/fibo4/carla-ros-bridge/install/carla_twist_to_control:/home/fibo4/carla-ros-bridge/install/carla_ros_scenario_runner:/home/fibo4/carla-ros-bridge/install/carla_common:/opt/ros/humble /usr/bin/cmake /home/fibo4/open_topic_6523_ws/src/LIO-SAM -DCMAKE_BUILD_TYPE=Release -DAMENT_CMAKE_SYMLINK_INSTALL=1 -DCMAKE_INSTALL_PREFIX=/home/fibo4/open_topic_6523_ws/install/lio_sam
[16.903s] DEBUG:colcon.colcon_core.event_handler.log_command:Invoking command in '/home/fibo4/open_topic_6523_ws/build/lio_sam': CMAKE_PREFIX_PATH=${CMAKE_PREFIX_PATH}:/home/fibo4/autoware/install/autoware_carla_interface:/home/fibo4/autoware/install/rqt_carla_control:/home/fibo4/autoware/install/carla_waypoint_publisher:/home/fibo4/autoware/install/carla_ackermann_control:/home/fibo4/autoware/install/carla_ros_bridge:/home/fibo4/autoware/install/carla_spawn_objects:/home/fibo4/autoware/install/carla_manual_control:/home/fibo4/autoware/install/carla_ad_agent:/home/fibo4/autoware/install/ros_compatibility:/home/fibo4/autoware/install/carla_walker_agent:/home/fibo4/autoware/install/carla_twist_to_control:/home/fibo4/autoware/install/carla_tesla_model3_description:/home/fibo4/autoware/install/carla_ros_scenario_runner:/home/fibo4/autoware/install/carla_common:/home/fibo4/autoware/install/carla_autoware_bridge:/home/fibo4/autoware/install/ad_api_visualizers:/home/fibo4/carla-ros-bridge/install/rqt_carla_control:/home/fibo4/carla-ros-bridge/install/carla_waypoint_publisher:/home/fibo4/carla-ros-bridge/install/carla_ackermann_control:/home/fibo4/carla-ros-bridge/install/carla_ros_bridge:/home/fibo4/carla-ros-bridge/install/carla_spawn_objects:/home/fibo4/carla-ros-bridge/install/carla_manual_control:/home/fibo4/carla-ros-bridge/install/carla_ad_agent:/home/fibo4/carla-ros-bridge/install/ros_compatibility:/home/fibo4/carla-ros-bridge/install/carla_walker_agent:/home/fibo4/carla-ros-bridge/install/carla_twist_to_control:/home/fibo4/carla-ros-bridge/install/carla_ros_scenario_runner:/home/fibo4/carla-ros-bridge/install/carla_common:/opt/ros/humble /usr/bin/cmake --build /home/fibo4/open_topic_6523_ws/build/lio_sam -- -j16 -l16
[557.335s] DEBUG:colcon.colcon_core.event_handler.log_command:Invoked command in '/home/fibo4/open_topic_6523_ws/build/lio_sam' returned '0': CMAKE_PREFIX_PATH=${CMAKE_PREFIX_PATH}:/home/fibo4/autoware/install/autoware_carla_interface:/home/fibo4/autoware/install/rqt_carla_control:/home/fibo4/autoware/install/carla_waypoint_publisher:/home/fibo4/autoware/install/carla_ackermann_control:/home/fibo4/autoware/install/carla_ros_bridge:/home/fibo4/autoware/install/carla_spawn_objects:/home/fibo4/autoware/install/carla_manual_control:/home/fibo4/autoware/install/carla_ad_agent:/home/fibo4/autoware/install/ros_compatibility:/home/fibo4/autoware/install/carla_walker_agent:/home/fibo4/autoware/install/carla_twist_to_control:/home/fibo4/autoware/install/carla_tesla_model3_description:/home/fibo4/autoware/install/carla_ros_scenario_runner:/home/fibo4/autoware/install/carla_common:/home/fibo4/autoware/install/carla_autoware_bridge:/home/fibo4/autoware/install/ad_api_visualizers:/home/fibo4/carla-ros-bridge/install/rqt_carla_control:/home/fibo4/carla-ros-bridge/install/carla_waypoint_publisher:/home/fibo4/carla-ros-bridge/install/carla_ackermann_control:/home/fibo4/carla-ros-bridge/install/carla_ros_bridge:/home/fibo4/carla-ros-bridge/install/carla_spawn_objects:/home/fibo4/carla-ros-bridge/install/carla_manual_control:/home/fibo4/carla-ros-bridge/install/carla_ad_agent:/home/fibo4/carla-ros-bridge/install/ros_compatibility:/home/fibo4/carla-ros-bridge/install/carla_walker_agent:/home/fibo4/carla-ros-bridge/install/carla_twist_to_control:/home/fibo4/carla-ros-bridge/install/carla_ros_scenario_runner:/home/fibo4/carla-ros-bridge/install/carla_common:/opt/ros/humble /usr/bin/cmake --build /home/fibo4/open_topic_6523_ws/build/lio_sam -- -j16 -l16
[557.337s] DEBUG:colcon.colcon_core.event_handler.log_command:Invoking command in '/home/fibo4/open_topic_6523_ws/build/lio_sam': CMAKE_PREFIX_PATH=${CMAKE_PREFIX_PATH}:/home/fibo4/autoware/install/autoware_carla_interface:/home/fibo4/autoware/install/rqt_carla_control:/home/fibo4/autoware/install/carla_waypoint_publisher:/home/fibo4/autoware/install/carla_ackermann_control:/home/fibo4/autoware/install/carla_ros_bridge:/home/fibo4/autoware/install/carla_spawn_objects:/home/fibo4/autoware/install/carla_manual_control:/home/fibo4/autoware/install/carla_ad_agent:/home/fibo4/autoware/install/ros_compatibility:/home/fibo4/autoware/install/carla_walker_agent:/home/fibo4/autoware/install/carla_twist_to_control:/home/fibo4/autoware/install/carla_tesla_model3_description:/home/fibo4/autoware/install/carla_ros_scenario_runner:/home/fibo4/autoware/install/carla_common:/home/fibo4/autoware/install/carla_autoware_bridge:/home/fibo4/autoware/install/ad_api_visualizers:/home/fibo4/carla-ros-bridge/install/rqt_carla_control:/home/fibo4/carla-ros-bridge/install/carla_waypoint_publisher:/home/fibo4/carla-ros-bridge/install/carla_ackermann_control:/home/fibo4/carla-ros-bridge/install/carla_ros_bridge:/home/fibo4/carla-ros-bridge/install/carla_spawn_objects:/home/fibo4/carla-ros-bridge/install/carla_manual_control:/home/fibo4/carla-ros-bridge/install/carla_ad_agent:/home/fibo4/carla-ros-bridge/install/ros_compatibility:/home/fibo4/carla-ros-bridge/install/carla_walker_agent:/home/fibo4/carla-ros-bridge/install/carla_twist_to_control:/home/fibo4/carla-ros-bridge/install/carla_ros_scenario_runner:/home/fibo4/carla-ros-bridge/install/carla_common:/opt/ros/humble /usr/bin/cmake --install /home/fibo4/open_topic_6523_ws/build/lio_sam
[559.721s] Level 1:colcon.colcon_core.environment:create_environment_scripts_only(lio_sam)
[559.721s] Level 1:colcon.colcon_core.environment:checking '/home/fibo4/open_topic_6523_ws/install/lio_sam' for CMake module files
[559.721s] DEBUG:colcon.colcon_core.event_handler.log_command:Invoked command in '/home/fibo4/open_topic_6523_ws/build/lio_sam' returned '0': CMAKE_PREFIX_PATH=${CMAKE_PREFIX_PATH}:/home/fibo4/autoware/install/autoware_carla_interface:/home/fibo4/autoware/install/rqt_carla_control:/home/fibo4/autoware/install/carla_waypoint_publisher:/home/fibo4/autoware/install/carla_ackermann_control:/home/fibo4/autoware/install/carla_ros_bridge:/home/fibo4/autoware/install/carla_spawn_objects:/home/fibo4/autoware/install/carla_manual_control:/home/fibo4/autoware/install/carla_ad_agent:/home/fibo4/autoware/install/ros_compatibility:/home/fibo4/autoware/install/carla_walker_agent:/home/fibo4/autoware/install/carla_twist_to_control:/home/fibo4/autoware/install/carla_tesla_model3_description:/home/fibo4/autoware/install/carla_ros_scenario_runner:/home/fibo4/autoware/install/carla_common:/home/fibo4/autoware/install/carla_autoware_bridge:/home/fibo4/autoware/install/ad_api_visualizers:/home/fibo4/carla-ros-bridge/install/rqt_carla_control:/home/fibo4/carla-ros-bridge/install/carla_waypoint_publisher:/home/fibo4/carla-ros-bridge/install/carla_ackermann_control:/home/fibo4/carla-ros-bridge/install/carla_ros_bridge:/home/fibo4/carla-ros-bridge/install/carla_spawn_objects:/home/fibo4/carla-ros-bridge/install/carla_manual_control:/home/fibo4/carla-ros-bridge/install/carla_ad_agent:/home/fibo4/carla-ros-bridge/install/ros_compatibility:/home/fibo4/carla-ros-bridge/install/carla_walker_agent:/home/fibo4/carla-ros-bridge/install/carla_twist_to_control:/home/fibo4/carla-ros-bridge/install/carla_ros_scenario_runner:/home/fibo4/carla-ros-bridge/install/carla_common:/opt/ros/humble /usr/bin/cmake --install /home/fibo4/open_topic_6523_ws/build/lio_sam
[559.722s] Level 1:colcon.colcon_core.environment:checking '/home/fibo4/open_topic_6523_ws/install/lio_sam' for CMake config files
[559.722s] Level 1:colcon.colcon_core.shell:create_environment_hook('lio_sam', 'cmake_prefix_path')
[559.722s] INFO:colcon.colcon_core.shell:Creating environment hook '/home/fibo4/open_topic_6523_ws/install/lio_sam/share/lio_sam/hook/cmake_prefix_path.ps1'
[559.723s] INFO:colcon.colcon_core.shell:Creating environment descriptor '/home/fibo4/open_topic_6523_ws/install/lio_sam/share/lio_sam/hook/cmake_prefix_path.dsv'
[559.724s] INFO:colcon.colcon_core.shell:Creating environment hook '/home/fibo4/open_topic_6523_ws/install/lio_sam/share/lio_sam/hook/cmake_prefix_path.sh'
[559.724s] Level 1:colcon.colcon_core.environment:checking '/home/fibo4/open_topic_6523_ws/install/lio_sam/lib'
[559.724s] Level 1:colcon.colcon_core.shell:create_environment_hook('lio_sam', 'ld_library_path_lib')
[559.724s] INFO:colcon.colcon_core.shell:Creating environment hook '/home/fibo4/open_topic_6523_ws/install/lio_sam/share/lio_sam/hook/ld_library_path_lib.ps1'
[559.724s] INFO:colcon.colcon_core.shell:Creating environment descriptor '/home/fibo4/open_topic_6523_ws/install/lio_sam/share/lio_sam/hook/ld_library_path_lib.dsv'
[559.725s] INFO:colcon.colcon_core.shell:Creating environment hook '/home/fibo4/open_topic_6523_ws/install/lio_sam/share/lio_sam/hook/ld_library_path_lib.sh'
[559.725s] Level 1:colcon.colcon_core.environment:checking '/home/fibo4/open_topic_6523_ws/install/lio_sam/bin'
[559.725s] Level 1:colcon.colcon_core.environment:checking '/home/fibo4/open_topic_6523_ws/install/lio_sam/lib/pkgconfig/lio_sam.pc'
[559.725s] Level 1:colcon.colcon_core.environment:checking '/home/fibo4/open_topic_6523_ws/install/lio_sam/lib/python3.10/site-packages'
[559.725s] Level 1:colcon.colcon_core.environment:checking '/home/fibo4/open_topic_6523_ws/install/lio_sam/bin'
[559.725s] INFO:colcon.colcon_core.shell:Creating package script '/home/fibo4/open_topic_6523_ws/install/lio_sam/share/lio_sam/package.ps1'
[559.726s] INFO:colcon.colcon_core.shell:Creating package descriptor '/home/fibo4/open_topic_6523_ws/install/lio_sam/share/lio_sam/package.dsv'
[559.726s] INFO:colcon.colcon_core.shell:Creating package script '/home/fibo4/open_topic_6523_ws/install/lio_sam/share/lio_sam/package.sh'
[559.726s] INFO:colcon.colcon_core.shell:Creating package script '/home/fibo4/open_topic_6523_ws/install/lio_sam/share/lio_sam/package.bash'
[559.727s] INFO:colcon.colcon_core.shell:Creating package script '/home/fibo4/open_topic_6523_ws/install/lio_sam/share/lio_sam/package.zsh'
[559.727s] Level 1:colcon.colcon_core.environment:create_file_with_runtime_dependencies(/home/fibo4/open_topic_6523_ws/install/lio_sam/share/colcon-core/packages/lio_sam)
[559.727s] Level 1:colcon.colcon_core.environment:create_environment_scripts_only(lio_sam)
[559.728s] Level 1:colcon.colcon_core.environment:checking '/home/fibo4/open_topic_6523_ws/install/lio_sam' for CMake module files
[559.728s] Level 1:colcon.colcon_core.environment:checking '/home/fibo4/open_topic_6523_ws/install/lio_sam' for CMake config files
[559.728s] Level 1:colcon.colcon_core.shell:create_environment_hook('lio_sam', 'cmake_prefix_path')
[559.728s] INFO:colcon.colcon_core.shell:Creating environment hook '/home/fibo4/open_topic_6523_ws/install/lio_sam/share/lio_sam/hook/cmake_prefix_path.ps1'
[559.728s] INFO:colcon.colcon_core.shell:Creating environment descriptor '/home/fibo4/open_topic_6523_ws/install/lio_sam/share/lio_sam/hook/cmake_prefix_path.dsv'
[559.729s] INFO:colcon.colcon_core.shell:Creating environment hook '/home/fibo4/open_topic_6523_ws/install/lio_sam/share/lio_sam/hook/cmake_prefix_path.sh'
[559.729s] Level 1:colcon.colcon_core.environment:checking '/home/fibo4/open_topic_6523_ws/install/lio_sam/lib'
[559.729s] Level 1:colcon.colcon_core.shell:create_environment_hook('lio_sam', 'ld_library_path_lib')
[559.729s] INFO:colcon.colcon_core.shell:Creating environment hook '/home/fibo4/open_topic_6523_ws/install/lio_sam/share/lio_sam/hook/ld_library_path_lib.ps1'
[559.729s] INFO:colcon.colcon_core.shell:Creating environment descriptor '/home/fibo4/open_topic_6523_ws/install/lio_sam/share/lio_sam/hook/ld_library_path_lib.dsv'
[559.729s] INFO:colcon.colcon_core.shell:Creating environment hook '/home/fibo4/open_topic_6523_ws/install/lio_sam/share/lio_sam/hook/ld_library_path_lib.sh'
[559.730s] Level 1:colcon.colcon_core.environment:checking '/home/fibo4/open_topic_6523_ws/install/lio_sam/bin'
[559.730s] Level 1:colcon.colcon_core.environment:checking '/home/fibo4/open_topic_6523_ws/install/lio_sam/lib/pkgconfig/lio_sam.pc'
[559.730s] Level 1:colcon.colcon_core.environment:checking '/home/fibo4/open_topic_6523_ws/install/lio_sam/lib/python3.10/site-packages'
[559.730s] Level 1:colcon.colcon_core.environment:checking '/home/fibo4/open_topic_6523_ws/install/lio_sam/bin'
[559.730s] INFO:colcon.colcon_core.shell:Creating package script '/home/fibo4/open_topic_6523_ws/install/lio_sam/share/lio_sam/package.ps1'
[559.730s] INFO:colcon.colcon_core.shell:Creating package descriptor '/home/fibo4/open_topic_6523_ws/install/lio_sam/share/lio_sam/package.dsv'
[559.731s] INFO:colcon.colcon_core.shell:Creating package script '/home/fibo4/open_topic_6523_ws/install/lio_sam/share/lio_sam/package.sh'
[559.731s] INFO:colcon.colcon_core.shell:Creating package script '/home/fibo4/open_topic_6523_ws/install/lio_sam/share/lio_sam/package.bash'
[559.731s] INFO:colcon.colcon_core.shell:Creating package script '/home/fibo4/open_topic_6523_ws/install/lio_sam/share/lio_sam/package.zsh'
[559.731s] Level 1:colcon.colcon_core.environment:create_file_with_runtime_dependencies(/home/fibo4/open_topic_6523_ws/install/lio_sam/share/colcon-core/packages/lio_sam)
[559.731s] DEBUG:colcon.colcon_parallel_executor.executor.parallel:closing loop
[559.732s] DEBUG:colcon.colcon_parallel_executor.executor.parallel:loop closed
[559.732s] DEBUG:colcon.colcon_parallel_executor.executor.parallel:run_until_complete finished with '0'
[559.732s] DEBUG:colcon.colcon_core.event_reactor:joining thread
[559.741s] INFO:colcon.colcon_core.plugin_system:Skipping extension 'colcon_notification.desktop_notification.terminal_notifier': Not used on non-Darwin systems
[559.741s] INFO:colcon.colcon_core.plugin_system:Skipping extension 'colcon_notification.desktop_notification.win32': Not used on non-Windows systems
[559.742s] INFO:colcon.colcon_notification.desktop_notification:Sending desktop notification using 'notify2'
[559.749s] DEBUG:colcon.colcon_core.event_reactor:joined thread
[559.749s] INFO:colcon.colcon_core.shell:Creating prefix script '/home/fibo4/open_topic_6523_ws/install/local_setup.ps1'
[559.749s] INFO:colcon.colcon_core.shell:Creating prefix util module '/home/fibo4/open_topic_6523_ws/install/_local_setup_util_ps1.py'
[559.750s] INFO:colcon.colcon_core.shell:Creating prefix chain script '/home/fibo4/open_topic_6523_ws/install/setup.ps1'
[559.767s] INFO:colcon.colcon_core.shell:Creating prefix script '/home/fibo4/open_topic_6523_ws/install/local_setup.sh'
[559.767s] INFO:colcon.colcon_core.shell:Creating prefix util module '/home/fibo4/open_topic_6523_ws/install/_local_setup_util_sh.py'
[559.767s] INFO:colcon.colcon_core.shell:Creating prefix chain script '/home/fibo4/open_topic_6523_ws/install/setup.sh'
[559.775s] INFO:colcon.colcon_core.shell:Creating prefix script '/home/fibo4/open_topic_6523_ws/install/local_setup.bash'
[559.775s] INFO:colcon.colcon_core.shell:Creating prefix chain script '/home/fibo4/open_topic_6523_ws/install/setup.bash'
[559.782s] INFO:colcon.colcon_core.shell:Creating prefix script '/home/fibo4/open_topic_6523_ws/install/local_setup.zsh'
[559.783s] INFO:colcon.colcon_core.shell:Creating prefix chain script '/home/fibo4/open_topic_6523_ws/install/setup.zsh'
