[0.043s] Invoking command in '/home/fibo4/open_topic_6523_ws/build/carla_mapping': CMAKE_PREFIX_PATH=${CMAKE_PREFIX_PATH}:/home/fibo4/autoware/install/autoware_carla_interface:/home/fibo4/autoware/install/rqt_carla_control:/home/fibo4/autoware/install/carla_waypoint_publisher:/home/fibo4/autoware/install/carla_ackermann_control:/home/fibo4/autoware/install/carla_ros_bridge:/home/fibo4/autoware/install/carla_spawn_objects:/home/fibo4/autoware/install/carla_manual_control:/home/fibo4/autoware/install/carla_ad_agent:/home/fibo4/autoware/install/ros_compatibility:/home/fibo4/autoware/install/carla_walker_agent:/home/fibo4/autoware/install/carla_twist_to_control:/home/fibo4/autoware/install/carla_tesla_model3_description:/home/fibo4/autoware/install/carla_ros_scenario_runner:/home/fibo4/autoware/install/carla_common:/home/fibo4/autoware/install/carla_autoware_bridge:/home/fibo4/autoware/install/ad_api_visualizers:/home/fibo4/carla-ros-bridge/install/rqt_carla_control:/home/fibo4/carla-ros-bridge/install/carla_waypoint_publisher:/home/fibo4/carla-ros-bridge/install/carla_ackermann_control:/home/fibo4/carla-ros-bridge/install/carla_ros_bridge:/home/fibo4/carla-ros-bridge/install/carla_spawn_objects:/home/fibo4/carla-ros-bridge/install/carla_manual_control:/home/fibo4/carla-ros-bridge/install/carla_ad_agent:/home/fibo4/carla-ros-bridge/install/ros_compatibility:/home/fibo4/carla-ros-bridge/install/carla_walker_agent:/home/fibo4/carla-ros-bridge/install/carla_twist_to_control:/home/fibo4/carla-ros-bridge/install/carla_ros_scenario_runner:/home/fibo4/carla-ros-bridge/install/carla_common:/opt/ros/humble /usr/bin/cmake /home/fibo4/open_topic_6523_ws/src/carla_mapping -DCMAKE_INSTALL_PREFIX=/home/fibo4/open_topic_6523_ws/install/carla_mapping
[0.207s] -- The C compiler identification is GNU 11.4.0
[0.308s] -- The CXX compiler identification is GNU 11.4.0
[0.326s] -- Detecting C compiler ABI info
[0.477s] -- Detecting C compiler ABI info - done
[0.482s] -- Check for working C compiler: /usr/lib/ccache/gcc - skipped
[0.482s] -- Detecting C compile features
[0.482s] -- Detecting C compile features - done
[0.484s] -- Detecting CXX compiler ABI info
[0.643s] -- Detecting CXX compiler ABI info - done
[0.648s] -- Check for working CXX compiler: /usr/lib/ccache/g++ - skipped
[0.648s] -- Detecting CXX compile features
[0.649s] -- Detecting CXX compile features - done
[0.732s] -- Found ament_cmake: 1.3.11 (/opt/ros/humble/share/ament_cmake/cmake)
[1.105s] -- Found Python3: /usr/bin/python3 (found version "3.10.12") found components: Interpreter 
[1.558s] -- Found rclcpp: 16.0.11 (/opt/ros/humble/share/rclcpp/cmake)
[1.849s] -- Found rosidl_generator_c: 3.1.6 (/opt/ros/humble/share/rosidl_generator_c/cmake)
[1.898s] -- Found rosidl_adapter: 3.1.6 (/opt/ros/humble/share/rosidl_adapter/cmake)
[1.949s] -- Found rosidl_generator_cpp: 3.1.6 (/opt/ros/humble/share/rosidl_generator_cpp/cmake)
[2.046s] -- Using all available rosidl_typesupport_c: rosidl_typesupport_fastrtps_c;rosidl_typesupport_introspection_c
[2.161s] -- Using all available rosidl_typesupport_cpp: rosidl_typesupport_fastrtps_cpp;rosidl_typesupport_introspection_cpp
[2.455s] -- Found rmw_implementation_cmake: 6.1.2 (/opt/ros/humble/share/rmw_implementation_cmake/cmake)
[2.510s] -- Found rmw_cyclonedds_cpp: 1.3.4 (/opt/ros/humble/share/rmw_cyclonedds_cpp/cmake)
[2.705s] -- Using RMW implementation 'rmw_cyclonedds_cpp' as default
[2.784s] -- Looking for pthread.h
[3.004s] -- Looking for pthread.h - found
[3.004s] -- Performing Test CMAKE_HAVE_LIBC_PTHREAD
[3.208s] -- Performing Test CMAKE_HAVE_LIBC_PTHREAD - Success
[3.209s] -- Found Threads: TRUE  
[3.372s] -- Found rclpy: 3.3.15 (/opt/ros/humble/share/rclpy/cmake)
[3.646s] -- Configuring done
[3.655s] -- Generating done
[3.658s] -- Build files have been written to: /home/fibo4/open_topic_6523_ws/build/carla_mapping
[3.666s] Invoked command in '/home/fibo4/open_topic_6523_ws/build/carla_mapping' returned '0': CMAKE_PREFIX_PATH=${CMAKE_PREFIX_PATH}:/home/fibo4/autoware/install/autoware_carla_interface:/home/fibo4/autoware/install/rqt_carla_control:/home/fibo4/autoware/install/carla_waypoint_publisher:/home/fibo4/autoware/install/carla_ackermann_control:/home/fibo4/autoware/install/carla_ros_bridge:/home/fibo4/autoware/install/carla_spawn_objects:/home/fibo4/autoware/install/carla_manual_control:/home/fibo4/autoware/install/carla_ad_agent:/home/fibo4/autoware/install/ros_compatibility:/home/fibo4/autoware/install/carla_walker_agent:/home/fibo4/autoware/install/carla_twist_to_control:/home/fibo4/autoware/install/carla_tesla_model3_description:/home/fibo4/autoware/install/carla_ros_scenario_runner:/home/fibo4/autoware/install/carla_common:/home/fibo4/autoware/install/carla_autoware_bridge:/home/fibo4/autoware/install/ad_api_visualizers:/home/fibo4/carla-ros-bridge/install/rqt_carla_control:/home/fibo4/carla-ros-bridge/install/carla_waypoint_publisher:/home/fibo4/carla-ros-bridge/install/carla_ackermann_control:/home/fibo4/carla-ros-bridge/install/carla_ros_bridge:/home/fibo4/carla-ros-bridge/install/carla_spawn_objects:/home/fibo4/carla-ros-bridge/install/carla_manual_control:/home/fibo4/carla-ros-bridge/install/carla_ad_agent:/home/fibo4/carla-ros-bridge/install/ros_compatibility:/home/fibo4/carla-ros-bridge/install/carla_walker_agent:/home/fibo4/carla-ros-bridge/install/carla_twist_to_control:/home/fibo4/carla-ros-bridge/install/carla_ros_scenario_runner:/home/fibo4/carla-ros-bridge/install/carla_common:/opt/ros/humble /usr/bin/cmake /home/fibo4/open_topic_6523_ws/src/carla_mapping -DCMAKE_INSTALL_PREFIX=/home/fibo4/open_topic_6523_ws/install/carla_mapping
[3.668s] Invoking command in '/home/fibo4/open_topic_6523_ws/build/carla_mapping': CMAKE_PREFIX_PATH=${CMAKE_PREFIX_PATH}:/home/fibo4/autoware/install/autoware_carla_interface:/home/fibo4/autoware/install/rqt_carla_control:/home/fibo4/autoware/install/carla_waypoint_publisher:/home/fibo4/autoware/install/carla_ackermann_control:/home/fibo4/autoware/install/carla_ros_bridge:/home/fibo4/autoware/install/carla_spawn_objects:/home/fibo4/autoware/install/carla_manual_control:/home/fibo4/autoware/install/carla_ad_agent:/home/fibo4/autoware/install/ros_compatibility:/home/fibo4/autoware/install/carla_walker_agent:/home/fibo4/autoware/install/carla_twist_to_control:/home/fibo4/autoware/install/carla_tesla_model3_description:/home/fibo4/autoware/install/carla_ros_scenario_runner:/home/fibo4/autoware/install/carla_common:/home/fibo4/autoware/install/carla_autoware_bridge:/home/fibo4/autoware/install/ad_api_visualizers:/home/fibo4/carla-ros-bridge/install/rqt_carla_control:/home/fibo4/carla-ros-bridge/install/carla_waypoint_publisher:/home/fibo4/carla-ros-bridge/install/carla_ackermann_control:/home/fibo4/carla-ros-bridge/install/carla_ros_bridge:/home/fibo4/carla-ros-bridge/install/carla_spawn_objects:/home/fibo4/carla-ros-bridge/install/carla_manual_control:/home/fibo4/carla-ros-bridge/install/carla_ad_agent:/home/fibo4/carla-ros-bridge/install/ros_compatibility:/home/fibo4/carla-ros-bridge/install/carla_walker_agent:/home/fibo4/carla-ros-bridge/install/carla_twist_to_control:/home/fibo4/carla-ros-bridge/install/carla_ros_scenario_runner:/home/fibo4/carla-ros-bridge/install/carla_common:/opt/ros/humble /usr/bin/cmake --build /home/fibo4/open_topic_6523_ws/build/carla_mapping -- -j16 -l16
[3.820s] [ 50%] [32mBuilding CXX object CMakeFiles/cpp_node_test.dir/src/cpp_node.cpp.o[0m
[3.848s] [ 50%] Built target ament_cmake_python_copy_carla_mapping
[4.120s] [100%] [32m[1mLinking CXX executable cpp_node_test[0m
[4.194s] running egg_info
[4.195s] creating carla_mapping.egg-info
[4.195s] writing carla_mapping.egg-info/PKG-INFO
[4.195s] writing dependency_links to carla_mapping.egg-info/dependency_links.txt
[4.195s] writing top-level names to carla_mapping.egg-info/top_level.txt
[4.195s] writing manifest file 'carla_mapping.egg-info/SOURCES.txt'
[4.198s] reading manifest file 'carla_mapping.egg-info/SOURCES.txt'
[4.198s] writing manifest file 'carla_mapping.egg-info/SOURCES.txt'
[4.243s] [100%] Built target ament_cmake_python_build_carla_mapping_egg
[4.272s] [100%] Built target cpp_node_test
[4.295s] Invoked command in '/home/fibo4/open_topic_6523_ws/build/carla_mapping' returned '0': CMAKE_PREFIX_PATH=${CMAKE_PREFIX_PATH}:/home/fibo4/autoware/install/autoware_carla_interface:/home/fibo4/autoware/install/rqt_carla_control:/home/fibo4/autoware/install/carla_waypoint_publisher:/home/fibo4/autoware/install/carla_ackermann_control:/home/fibo4/autoware/install/carla_ros_bridge:/home/fibo4/autoware/install/carla_spawn_objects:/home/fibo4/autoware/install/carla_manual_control:/home/fibo4/autoware/install/carla_ad_agent:/home/fibo4/autoware/install/ros_compatibility:/home/fibo4/autoware/install/carla_walker_agent:/home/fibo4/autoware/install/carla_twist_to_control:/home/fibo4/autoware/install/carla_tesla_model3_description:/home/fibo4/autoware/install/carla_ros_scenario_runner:/home/fibo4/autoware/install/carla_common:/home/fibo4/autoware/install/carla_autoware_bridge:/home/fibo4/autoware/install/ad_api_visualizers:/home/fibo4/carla-ros-bridge/install/rqt_carla_control:/home/fibo4/carla-ros-bridge/install/carla_waypoint_publisher:/home/fibo4/carla-ros-bridge/install/carla_ackermann_control:/home/fibo4/carla-ros-bridge/install/carla_ros_bridge:/home/fibo4/carla-ros-bridge/install/carla_spawn_objects:/home/fibo4/carla-ros-bridge/install/carla_manual_control:/home/fibo4/carla-ros-bridge/install/carla_ad_agent:/home/fibo4/carla-ros-bridge/install/ros_compatibility:/home/fibo4/carla-ros-bridge/install/carla_walker_agent:/home/fibo4/carla-ros-bridge/install/carla_twist_to_control:/home/fibo4/carla-ros-bridge/install/carla_ros_scenario_runner:/home/fibo4/carla-ros-bridge/install/carla_common:/opt/ros/humble /usr/bin/cmake --build /home/fibo4/open_topic_6523_ws/build/carla_mapping -- -j16 -l16
[4.323s] Invoking command in '/home/fibo4/open_topic_6523_ws/build/carla_mapping': CMAKE_PREFIX_PATH=${CMAKE_PREFIX_PATH}:/home/fibo4/autoware/install/autoware_carla_interface:/home/fibo4/autoware/install/rqt_carla_control:/home/fibo4/autoware/install/carla_waypoint_publisher:/home/fibo4/autoware/install/carla_ackermann_control:/home/fibo4/autoware/install/carla_ros_bridge:/home/fibo4/autoware/install/carla_spawn_objects:/home/fibo4/autoware/install/carla_manual_control:/home/fibo4/autoware/install/carla_ad_agent:/home/fibo4/autoware/install/ros_compatibility:/home/fibo4/autoware/install/carla_walker_agent:/home/fibo4/autoware/install/carla_twist_to_control:/home/fibo4/autoware/install/carla_tesla_model3_description:/home/fibo4/autoware/install/carla_ros_scenario_runner:/home/fibo4/autoware/install/carla_common:/home/fibo4/autoware/install/carla_autoware_bridge:/home/fibo4/autoware/install/ad_api_visualizers:/home/fibo4/carla-ros-bridge/install/rqt_carla_control:/home/fibo4/carla-ros-bridge/install/carla_waypoint_publisher:/home/fibo4/carla-ros-bridge/install/carla_ackermann_control:/home/fibo4/carla-ros-bridge/install/carla_ros_bridge:/home/fibo4/carla-ros-bridge/install/carla_spawn_objects:/home/fibo4/carla-ros-bridge/install/carla_manual_control:/home/fibo4/carla-ros-bridge/install/carla_ad_agent:/home/fibo4/carla-ros-bridge/install/ros_compatibility:/home/fibo4/carla-ros-bridge/install/carla_walker_agent:/home/fibo4/carla-ros-bridge/install/carla_twist_to_control:/home/fibo4/carla-ros-bridge/install/carla_ros_scenario_runner:/home/fibo4/carla-ros-bridge/install/carla_common:/opt/ros/humble /usr/bin/cmake --install /home/fibo4/open_topic_6523_ws/build/carla_mapping
[4.344s] -- Install configuration: ""
[4.344s] -- Installing: /home/fibo4/open_topic_6523_ws/install/carla_mapping/share/carla_mapping/environment/pythonpath.sh
[4.345s] -- Installing: /home/fibo4/open_topic_6523_ws/install/carla_mapping/share/carla_mapping/environment/pythonpath.dsv
[4.345s] -- Installing: /home/fibo4/open_topic_6523_ws/install/carla_mapping/local/lib/python3.10/dist-packages/carla_mapping-0.0.0-py3.10.egg-info
[4.345s] -- Installing: /home/fibo4/open_topic_6523_ws/install/carla_mapping/local/lib/python3.10/dist-packages/carla_mapping-0.0.0-py3.10.egg-info/SOURCES.txt
[4.345s] -- Installing: /home/fibo4/open_topic_6523_ws/install/carla_mapping/local/lib/python3.10/dist-packages/carla_mapping-0.0.0-py3.10.egg-info/dependency_links.txt
[4.345s] -- Installing: /home/fibo4/open_topic_6523_ws/install/carla_mapping/local/lib/python3.10/dist-packages/carla_mapping-0.0.0-py3.10.egg-info/top_level.txt
[4.345s] -- Installing: /home/fibo4/open_topic_6523_ws/install/carla_mapping/local/lib/python3.10/dist-packages/carla_mapping-0.0.0-py3.10.egg-info/PKG-INFO
[4.345s] -- Installing: /home/fibo4/open_topic_6523_ws/install/carla_mapping/local/lib/python3.10/dist-packages/carla_mapping
[4.345s] -- Installing: /home/fibo4/open_topic_6523_ws/install/carla_mapping/local/lib/python3.10/dist-packages/carla_mapping/dummy_module.py
[4.345s] -- Installing: /home/fibo4/open_topic_6523_ws/install/carla_mapping/local/lib/python3.10/dist-packages/carla_mapping/__init__.py
[4.415s] Listing '/home/fibo4/open_topic_6523_ws/install/carla_mapping/local/lib/python3.10/dist-packages/carla_mapping'...
[4.415s] Compiling '/home/fibo4/open_topic_6523_ws/install/carla_mapping/local/lib/python3.10/dist-packages/carla_mapping/__init__.py'...
[4.415s] Compiling '/home/fibo4/open_topic_6523_ws/install/carla_mapping/local/lib/python3.10/dist-packages/carla_mapping/dummy_module.py'...
[4.419s] -- Installing: /home/fibo4/open_topic_6523_ws/install/carla_mapping/lib/carla_mapping/dummy_script.py
[4.419s] -- Installing: /home/fibo4/open_topic_6523_ws/install/carla_mapping/lib/carla_mapping/cpp_node_test
[4.419s] -- Set runtime path of "/home/fibo4/open_topic_6523_ws/install/carla_mapping/lib/carla_mapping/cpp_node_test" to ""
[4.419s] -- Up-to-date: /home/fibo4/open_topic_6523_ws/install/carla_mapping/share/carla_mapping
[4.419s] -- Installing: /home/fibo4/open_topic_6523_ws/install/carla_mapping/share/ament_index/resource_index/package_run_dependencies/carla_mapping
[4.419s] -- Installing: /home/fibo4/open_topic_6523_ws/install/carla_mapping/share/ament_index/resource_index/parent_prefix_path/carla_mapping
[4.419s] -- Installing: /home/fibo4/open_topic_6523_ws/install/carla_mapping/share/carla_mapping/environment/ament_prefix_path.sh
[4.419s] -- Installing: /home/fibo4/open_topic_6523_ws/install/carla_mapping/share/carla_mapping/environment/ament_prefix_path.dsv
[4.420s] -- Installing: /home/fibo4/open_topic_6523_ws/install/carla_mapping/share/carla_mapping/environment/path.sh
[4.420s] -- Installing: /home/fibo4/open_topic_6523_ws/install/carla_mapping/share/carla_mapping/environment/path.dsv
[4.420s] -- Installing: /home/fibo4/open_topic_6523_ws/install/carla_mapping/share/carla_mapping/local_setup.bash
[4.420s] -- Installing: /home/fibo4/open_topic_6523_ws/install/carla_mapping/share/carla_mapping/local_setup.sh
[4.420s] -- Installing: /home/fibo4/open_topic_6523_ws/install/carla_mapping/share/carla_mapping/local_setup.zsh
[4.420s] -- Installing: /home/fibo4/open_topic_6523_ws/install/carla_mapping/share/carla_mapping/local_setup.dsv
[4.420s] -- Installing: /home/fibo4/open_topic_6523_ws/install/carla_mapping/share/carla_mapping/package.dsv
[4.420s] -- Installing: /home/fibo4/open_topic_6523_ws/install/carla_mapping/share/ament_index/resource_index/packages/carla_mapping
[4.420s] -- Installing: /home/fibo4/open_topic_6523_ws/install/carla_mapping/share/carla_mapping/cmake/carla_mappingConfig.cmake
[4.420s] -- Installing: /home/fibo4/open_topic_6523_ws/install/carla_mapping/share/carla_mapping/cmake/carla_mappingConfig-version.cmake
[4.420s] -- Installing: /home/fibo4/open_topic_6523_ws/install/carla_mapping/share/carla_mapping/package.xml
[4.422s] Invoked command in '/home/fibo4/open_topic_6523_ws/build/carla_mapping' returned '0': CMAKE_PREFIX_PATH=${CMAKE_PREFIX_PATH}:/home/fibo4/autoware/install/autoware_carla_interface:/home/fibo4/autoware/install/rqt_carla_control:/home/fibo4/autoware/install/carla_waypoint_publisher:/home/fibo4/autoware/install/carla_ackermann_control:/home/fibo4/autoware/install/carla_ros_bridge:/home/fibo4/autoware/install/carla_spawn_objects:/home/fibo4/autoware/install/carla_manual_control:/home/fibo4/autoware/install/carla_ad_agent:/home/fibo4/autoware/install/ros_compatibility:/home/fibo4/autoware/install/carla_walker_agent:/home/fibo4/autoware/install/carla_twist_to_control:/home/fibo4/autoware/install/carla_tesla_model3_description:/home/fibo4/autoware/install/carla_ros_scenario_runner:/home/fibo4/autoware/install/carla_common:/home/fibo4/autoware/install/carla_autoware_bridge:/home/fibo4/autoware/install/ad_api_visualizers:/home/fibo4/carla-ros-bridge/install/rqt_carla_control:/home/fibo4/carla-ros-bridge/install/carla_waypoint_publisher:/home/fibo4/carla-ros-bridge/install/carla_ackermann_control:/home/fibo4/carla-ros-bridge/install/carla_ros_bridge:/home/fibo4/carla-ros-bridge/install/carla_spawn_objects:/home/fibo4/carla-ros-bridge/install/carla_manual_control:/home/fibo4/carla-ros-bridge/install/carla_ad_agent:/home/fibo4/carla-ros-bridge/install/ros_compatibility:/home/fibo4/carla-ros-bridge/install/carla_walker_agent:/home/fibo4/carla-ros-bridge/install/carla_twist_to_control:/home/fibo4/carla-ros-bridge/install/carla_ros_scenario_runner:/home/fibo4/carla-ros-bridge/install/carla_common:/opt/ros/humble /usr/bin/cmake --install /home/fibo4/open_topic_6523_ws/build/carla_mapping
