[0.109s] DEBUG:colcon:Command line arguments: ['/usr/bin/colcon', 'build', '--symlink-install', '--cmake-args', '-DCMAKE_BUILD_TYPE=Release', '--packages-select', 'lio_sam']
[0.109s] DEBUG:colcon:Parsed command line arguments: Namespace(log_base=None, log_level=None, verb_name='build', build_base='build', install_base='install', merge_install=False, symlink_install=True, test_result_base=None, continue_on_error=False, executor='parallel', parallel_workers=16, event_handlers=None, ignore_user_meta=False, metas=['./colcon.meta'], base_paths=['.'], packages_ignore=None, packages_ignore_regex=None, paths=None, packages_up_to=None, packages_up_to_regex=None, packages_above=None, packages_above_and_dependencies=None, packages_above_depth=None, packages_select_by_dep=None, packages_skip_by_dep=None, packages_skip_up_to=None, packages_select_build_failed=False, packages_skip_build_finished=False, packages_select_test_failures=False, packages_skip_test_passed=False, packages_select=['lio_sam'], packages_skip=None, packages_select_regex=None, packages_skip_regex=None, packages_start=None, packages_end=None, allow_overriding=[], cmake_args=['-DCMAKE_BUILD_TYPE=Release'], cmake_target=None, cmake_target_skip_unavailable=False, cmake_clean_cache=False, cmake_clean_first=False, cmake_force_configure=False, ament_cmake_args=None, catkin_cmake_args=None, catkin_skip_building_tests=False, mixin_files=None, mixin=None, verb_parser=<colcon_mixin.mixin.mixin_argument.MixinArgumentDecorator object at 0x7c908f2edcf0>, verb_extension=<colcon_core.verb.build.BuildVerb object at 0x7c908f2ed750>, main=<bound method BuildVerb.main of <colcon_core.verb.build.BuildVerb object at 0x7c908f2ed750>>, mixin_verb=('build',))
[0.269s] Level 1:colcon.colcon_core.package_discovery:discover_packages(colcon_meta) check parameters
[0.269s] Level 1:colcon.colcon_core.package_discovery:discover_packages(recursive) check parameters
[0.269s] Level 1:colcon.colcon_core.package_discovery:discover_packages(ignore) check parameters
[0.269s] Level 1:colcon.colcon_core.package_discovery:discover_packages(path) check parameters
[0.269s] Level 1:colcon.colcon_core.package_discovery:discover_packages(colcon_meta) discover
[0.269s] Level 1:colcon.colcon_core.package_discovery:discover_packages(recursive) discover
[0.269s] INFO:colcon.colcon_core.package_discovery:Crawling recursively for packages in '/home/fibo4/open_topic_6523_ws'
[0.269s] Level 1:colcon.colcon_core.package_identification:_identify(.) by extensions ['ignore', 'ignore_ament_install']
[0.269s] Level 1:colcon.colcon_core.package_identification:_identify(.) by extension 'ignore'
[0.269s] Level 1:colcon.colcon_core.package_identification:_identify(.) by extension 'ignore_ament_install'
[0.269s] Level 1:colcon.colcon_core.package_identification:_identify(.) by extensions ['colcon_pkg']
[0.269s] Level 1:colcon.colcon_core.package_identification:_identify(.) by extension 'colcon_pkg'
[0.269s] Level 1:colcon.colcon_core.package_identification:_identify(.) by extensions ['colcon_meta']
[0.269s] Level 1:colcon.colcon_core.package_identification:_identify(.) by extension 'colcon_meta'
[0.269s] Level 1:colcon.colcon_core.package_identification:_identify(.) by extensions ['ros']
[0.269s] Level 1:colcon.colcon_core.package_identification:_identify(.) by extension 'ros'
[0.277s] Level 1:colcon.colcon_core.package_identification:_identify(.) by extensions ['cmake', 'python']
[0.277s] Level 1:colcon.colcon_core.package_identification:_identify(.) by extension 'cmake'
[0.277s] Level 1:colcon.colcon_core.package_identification:_identify(.) by extension 'python'
[0.277s] Level 1:colcon.colcon_core.package_identification:_identify(.) by extensions ['python_setup_py']
[0.277s] Level 1:colcon.colcon_core.package_identification:_identify(.) by extension 'python_setup_py'
[0.277s] Level 1:colcon.colcon_core.package_identification:_identify(build) by extensions ['ignore', 'ignore_ament_install']
[0.278s] Level 1:colcon.colcon_core.package_identification:_identify(build) by extension 'ignore'
[0.278s] Level 1:colcon.colcon_core.package_identification:_identify(build) ignored
[0.278s] Level 1:colcon.colcon_core.package_identification:_identify(install) by extensions ['ignore', 'ignore_ament_install']
[0.278s] Level 1:colcon.colcon_core.package_identification:_identify(install) by extension 'ignore'
[0.278s] Level 1:colcon.colcon_core.package_identification:_identify(install) ignored
[0.278s] Level 1:colcon.colcon_core.package_identification:_identify(log) by extensions ['ignore', 'ignore_ament_install']
[0.278s] Level 1:colcon.colcon_core.package_identification:_identify(log) by extension 'ignore'
[0.278s] Level 1:colcon.colcon_core.package_identification:_identify(log) ignored
[0.278s] Level 1:colcon.colcon_core.package_identification:_identify(src) by extensions ['ignore', 'ignore_ament_install']
[0.278s] Level 1:colcon.colcon_core.package_identification:_identify(src) by extension 'ignore'
[0.278s] Level 1:colcon.colcon_core.package_identification:_identify(src) by extension 'ignore_ament_install'
[0.278s] Level 1:colcon.colcon_core.package_identification:_identify(src) by extensions ['colcon_pkg']
[0.278s] Level 1:colcon.colcon_core.package_identification:_identify(src) by extension 'colcon_pkg'
[0.278s] Level 1:colcon.colcon_core.package_identification:_identify(src) by extensions ['colcon_meta']
[0.278s] Level 1:colcon.colcon_core.package_identification:_identify(src) by extension 'colcon_meta'
[0.278s] Level 1:colcon.colcon_core.package_identification:_identify(src) by extensions ['ros']
[0.278s] Level 1:colcon.colcon_core.package_identification:_identify(src) by extension 'ros'
[0.278s] Level 1:colcon.colcon_core.package_identification:_identify(src) by extensions ['cmake', 'python']
[0.278s] Level 1:colcon.colcon_core.package_identification:_identify(src) by extension 'cmake'
[0.278s] Level 1:colcon.colcon_core.package_identification:_identify(src) by extension 'python'
[0.278s] Level 1:colcon.colcon_core.package_identification:_identify(src) by extensions ['python_setup_py']
[0.278s] Level 1:colcon.colcon_core.package_identification:_identify(src) by extension 'python_setup_py'
[0.278s] Level 1:colcon.colcon_core.package_identification:_identify(src/LIO-SAM) by extensions ['ignore', 'ignore_ament_install']
[0.278s] Level 1:colcon.colcon_core.package_identification:_identify(src/LIO-SAM) by extension 'ignore'
[0.278s] Level 1:colcon.colcon_core.package_identification:_identify(src/LIO-SAM) by extension 'ignore_ament_install'
[0.278s] Level 1:colcon.colcon_core.package_identification:_identify(src/LIO-SAM) by extensions ['colcon_pkg']
[0.278s] Level 1:colcon.colcon_core.package_identification:_identify(src/LIO-SAM) by extension 'colcon_pkg'
[0.278s] Level 1:colcon.colcon_core.package_identification:_identify(src/LIO-SAM) by extensions ['colcon_meta']
[0.278s] Level 1:colcon.colcon_core.package_identification:_identify(src/LIO-SAM) by extension 'colcon_meta'
[0.278s] Level 1:colcon.colcon_core.package_identification:_identify(src/LIO-SAM) by extensions ['ros']
[0.278s] Level 1:colcon.colcon_core.package_identification:_identify(src/LIO-SAM) by extension 'ros'
[0.280s] DEBUG:colcon.colcon_core.package_identification:Package 'src/LIO-SAM' with type 'ros.ament_cmake' and name 'lio_sam'
[0.280s] Level 1:colcon.colcon_core.package_identification:_identify(src/carla_mapping) by extensions ['ignore', 'ignore_ament_install']
[0.280s] Level 1:colcon.colcon_core.package_identification:_identify(src/carla_mapping) by extension 'ignore'
[0.280s] Level 1:colcon.colcon_core.package_identification:_identify(src/carla_mapping) by extension 'ignore_ament_install'
[0.280s] Level 1:colcon.colcon_core.package_identification:_identify(src/carla_mapping) by extensions ['colcon_pkg']
[0.280s] Level 1:colcon.colcon_core.package_identification:_identify(src/carla_mapping) by extension 'colcon_pkg'
[0.280s] Level 1:colcon.colcon_core.package_identification:_identify(src/carla_mapping) by extensions ['colcon_meta']
[0.280s] Level 1:colcon.colcon_core.package_identification:_identify(src/carla_mapping) by extension 'colcon_meta'
[0.280s] Level 1:colcon.colcon_core.package_identification:_identify(src/carla_mapping) by extensions ['ros']
[0.280s] Level 1:colcon.colcon_core.package_identification:_identify(src/carla_mapping) by extension 'ros'
[0.281s] DEBUG:colcon.colcon_core.package_identification:Package 'src/carla_mapping' with type 'ros.ament_cmake' and name 'carla_mapping'
[0.281s] Level 1:colcon.colcon_core.package_discovery:discover_packages(recursive) using defaults
[0.281s] Level 1:colcon.colcon_core.package_discovery:discover_packages(ignore) discover
[0.281s] Level 1:colcon.colcon_core.package_discovery:discover_packages(ignore) using defaults
[0.281s] Level 1:colcon.colcon_core.package_discovery:discover_packages(path) discover
[0.281s] Level 1:colcon.colcon_core.package_discovery:discover_packages(path) using defaults
[0.301s] INFO:colcon.colcon_core.package_selection:Skipping not selected package 'carla_mapping' in 'src/carla_mapping'
[0.301s] Level 1:colcon.colcon_core.package_discovery:discover_packages(prefix_path) check parameters
[0.301s] Level 1:colcon.colcon_core.package_discovery:discover_packages(prefix_path) discover
[0.309s] DEBUG:colcon.colcon_installed_package_information.package_discovery:Found 1 installed packages in /home/fibo4/open_topic_6523_ws/install
[0.315s] DEBUG:colcon.colcon_installed_package_information.package_discovery:Found 392 installed packages in /home/fibo4/autoware/install
[0.317s] DEBUG:colcon.colcon_installed_package_information.package_discovery:Found 19 installed packages in /home/fibo4/carla-ros-bridge/install
[0.317s] DEBUG:colcon.colcon_installed_package_information.package_discovery:Found 26 installed packages in /home/fibo4/ros2_ws/install
[0.318s] DEBUG:colcon.colcon_installed_package_information.package_discovery:Found 27 installed packages in /home/fibo4/ros2_ws/src/install
[0.319s] DEBUG:colcon.colcon_installed_package_information.package_discovery:Found 379 installed packages in /opt/ros/humble
[0.321s] Level 1:colcon.colcon_core.package_discovery:discover_packages(prefix_path) using defaults
[0.362s] Level 5:colcon.colcon_core.verb:set package 'lio_sam' build argument 'cmake_args' from command line to '['-DCMAKE_BUILD_TYPE=Release']'
[0.363s] Level 5:colcon.colcon_core.verb:set package 'lio_sam' build argument 'cmake_target' from command line to 'None'
[0.363s] Level 5:colcon.colcon_core.verb:set package 'lio_sam' build argument 'cmake_target_skip_unavailable' from command line to 'False'
[0.363s] Level 5:colcon.colcon_core.verb:set package 'lio_sam' build argument 'cmake_clean_cache' from command line to 'False'
[0.363s] Level 5:colcon.colcon_core.verb:set package 'lio_sam' build argument 'cmake_clean_first' from command line to 'False'
[0.363s] Level 5:colcon.colcon_core.verb:set package 'lio_sam' build argument 'cmake_force_configure' from command line to 'False'
[0.363s] Level 5:colcon.colcon_core.verb:set package 'lio_sam' build argument 'ament_cmake_args' from command line to 'None'
[0.363s] Level 5:colcon.colcon_core.verb:set package 'lio_sam' build argument 'catkin_cmake_args' from command line to 'None'
[0.363s] Level 5:colcon.colcon_core.verb:set package 'lio_sam' build argument 'catkin_skip_building_tests' from command line to 'False'
[0.363s] DEBUG:colcon.colcon_core.verb:Building package 'lio_sam' with the following arguments: {'ament_cmake_args': None, 'build_base': '/home/fibo4/open_topic_6523_ws/build/lio_sam', 'catkin_cmake_args': None, 'catkin_skip_building_tests': False, 'cmake_args': ['-DCMAKE_BUILD_TYPE=Release'], 'cmake_clean_cache': False, 'cmake_clean_first': False, 'cmake_force_configure': False, 'cmake_target': None, 'cmake_target_skip_unavailable': False, 'install_base': '/home/fibo4/open_topic_6523_ws/install/lio_sam', 'merge_install': False, 'path': '/home/fibo4/open_topic_6523_ws/src/LIO-SAM', 'symlink_install': True, 'test_result_base': None}
[0.363s] INFO:colcon.colcon_core.executor:Executing jobs using 'parallel' executor
[0.364s] DEBUG:colcon.colcon_parallel_executor.executor.parallel:run_until_complete
[0.364s] INFO:colcon.colcon_ros.task.ament_cmake.build:Building ROS package in '/home/fibo4/open_topic_6523_ws/src/LIO-SAM' with build type 'ament_cmake'
[0.364s] INFO:colcon.colcon_cmake.task.cmake.build:Building CMake package in '/home/fibo4/open_topic_6523_ws/src/LIO-SAM'
[0.366s] INFO:colcon.colcon_core.plugin_system:Skipping extension 'colcon_core.shell.bat': Not used on non-Windows systems
[0.366s] INFO:colcon.colcon_core.shell:Skip shell extension 'powershell' for command environment: Not usable outside of PowerShell
[0.366s] DEBUG:colcon.colcon_core.shell:Skip shell extension 'dsv' for command environment
[0.399s] DEBUG:colcon.colcon_core.event_handler.log_command:Invoking command in '/home/fibo4/open_topic_6523_ws/build/lio_sam': CMAKE_PREFIX_PATH=${CMAKE_PREFIX_PATH}:/home/fibo4/autoware/install/autoware_carla_interface:/home/fibo4/autoware/install/rqt_carla_control:/home/fibo4/autoware/install/carla_waypoint_publisher:/home/fibo4/autoware/install/carla_ackermann_control:/home/fibo4/autoware/install/carla_ros_bridge:/home/fibo4/autoware/install/carla_spawn_objects:/home/fibo4/autoware/install/carla_manual_control:/home/fibo4/autoware/install/carla_ad_agent:/home/fibo4/autoware/install/ros_compatibility:/home/fibo4/autoware/install/carla_walker_agent:/home/fibo4/autoware/install/carla_twist_to_control:/home/fibo4/autoware/install/carla_tesla_model3_description:/home/fibo4/autoware/install/carla_ros_scenario_runner:/home/fibo4/autoware/install/carla_common:/home/fibo4/autoware/install/carla_autoware_bridge:/home/fibo4/autoware/install/ad_api_visualizers:/home/fibo4/carla-ros-bridge/install/rqt_carla_control:/home/fibo4/carla-ros-bridge/install/carla_waypoint_publisher:/home/fibo4/carla-ros-bridge/install/carla_ackermann_control:/home/fibo4/carla-ros-bridge/install/carla_ros_bridge:/home/fibo4/carla-ros-bridge/install/carla_spawn_objects:/home/fibo4/carla-ros-bridge/install/carla_manual_control:/home/fibo4/carla-ros-bridge/install/carla_ad_agent:/home/fibo4/carla-ros-bridge/install/ros_compatibility:/home/fibo4/carla-ros-bridge/install/carla_walker_agent:/home/fibo4/carla-ros-bridge/install/carla_twist_to_control:/home/fibo4/carla-ros-bridge/install/carla_ros_scenario_runner:/home/fibo4/carla-ros-bridge/install/carla_common:/opt/ros/humble /usr/bin/cmake --build /home/fibo4/open_topic_6523_ws/build/lio_sam -- -j16 -l16
[44.889s] DEBUG:colcon.colcon_core.event_handler.log_command:Invoked command in '/home/fibo4/open_topic_6523_ws/build/lio_sam' returned '0': CMAKE_PREFIX_PATH=${CMAKE_PREFIX_PATH}:/home/fibo4/autoware/install/autoware_carla_interface:/home/fibo4/autoware/install/rqt_carla_control:/home/fibo4/autoware/install/carla_waypoint_publisher:/home/fibo4/autoware/install/carla_ackermann_control:/home/fibo4/autoware/install/carla_ros_bridge:/home/fibo4/autoware/install/carla_spawn_objects:/home/fibo4/autoware/install/carla_manual_control:/home/fibo4/autoware/install/carla_ad_agent:/home/fibo4/autoware/install/ros_compatibility:/home/fibo4/autoware/install/carla_walker_agent:/home/fibo4/autoware/install/carla_twist_to_control:/home/fibo4/autoware/install/carla_tesla_model3_description:/home/fibo4/autoware/install/carla_ros_scenario_runner:/home/fibo4/autoware/install/carla_common:/home/fibo4/autoware/install/carla_autoware_bridge:/home/fibo4/autoware/install/ad_api_visualizers:/home/fibo4/carla-ros-bridge/install/rqt_carla_control:/home/fibo4/carla-ros-bridge/install/carla_waypoint_publisher:/home/fibo4/carla-ros-bridge/install/carla_ackermann_control:/home/fibo4/carla-ros-bridge/install/carla_ros_bridge:/home/fibo4/carla-ros-bridge/install/carla_spawn_objects:/home/fibo4/carla-ros-bridge/install/carla_manual_control:/home/fibo4/carla-ros-bridge/install/carla_ad_agent:/home/fibo4/carla-ros-bridge/install/ros_compatibility:/home/fibo4/carla-ros-bridge/install/carla_walker_agent:/home/fibo4/carla-ros-bridge/install/carla_twist_to_control:/home/fibo4/carla-ros-bridge/install/carla_ros_scenario_runner:/home/fibo4/carla-ros-bridge/install/carla_common:/opt/ros/humble /usr/bin/cmake --build /home/fibo4/open_topic_6523_ws/build/lio_sam -- -j16 -l16
[44.913s] DEBUG:colcon.colcon_core.event_handler.log_command:Invoking command in '/home/fibo4/open_topic_6523_ws/build/lio_sam': CMAKE_PREFIX_PATH=${CMAKE_PREFIX_PATH}:/home/fibo4/autoware/install/autoware_carla_interface:/home/fibo4/autoware/install/rqt_carla_control:/home/fibo4/autoware/install/carla_waypoint_publisher:/home/fibo4/autoware/install/carla_ackermann_control:/home/fibo4/autoware/install/carla_ros_bridge:/home/fibo4/autoware/install/carla_spawn_objects:/home/fibo4/autoware/install/carla_manual_control:/home/fibo4/autoware/install/carla_ad_agent:/home/fibo4/autoware/install/ros_compatibility:/home/fibo4/autoware/install/carla_walker_agent:/home/fibo4/autoware/install/carla_twist_to_control:/home/fibo4/autoware/install/carla_tesla_model3_description:/home/fibo4/autoware/install/carla_ros_scenario_runner:/home/fibo4/autoware/install/carla_common:/home/fibo4/autoware/install/carla_autoware_bridge:/home/fibo4/autoware/install/ad_api_visualizers:/home/fibo4/carla-ros-bridge/install/rqt_carla_control:/home/fibo4/carla-ros-bridge/install/carla_waypoint_publisher:/home/fibo4/carla-ros-bridge/install/carla_ackermann_control:/home/fibo4/carla-ros-bridge/install/carla_ros_bridge:/home/fibo4/carla-ros-bridge/install/carla_spawn_objects:/home/fibo4/carla-ros-bridge/install/carla_manual_control:/home/fibo4/carla-ros-bridge/install/carla_ad_agent:/home/fibo4/carla-ros-bridge/install/ros_compatibility:/home/fibo4/carla-ros-bridge/install/carla_walker_agent:/home/fibo4/carla-ros-bridge/install/carla_twist_to_control:/home/fibo4/carla-ros-bridge/install/carla_ros_scenario_runner:/home/fibo4/carla-ros-bridge/install/carla_common:/opt/ros/humble /usr/bin/cmake --install /home/fibo4/open_topic_6523_ws/build/lio_sam
[47.341s] Level 1:colcon.colcon_core.environment:create_environment_scripts_only(lio_sam)
[47.341s] DEBUG:colcon.colcon_core.event_handler.log_command:Invoked command in '/home/fibo4/open_topic_6523_ws/build/lio_sam' returned '0': CMAKE_PREFIX_PATH=${CMAKE_PREFIX_PATH}:/home/fibo4/autoware/install/autoware_carla_interface:/home/fibo4/autoware/install/rqt_carla_control:/home/fibo4/autoware/install/carla_waypoint_publisher:/home/fibo4/autoware/install/carla_ackermann_control:/home/fibo4/autoware/install/carla_ros_bridge:/home/fibo4/autoware/install/carla_spawn_objects:/home/fibo4/autoware/install/carla_manual_control:/home/fibo4/autoware/install/carla_ad_agent:/home/fibo4/autoware/install/ros_compatibility:/home/fibo4/autoware/install/carla_walker_agent:/home/fibo4/autoware/install/carla_twist_to_control:/home/fibo4/autoware/install/carla_tesla_model3_description:/home/fibo4/autoware/install/carla_ros_scenario_runner:/home/fibo4/autoware/install/carla_common:/home/fibo4/autoware/install/carla_autoware_bridge:/home/fibo4/autoware/install/ad_api_visualizers:/home/fibo4/carla-ros-bridge/install/rqt_carla_control:/home/fibo4/carla-ros-bridge/install/carla_waypoint_publisher:/home/fibo4/carla-ros-bridge/install/carla_ackermann_control:/home/fibo4/carla-ros-bridge/install/carla_ros_bridge:/home/fibo4/carla-ros-bridge/install/carla_spawn_objects:/home/fibo4/carla-ros-bridge/install/carla_manual_control:/home/fibo4/carla-ros-bridge/install/carla_ad_agent:/home/fibo4/carla-ros-bridge/install/ros_compatibility:/home/fibo4/carla-ros-bridge/install/carla_walker_agent:/home/fibo4/carla-ros-bridge/install/carla_twist_to_control:/home/fibo4/carla-ros-bridge/install/carla_ros_scenario_runner:/home/fibo4/carla-ros-bridge/install/carla_common:/opt/ros/humble /usr/bin/cmake --install /home/fibo4/open_topic_6523_ws/build/lio_sam
[47.344s] Level 1:colcon.colcon_core.environment:checking '/home/fibo4/open_topic_6523_ws/install/lio_sam' for CMake module files
[47.344s] Level 1:colcon.colcon_core.environment:checking '/home/fibo4/open_topic_6523_ws/install/lio_sam' for CMake config files
[47.344s] Level 1:colcon.colcon_core.shell:create_environment_hook('lio_sam', 'cmake_prefix_path')
[47.345s] INFO:colcon.colcon_core.shell:Creating environment hook '/home/fibo4/open_topic_6523_ws/install/lio_sam/share/lio_sam/hook/cmake_prefix_path.ps1'
[47.345s] INFO:colcon.colcon_core.shell:Creating environment descriptor '/home/fibo4/open_topic_6523_ws/install/lio_sam/share/lio_sam/hook/cmake_prefix_path.dsv'
[47.345s] INFO:colcon.colcon_core.shell:Creating environment hook '/home/fibo4/open_topic_6523_ws/install/lio_sam/share/lio_sam/hook/cmake_prefix_path.sh'
[47.346s] Level 1:colcon.colcon_core.environment:checking '/home/fibo4/open_topic_6523_ws/install/lio_sam/lib'
[47.346s] Level 1:colcon.colcon_core.shell:create_environment_hook('lio_sam', 'ld_library_path_lib')
[47.346s] INFO:colcon.colcon_core.shell:Creating environment hook '/home/fibo4/open_topic_6523_ws/install/lio_sam/share/lio_sam/hook/ld_library_path_lib.ps1'
[47.346s] INFO:colcon.colcon_core.shell:Creating environment descriptor '/home/fibo4/open_topic_6523_ws/install/lio_sam/share/lio_sam/hook/ld_library_path_lib.dsv'
[47.346s] INFO:colcon.colcon_core.shell:Creating environment hook '/home/fibo4/open_topic_6523_ws/install/lio_sam/share/lio_sam/hook/ld_library_path_lib.sh'
[47.346s] Level 1:colcon.colcon_core.environment:checking '/home/fibo4/open_topic_6523_ws/install/lio_sam/bin'
[47.346s] Level 1:colcon.colcon_core.environment:checking '/home/fibo4/open_topic_6523_ws/install/lio_sam/lib/pkgconfig/lio_sam.pc'
[47.347s] Level 1:colcon.colcon_core.environment:checking '/home/fibo4/open_topic_6523_ws/install/lio_sam/lib/python3.10/site-packages'
[47.347s] Level 1:colcon.colcon_core.environment:checking '/home/fibo4/open_topic_6523_ws/install/lio_sam/bin'
[47.347s] INFO:colcon.colcon_core.shell:Creating package script '/home/fibo4/open_topic_6523_ws/install/lio_sam/share/lio_sam/package.ps1'
[47.347s] INFO:colcon.colcon_core.shell:Creating package descriptor '/home/fibo4/open_topic_6523_ws/install/lio_sam/share/lio_sam/package.dsv'
[47.348s] INFO:colcon.colcon_core.shell:Creating package script '/home/fibo4/open_topic_6523_ws/install/lio_sam/share/lio_sam/package.sh'
[47.348s] INFO:colcon.colcon_core.shell:Creating package script '/home/fibo4/open_topic_6523_ws/install/lio_sam/share/lio_sam/package.bash'
[47.348s] INFO:colcon.colcon_core.shell:Creating package script '/home/fibo4/open_topic_6523_ws/install/lio_sam/share/lio_sam/package.zsh'
[47.349s] Level 1:colcon.colcon_core.environment:create_file_with_runtime_dependencies(/home/fibo4/open_topic_6523_ws/install/lio_sam/share/colcon-core/packages/lio_sam)
[47.349s] Level 1:colcon.colcon_core.environment:create_environment_scripts_only(lio_sam)
[47.349s] Level 1:colcon.colcon_core.environment:checking '/home/fibo4/open_topic_6523_ws/install/lio_sam' for CMake module files
[47.350s] Level 1:colcon.colcon_core.environment:checking '/home/fibo4/open_topic_6523_ws/install/lio_sam' for CMake config files
[47.350s] Level 1:colcon.colcon_core.shell:create_environment_hook('lio_sam', 'cmake_prefix_path')
[47.350s] INFO:colcon.colcon_core.shell:Creating environment hook '/home/fibo4/open_topic_6523_ws/install/lio_sam/share/lio_sam/hook/cmake_prefix_path.ps1'
[47.350s] INFO:colcon.colcon_core.shell:Creating environment descriptor '/home/fibo4/open_topic_6523_ws/install/lio_sam/share/lio_sam/hook/cmake_prefix_path.dsv'
[47.350s] INFO:colcon.colcon_core.shell:Creating environment hook '/home/fibo4/open_topic_6523_ws/install/lio_sam/share/lio_sam/hook/cmake_prefix_path.sh'
[47.351s] Level 1:colcon.colcon_core.environment:checking '/home/fibo4/open_topic_6523_ws/install/lio_sam/lib'
[47.351s] Level 1:colcon.colcon_core.shell:create_environment_hook('lio_sam', 'ld_library_path_lib')
[47.351s] INFO:colcon.colcon_core.shell:Creating environment hook '/home/fibo4/open_topic_6523_ws/install/lio_sam/share/lio_sam/hook/ld_library_path_lib.ps1'
[47.351s] INFO:colcon.colcon_core.shell:Creating environment descriptor '/home/fibo4/open_topic_6523_ws/install/lio_sam/share/lio_sam/hook/ld_library_path_lib.dsv'
[47.351s] INFO:colcon.colcon_core.shell:Creating environment hook '/home/fibo4/open_topic_6523_ws/install/lio_sam/share/lio_sam/hook/ld_library_path_lib.sh'
[47.351s] Level 1:colcon.colcon_core.environment:checking '/home/fibo4/open_topic_6523_ws/install/lio_sam/bin'
[47.351s] Level 1:colcon.colcon_core.environment:checking '/home/fibo4/open_topic_6523_ws/install/lio_sam/lib/pkgconfig/lio_sam.pc'
[47.351s] Level 1:colcon.colcon_core.environment:checking '/home/fibo4/open_topic_6523_ws/install/lio_sam/lib/python3.10/site-packages'
[47.352s] Level 1:colcon.colcon_core.environment:checking '/home/fibo4/open_topic_6523_ws/install/lio_sam/bin'
[47.352s] INFO:colcon.colcon_core.shell:Creating package script '/home/fibo4/open_topic_6523_ws/install/lio_sam/share/lio_sam/package.ps1'
[47.352s] INFO:colcon.colcon_core.shell:Creating package descriptor '/home/fibo4/open_topic_6523_ws/install/lio_sam/share/lio_sam/package.dsv'
[47.352s] INFO:colcon.colcon_core.shell:Creating package script '/home/fibo4/open_topic_6523_ws/install/lio_sam/share/lio_sam/package.sh'
[47.352s] INFO:colcon.colcon_core.shell:Creating package script '/home/fibo4/open_topic_6523_ws/install/lio_sam/share/lio_sam/package.bash'
[47.353s] INFO:colcon.colcon_core.shell:Creating package script '/home/fibo4/open_topic_6523_ws/install/lio_sam/share/lio_sam/package.zsh'
[47.353s] Level 1:colcon.colcon_core.environment:create_file_with_runtime_dependencies(/home/fibo4/open_topic_6523_ws/install/lio_sam/share/colcon-core/packages/lio_sam)
[47.353s] DEBUG:colcon.colcon_parallel_executor.executor.parallel:closing loop
[47.353s] DEBUG:colcon.colcon_parallel_executor.executor.parallel:loop closed
[47.353s] DEBUG:colcon.colcon_parallel_executor.executor.parallel:run_until_complete finished with '0'
[47.353s] DEBUG:colcon.colcon_core.event_reactor:joining thread
[47.360s] INFO:colcon.colcon_core.plugin_system:Skipping extension 'colcon_notification.desktop_notification.terminal_notifier': Not used on non-Darwin systems
[47.360s] INFO:colcon.colcon_core.plugin_system:Skipping extension 'colcon_notification.desktop_notification.win32': Not used on non-Windows systems
[47.360s] INFO:colcon.colcon_notification.desktop_notification:Sending desktop notification using 'notify2'
[47.369s] DEBUG:colcon.colcon_core.event_reactor:joined thread
[47.369s] INFO:colcon.colcon_core.shell:Creating prefix script '/home/fibo4/open_topic_6523_ws/install/local_setup.ps1'
[47.370s] INFO:colcon.colcon_core.shell:Creating prefix util module '/home/fibo4/open_topic_6523_ws/install/_local_setup_util_ps1.py'
[47.370s] INFO:colcon.colcon_core.shell:Creating prefix chain script '/home/fibo4/open_topic_6523_ws/install/setup.ps1'
[47.378s] INFO:colcon.colcon_core.shell:Creating prefix script '/home/fibo4/open_topic_6523_ws/install/local_setup.sh'
[47.378s] INFO:colcon.colcon_core.shell:Creating prefix util module '/home/fibo4/open_topic_6523_ws/install/_local_setup_util_sh.py'
[47.379s] INFO:colcon.colcon_core.shell:Creating prefix chain script '/home/fibo4/open_topic_6523_ws/install/setup.sh'
[47.387s] INFO:colcon.colcon_core.shell:Creating prefix script '/home/fibo4/open_topic_6523_ws/install/local_setup.bash'
[47.387s] INFO:colcon.colcon_core.shell:Creating prefix chain script '/home/fibo4/open_topic_6523_ws/install/setup.bash'
[47.395s] INFO:colcon.colcon_core.shell:Creating prefix script '/home/fibo4/open_topic_6523_ws/install/local_setup.zsh'
[47.395s] INFO:colcon.colcon_core.shell:Creating prefix chain script '/home/fibo4/open_topic_6523_ws/install/setup.zsh'
