[0.037s] Invoking command in '/home/fibo4/open_topic_6523_ws/build/carla_mapping': CMAKE_PREFIX_PATH=${CMAKE_PREFIX_PATH}:/home/fibo4/autoware/install/autoware_carla_interface:/home/fibo4/autoware/install/rqt_carla_control:/home/fibo4/autoware/install/carla_waypoint_publisher:/home/fibo4/autoware/install/carla_ackermann_control:/home/fibo4/autoware/install/carla_ros_bridge:/home/fibo4/autoware/install/carla_spawn_objects:/home/fibo4/autoware/install/carla_manual_control:/home/fibo4/autoware/install/carla_ad_agent:/home/fibo4/autoware/install/ros_compatibility:/home/fibo4/autoware/install/carla_walker_agent:/home/fibo4/autoware/install/carla_twist_to_control:/home/fibo4/autoware/install/carla_tesla_model3_description:/home/fibo4/autoware/install/carla_ros_scenario_runner:/home/fibo4/autoware/install/carla_common:/home/fibo4/autoware/install/carla_autoware_bridge:/home/fibo4/autoware/install/ad_api_visualizers:/home/fibo4/carla-ros-bridge/install/rqt_carla_control:/home/fibo4/carla-ros-bridge/install/carla_waypoint_publisher:/home/fibo4/carla-ros-bridge/install/carla_ackermann_control:/home/fibo4/carla-ros-bridge/install/carla_ros_bridge:/home/fibo4/carla-ros-bridge/install/carla_spawn_objects:/home/fibo4/carla-ros-bridge/install/carla_manual_control:/home/fibo4/carla-ros-bridge/install/carla_ad_agent:/home/fibo4/carla-ros-bridge/install/ros_compatibility:/home/fibo4/carla-ros-bridge/install/carla_walker_agent:/home/fibo4/carla-ros-bridge/install/carla_twist_to_control:/home/fibo4/carla-ros-bridge/install/carla_ros_scenario_runner:/home/fibo4/carla-ros-bridge/install/carla_common:/opt/ros/humble /usr/bin/cmake /home/fibo4/open_topic_6523_ws/src/carla_mapping -DCMAKE_INSTALL_PREFIX=/home/fibo4/open_topic_6523_ws/install/carla_mapping
[0.145s] -- The C compiler identification is GNU 11.4.0
[0.223s] -- The CXX compiler identification is GNU 11.4.0
[0.238s] -- Detecting C compiler ABI info
[0.367s] -- Detecting C compiler ABI info - done
[0.371s] -- Check for working C compiler: /usr/lib/ccache/gcc - skipped
[0.371s] -- Detecting C compile features
[0.371s] -- Detecting C compile features - done
[0.373s] -- Detecting CXX compiler ABI info
[0.510s] -- Detecting CXX compiler ABI info - done
[0.515s] -- Check for working CXX compiler: /usr/lib/ccache/g++ - skipped
[0.515s] -- Detecting CXX compile features
[0.515s] -- Detecting CXX compile features - done
[0.536s] -- Found ament_cmake: 1.3.11 (/opt/ros/humble/share/ament_cmake/cmake)
[0.831s] -- Found Python3: /usr/bin/python3 (found version "3.10.12") found components: Interpreter 
[1.185s] -- Found rclcpp: 16.0.11 (/opt/ros/humble/share/rclcpp/cmake)
[1.423s] -- Found rosidl_generator_c: 3.1.6 (/opt/ros/humble/share/rosidl_generator_c/cmake)
[1.463s] -- Found rosidl_adapter: 3.1.6 (/opt/ros/humble/share/rosidl_adapter/cmake)
[1.505s] -- Found rosidl_generator_cpp: 3.1.6 (/opt/ros/humble/share/rosidl_generator_cpp/cmake)
[1.579s] -- Using all available rosidl_typesupport_c: rosidl_typesupport_fastrtps_c;rosidl_typesupport_introspection_c
[1.676s] -- Using all available rosidl_typesupport_cpp: rosidl_typesupport_fastrtps_cpp;rosidl_typesupport_introspection_cpp
[1.923s] -- Found rmw_implementation_cmake: 6.1.2 (/opt/ros/humble/share/rmw_implementation_cmake/cmake)
[1.974s] -- Found rmw_cyclonedds_cpp: 1.3.4 (/opt/ros/humble/share/rmw_cyclonedds_cpp/cmake)
[2.129s] -- Using RMW implementation 'rmw_cyclonedds_cpp' as default
[2.189s] -- Looking for pthread.h
[2.318s] -- Looking for pthread.h - found
[2.318s] -- Performing Test CMAKE_HAVE_LIBC_PTHREAD
[2.445s] -- Performing Test CMAKE_HAVE_LIBC_PTHREAD - Success
[2.445s] -- Found Threads: TRUE  
[2.566s] -- Found rclpy: 3.3.15 (/opt/ros/humble/share/rclpy/cmake)
[2.798s] -- Configuring done
[2.803s] -- Generating done
[2.805s] -- Build files have been written to: /home/fibo4/open_topic_6523_ws/build/carla_mapping
[2.810s] Invoked command in '/home/fibo4/open_topic_6523_ws/build/carla_mapping' returned '0': CMAKE_PREFIX_PATH=${CMAKE_PREFIX_PATH}:/home/fibo4/autoware/install/autoware_carla_interface:/home/fibo4/autoware/install/rqt_carla_control:/home/fibo4/autoware/install/carla_waypoint_publisher:/home/fibo4/autoware/install/carla_ackermann_control:/home/fibo4/autoware/install/carla_ros_bridge:/home/fibo4/autoware/install/carla_spawn_objects:/home/fibo4/autoware/install/carla_manual_control:/home/fibo4/autoware/install/carla_ad_agent:/home/fibo4/autoware/install/ros_compatibility:/home/fibo4/autoware/install/carla_walker_agent:/home/fibo4/autoware/install/carla_twist_to_control:/home/fibo4/autoware/install/carla_tesla_model3_description:/home/fibo4/autoware/install/carla_ros_scenario_runner:/home/fibo4/autoware/install/carla_common:/home/fibo4/autoware/install/carla_autoware_bridge:/home/fibo4/autoware/install/ad_api_visualizers:/home/fibo4/carla-ros-bridge/install/rqt_carla_control:/home/fibo4/carla-ros-bridge/install/carla_waypoint_publisher:/home/fibo4/carla-ros-bridge/install/carla_ackermann_control:/home/fibo4/carla-ros-bridge/install/carla_ros_bridge:/home/fibo4/carla-ros-bridge/install/carla_spawn_objects:/home/fibo4/carla-ros-bridge/install/carla_manual_control:/home/fibo4/carla-ros-bridge/install/carla_ad_agent:/home/fibo4/carla-ros-bridge/install/ros_compatibility:/home/fibo4/carla-ros-bridge/install/carla_walker_agent:/home/fibo4/carla-ros-bridge/install/carla_twist_to_control:/home/fibo4/carla-ros-bridge/install/carla_ros_scenario_runner:/home/fibo4/carla-ros-bridge/install/carla_common:/opt/ros/humble /usr/bin/cmake /home/fibo4/open_topic_6523_ws/src/carla_mapping -DCMAKE_INSTALL_PREFIX=/home/fibo4/open_topic_6523_ws/install/carla_mapping
[2.812s] Invoking command in '/home/fibo4/open_topic_6523_ws/build/carla_mapping': CMAKE_PREFIX_PATH=${CMAKE_PREFIX_PATH}:/home/fibo4/autoware/install/autoware_carla_interface:/home/fibo4/autoware/install/rqt_carla_control:/home/fibo4/autoware/install/carla_waypoint_publisher:/home/fibo4/autoware/install/carla_ackermann_control:/home/fibo4/autoware/install/carla_ros_bridge:/home/fibo4/autoware/install/carla_spawn_objects:/home/fibo4/autoware/install/carla_manual_control:/home/fibo4/autoware/install/carla_ad_agent:/home/fibo4/autoware/install/ros_compatibility:/home/fibo4/autoware/install/carla_walker_agent:/home/fibo4/autoware/install/carla_twist_to_control:/home/fibo4/autoware/install/carla_tesla_model3_description:/home/fibo4/autoware/install/carla_ros_scenario_runner:/home/fibo4/autoware/install/carla_common:/home/fibo4/autoware/install/carla_autoware_bridge:/home/fibo4/autoware/install/ad_api_visualizers:/home/fibo4/carla-ros-bridge/install/rqt_carla_control:/home/fibo4/carla-ros-bridge/install/carla_waypoint_publisher:/home/fibo4/carla-ros-bridge/install/carla_ackermann_control:/home/fibo4/carla-ros-bridge/install/carla_ros_bridge:/home/fibo4/carla-ros-bridge/install/carla_spawn_objects:/home/fibo4/carla-ros-bridge/install/carla_manual_control:/home/fibo4/carla-ros-bridge/install/carla_ad_agent:/home/fibo4/carla-ros-bridge/install/ros_compatibility:/home/fibo4/carla-ros-bridge/install/carla_walker_agent:/home/fibo4/carla-ros-bridge/install/carla_twist_to_control:/home/fibo4/carla-ros-bridge/install/carla_ros_scenario_runner:/home/fibo4/carla-ros-bridge/install/carla_common:/opt/ros/humble /usr/bin/cmake --build /home/fibo4/open_topic_6523_ws/build/carla_mapping -- -j16 -l16
[2.956s] [ 50%] [32mBuilding CXX object CMakeFiles/cpp_node_test.dir/src/cpp_node.cpp.o[0m
[2.979s] [ 50%] Built target ament_cmake_python_copy_carla_mapping
[2.990s] [100%] [32m[1mLinking CXX executable cpp_node_test[0m
[3.102s] [100%] Built target cpp_node_test
[3.277s] running egg_info
[3.278s] creating carla_mapping.egg-info
[3.278s] writing carla_mapping.egg-info/PKG-INFO
[3.278s] writing dependency_links to carla_mapping.egg-info/dependency_links.txt
[3.278s] writing top-level names to carla_mapping.egg-info/top_level.txt
[3.278s] writing manifest file 'carla_mapping.egg-info/SOURCES.txt'
[3.280s] reading manifest file 'carla_mapping.egg-info/SOURCES.txt'
[3.280s] writing manifest file 'carla_mapping.egg-info/SOURCES.txt'
[3.316s] [100%] Built target ament_cmake_python_build_carla_mapping_egg
[3.340s] Invoked command in '/home/fibo4/open_topic_6523_ws/build/carla_mapping' returned '0': CMAKE_PREFIX_PATH=${CMAKE_PREFIX_PATH}:/home/fibo4/autoware/install/autoware_carla_interface:/home/fibo4/autoware/install/rqt_carla_control:/home/fibo4/autoware/install/carla_waypoint_publisher:/home/fibo4/autoware/install/carla_ackermann_control:/home/fibo4/autoware/install/carla_ros_bridge:/home/fibo4/autoware/install/carla_spawn_objects:/home/fibo4/autoware/install/carla_manual_control:/home/fibo4/autoware/install/carla_ad_agent:/home/fibo4/autoware/install/ros_compatibility:/home/fibo4/autoware/install/carla_walker_agent:/home/fibo4/autoware/install/carla_twist_to_control:/home/fibo4/autoware/install/carla_tesla_model3_description:/home/fibo4/autoware/install/carla_ros_scenario_runner:/home/fibo4/autoware/install/carla_common:/home/fibo4/autoware/install/carla_autoware_bridge:/home/fibo4/autoware/install/ad_api_visualizers:/home/fibo4/carla-ros-bridge/install/rqt_carla_control:/home/fibo4/carla-ros-bridge/install/carla_waypoint_publisher:/home/fibo4/carla-ros-bridge/install/carla_ackermann_control:/home/fibo4/carla-ros-bridge/install/carla_ros_bridge:/home/fibo4/carla-ros-bridge/install/carla_spawn_objects:/home/fibo4/carla-ros-bridge/install/carla_manual_control:/home/fibo4/carla-ros-bridge/install/carla_ad_agent:/home/fibo4/carla-ros-bridge/install/ros_compatibility:/home/fibo4/carla-ros-bridge/install/carla_walker_agent:/home/fibo4/carla-ros-bridge/install/carla_twist_to_control:/home/fibo4/carla-ros-bridge/install/carla_ros_scenario_runner:/home/fibo4/carla-ros-bridge/install/carla_common:/opt/ros/humble /usr/bin/cmake --build /home/fibo4/open_topic_6523_ws/build/carla_mapping -- -j16 -l16
[3.362s] Invoking command in '/home/fibo4/open_topic_6523_ws/build/carla_mapping': CMAKE_PREFIX_PATH=${CMAKE_PREFIX_PATH}:/home/fibo4/autoware/install/autoware_carla_interface:/home/fibo4/autoware/install/rqt_carla_control:/home/fibo4/autoware/install/carla_waypoint_publisher:/home/fibo4/autoware/install/carla_ackermann_control:/home/fibo4/autoware/install/carla_ros_bridge:/home/fibo4/autoware/install/carla_spawn_objects:/home/fibo4/autoware/install/carla_manual_control:/home/fibo4/autoware/install/carla_ad_agent:/home/fibo4/autoware/install/ros_compatibility:/home/fibo4/autoware/install/carla_walker_agent:/home/fibo4/autoware/install/carla_twist_to_control:/home/fibo4/autoware/install/carla_tesla_model3_description:/home/fibo4/autoware/install/carla_ros_scenario_runner:/home/fibo4/autoware/install/carla_common:/home/fibo4/autoware/install/carla_autoware_bridge:/home/fibo4/autoware/install/ad_api_visualizers:/home/fibo4/carla-ros-bridge/install/rqt_carla_control:/home/fibo4/carla-ros-bridge/install/carla_waypoint_publisher:/home/fibo4/carla-ros-bridge/install/carla_ackermann_control:/home/fibo4/carla-ros-bridge/install/carla_ros_bridge:/home/fibo4/carla-ros-bridge/install/carla_spawn_objects:/home/fibo4/carla-ros-bridge/install/carla_manual_control:/home/fibo4/carla-ros-bridge/install/carla_ad_agent:/home/fibo4/carla-ros-bridge/install/ros_compatibility:/home/fibo4/carla-ros-bridge/install/carla_walker_agent:/home/fibo4/carla-ros-bridge/install/carla_twist_to_control:/home/fibo4/carla-ros-bridge/install/carla_ros_scenario_runner:/home/fibo4/carla-ros-bridge/install/carla_common:/opt/ros/humble /usr/bin/cmake --install /home/fibo4/open_topic_6523_ws/build/carla_mapping
[3.382s] -- Install configuration: ""
[3.382s] -- Installing: /home/fibo4/open_topic_6523_ws/install/carla_mapping/share/carla_mapping/environment/pythonpath.sh
[3.383s] -- Installing: /home/fibo4/open_topic_6523_ws/install/carla_mapping/share/carla_mapping/environment/pythonpath.dsv
[3.383s] -- Up-to-date: /home/fibo4/open_topic_6523_ws/install/carla_mapping/local/lib/python3.10/dist-packages/carla_mapping-0.0.0-py3.10.egg-info
[3.384s] -- Installing: /home/fibo4/open_topic_6523_ws/install/carla_mapping/local/lib/python3.10/dist-packages/carla_mapping-0.0.0-py3.10.egg-info/SOURCES.txt
[3.384s] -- Installing: /home/fibo4/open_topic_6523_ws/install/carla_mapping/local/lib/python3.10/dist-packages/carla_mapping-0.0.0-py3.10.egg-info/dependency_links.txt
[3.384s] -- Installing: /home/fibo4/open_topic_6523_ws/install/carla_mapping/local/lib/python3.10/dist-packages/carla_mapping-0.0.0-py3.10.egg-info/top_level.txt
[3.384s] -- Installing: /home/fibo4/open_topic_6523_ws/install/carla_mapping/local/lib/python3.10/dist-packages/carla_mapping-0.0.0-py3.10.egg-info/PKG-INFO
[3.384s] -- Up-to-date: /home/fibo4/open_topic_6523_ws/install/carla_mapping/local/lib/python3.10/dist-packages/carla_mapping
[3.384s] -- Up-to-date: /home/fibo4/open_topic_6523_ws/install/carla_mapping/local/lib/python3.10/dist-packages/carla_mapping/dummy_module.py
[3.384s] -- Up-to-date: /home/fibo4/open_topic_6523_ws/install/carla_mapping/local/lib/python3.10/dist-packages/carla_mapping/__init__.py
[3.448s] Listing '/home/fibo4/open_topic_6523_ws/install/carla_mapping/local/lib/python3.10/dist-packages/carla_mapping'...
[3.451s] -- Up-to-date: /home/fibo4/open_topic_6523_ws/install/carla_mapping/lib/carla_mapping/dummy_script.py
[3.451s] -- Up-to-date: /home/fibo4/open_topic_6523_ws/install/carla_mapping/lib/carla_mapping/increase_pub_rate.py
[3.451s] -- Installing: /home/fibo4/open_topic_6523_ws/install/carla_mapping/lib/carla_mapping/cpp_node_test
[3.451s] -- Set runtime path of "/home/fibo4/open_topic_6523_ws/install/carla_mapping/lib/carla_mapping/cpp_node_test" to ""
[3.452s] -- Up-to-date: /home/fibo4/open_topic_6523_ws/install/carla_mapping/share/carla_mapping/launch
[3.452s] -- Up-to-date: /home/fibo4/open_topic_6523_ws/install/carla_mapping/share/carla_mapping/launch/lio_sam.launch.py
[3.452s] -- Up-to-date: /home/fibo4/open_topic_6523_ws/install/carla_mapping/share/carla_mapping/config
[3.452s] -- Up-to-date: /home/fibo4/open_topic_6523_ws/install/carla_mapping/share/carla_mapping/config/robot.urdf.xacro
[3.452s] -- Up-to-date: /home/fibo4/open_topic_6523_ws/install/carla_mapping/share/carla_mapping/config/rviz2.rviz
[3.452s] -- Up-to-date: /home/fibo4/open_topic_6523_ws/install/carla_mapping/share/carla_mapping/config/params.yaml
[3.453s] -- Installing: /home/fibo4/open_topic_6523_ws/install/carla_mapping/share/ament_index/resource_index/package_run_dependencies/carla_mapping
[3.453s] -- Installing: /home/fibo4/open_topic_6523_ws/install/carla_mapping/share/ament_index/resource_index/parent_prefix_path/carla_mapping
[3.453s] -- Up-to-date: /home/fibo4/open_topic_6523_ws/install/carla_mapping/share/carla_mapping/environment/ament_prefix_path.sh
[3.453s] -- Installing: /home/fibo4/open_topic_6523_ws/install/carla_mapping/share/carla_mapping/environment/ament_prefix_path.dsv
[3.453s] -- Up-to-date: /home/fibo4/open_topic_6523_ws/install/carla_mapping/share/carla_mapping/environment/path.sh
[3.453s] -- Installing: /home/fibo4/open_topic_6523_ws/install/carla_mapping/share/carla_mapping/environment/path.dsv
[3.453s] -- Installing: /home/fibo4/open_topic_6523_ws/install/carla_mapping/share/carla_mapping/local_setup.bash
[3.453s] -- Installing: /home/fibo4/open_topic_6523_ws/install/carla_mapping/share/carla_mapping/local_setup.sh
[3.453s] -- Installing: /home/fibo4/open_topic_6523_ws/install/carla_mapping/share/carla_mapping/local_setup.zsh
[3.453s] -- Installing: /home/fibo4/open_topic_6523_ws/install/carla_mapping/share/carla_mapping/local_setup.dsv
[3.453s] -- Installing: /home/fibo4/open_topic_6523_ws/install/carla_mapping/share/carla_mapping/package.dsv
[3.453s] -- Installing: /home/fibo4/open_topic_6523_ws/install/carla_mapping/share/ament_index/resource_index/packages/carla_mapping
[3.453s] -- Installing: /home/fibo4/open_topic_6523_ws/install/carla_mapping/share/carla_mapping/cmake/carla_mappingConfig.cmake
[3.453s] -- Installing: /home/fibo4/open_topic_6523_ws/install/carla_mapping/share/carla_mapping/cmake/carla_mappingConfig-version.cmake
[3.453s] -- Up-to-date: /home/fibo4/open_topic_6523_ws/install/carla_mapping/share/carla_mapping/package.xml
[3.455s] Invoked command in '/home/fibo4/open_topic_6523_ws/build/carla_mapping' returned '0': CMAKE_PREFIX_PATH=${CMAKE_PREFIX_PATH}:/home/fibo4/autoware/install/autoware_carla_interface:/home/fibo4/autoware/install/rqt_carla_control:/home/fibo4/autoware/install/carla_waypoint_publisher:/home/fibo4/autoware/install/carla_ackermann_control:/home/fibo4/autoware/install/carla_ros_bridge:/home/fibo4/autoware/install/carla_spawn_objects:/home/fibo4/autoware/install/carla_manual_control:/home/fibo4/autoware/install/carla_ad_agent:/home/fibo4/autoware/install/ros_compatibility:/home/fibo4/autoware/install/carla_walker_agent:/home/fibo4/autoware/install/carla_twist_to_control:/home/fibo4/autoware/install/carla_tesla_model3_description:/home/fibo4/autoware/install/carla_ros_scenario_runner:/home/fibo4/autoware/install/carla_common:/home/fibo4/autoware/install/carla_autoware_bridge:/home/fibo4/autoware/install/ad_api_visualizers:/home/fibo4/carla-ros-bridge/install/rqt_carla_control:/home/fibo4/carla-ros-bridge/install/carla_waypoint_publisher:/home/fibo4/carla-ros-bridge/install/carla_ackermann_control:/home/fibo4/carla-ros-bridge/install/carla_ros_bridge:/home/fibo4/carla-ros-bridge/install/carla_spawn_objects:/home/fibo4/carla-ros-bridge/install/carla_manual_control:/home/fibo4/carla-ros-bridge/install/carla_ad_agent:/home/fibo4/carla-ros-bridge/install/ros_compatibility:/home/fibo4/carla-ros-bridge/install/carla_walker_agent:/home/fibo4/carla-ros-bridge/install/carla_twist_to_control:/home/fibo4/carla-ros-bridge/install/carla_ros_scenario_runner:/home/fibo4/carla-ros-bridge/install/carla_common:/opt/ros/humble /usr/bin/cmake --install /home/fibo4/open_topic_6523_ws/build/carla_mapping
